"../../../Engine/Content/Functions/Engine_MaterialFunctions01/Shading/PowerToRoughness.uasset" 0
"../../../Engine/Content/Functions/Engine_MaterialFunctions01/Shading/PowerToRoughness.uexp" 1
"../../../Engine/Content/Functions/Engine_MaterialFunctions01/Shading/ConvertFromDiffSpec.uasset" 2
"../../../Engine/Content/Functions/Engine_MaterialFunctions01/Shading/ConvertFromDiffSpec.uexp" 3
"../../../Engine/Content/EngineSounds/Master.uasset" 4
"../../../Engine/Content/EngineSounds/Master.uexp" 5
"../../../Engine/Content/EngineSky/VolumetricClouds/CloudWeatherTexture.uasset" 6
"../../../Engine/Content/EngineSky/VolumetricClouds/CloudWeatherTexture.uexp" 7
"../../../Engine/Content/Functions/Engine_MaterialFunctions02/Utility/MakeFloat2.uasset" 8
"../../../Engine/Content/Functions/Engine_MaterialFunctions02/Utility/MakeFloat2.uexp" 9
"../../../Engine/Content/EngineSky/VolumetricClouds/CloudGradientTexture.uasset" 10
"../../../Engine/Content/EngineSky/VolumetricClouds/CloudGradientTexture.uexp" 11
"../../../Engine/Content/EngineSky/VolumetricClouds/T_NoiseShape64.ubulk" 12
"../../../Engine/Content/EngineSky/VolumetricClouds/T_NoiseShape64.uasset" 13
"../../../Engine/Content/EngineSky/VolumetricClouds/T_NoiseShape64.uexp" 14
"../../../Engine/Content/EngineSky/VolumetricClouds/T_VolumeNoiseShape64.uasset" 15
"../../../Engine/Content/EngineSky/VolumetricClouds/T_VolumeNoiseShape64.uexp" 16
"../../../Engine/Content/EngineSky/VolumetricClouds/T_NoiseErosion.ubulk" 17
"../../../Engine/Content/EngineSky/VolumetricClouds/T_NoiseErosion.uasset" 18
"../../../Engine/Content/EngineSky/VolumetricClouds/T_NoiseErosion.uexp" 19
"../../../Engine/Content/EngineSky/VolumetricClouds/T_VolumeNoiseErosion32.uasset" 20
"../../../Engine/Content/EngineSky/VolumetricClouds/T_VolumeNoiseErosion32.uexp" 21
"../../../Engine/Content/EngineSky/VolumetricClouds/m_SimpleVolumetricCloud.uasset" 22
"../../../Engine/Content/EngineSky/VolumetricClouds/m_SimpleVolumetricCloud.uexp" 23
"../../../Engine/Content/EngineSky/VolumetricClouds/m_SimpleVolumetricCloud_Inst.uasset" 24
"../../../Engine/Content/EngineSky/VolumetricClouds/m_SimpleVolumetricCloud_Inst.uexp" 25
"../../../Engine/Content/EngineResources/GradientTexture0.uasset" 26
"../../../Engine/Content/EngineResources/GradientTexture0.uexp" 27
"../../../Engine/Content/EngineResources/DefaultVolumeTexture2D.uasset" 28
"../../../Engine/Content/EngineResources/DefaultVolumeTexture2D.uexp" 29
"../../../Engine/Content/EngineResources/DefaultVolumeTexture.uasset" 30
"../../../Engine/Content/EngineResources/DefaultVolumeTexture.uexp" 31
"../../../Engine/Content/EngineResources/DefaultTextureCube.uasset" 32
"../../../Engine/Content/EngineResources/DefaultTextureCube.uexp" 33
"../../../Engine/Content/EngineResources/DefaultTexture.ubulk" 34
"../../../Engine/Content/EngineResources/DefaultTexture.uasset" 35
"../../../Engine/Content/EngineResources/DefaultTexture.uexp" 36
"../../../Engine/Content/EngineResources/FilmGrains/Marcie_Grain_v3_128_M2_000.uasset" 37
"../../../Engine/Content/EngineResources/FilmGrains/Marcie_Grain_v3_128_M2_000.uexp" 38
"../../../Engine/Content/EngineMeshes/Sphere.uasset" 39
"../../../Engine/Content/EngineMeshes/Sphere.uexp" 40
"../../../Engine/Content/EngineResources/WhiteSquareTexture.uasset" 41
"../../../Engine/Content/EngineResources/WhiteSquareTexture.uexp" 42
"../../../Engine/Content/EngineMaterials/Widget3DPassThrough.uasset" 43
"../../../Engine/Content/EngineMaterials/Widget3DPassThrough.uexp" 44
"../../../Engine/Content/EngineMaterials/Widget3DPassThrough_Translucent.uasset" 45
"../../../Engine/Content/EngineMaterials/Widget3DPassThrough_Translucent.uexp" 46
"../../../Engine/Content/EngineMaterials/Widget3DPassThrough_Translucent_OneSided.uasset" 47
"../../../Engine/Content/EngineMaterials/Widget3DPassThrough_Translucent_OneSided.uexp" 48
"../../../Engine/Content/EngineMaterials/Widget3DPassThrough_Opaque.uasset" 49
"../../../Engine/Content/EngineMaterials/Widget3DPassThrough_Opaque.uexp" 50
"../../../Engine/Content/EngineMaterials/Widget3DPassThrough_Opaque_OneSided.uasset" 51
"../../../Engine/Content/EngineMaterials/Widget3DPassThrough_Opaque_OneSided.uexp" 52
"../../../Engine/Content/EngineMaterials/Widget3DPassThrough_Masked_OneSided.uasset" 53
"../../../Engine/Content/EngineMaterials/Widget3DPassThrough_Masked_OneSided.uexp" 54
"../../../Engine/Content/EngineMaterials/Widget3DPassThrough_Masked.uasset" 55
"../../../Engine/Content/EngineMaterials/Widget3DPassThrough_Masked.uexp" 56
"../../../Engine/Content/EngineMaterials/WeightMapPlaceholderTexture.uasset" 57
"../../../Engine/Content/EngineMaterials/WeightMapPlaceholderTexture.uexp" 58
"../../../Engine/Content/EngineMaterials/RemoveSurfaceMaterial.uasset" 59
"../../../Engine/Content/EngineMaterials/RemoveSurfaceMaterial.uexp" 60
"../../../Engine/Content/EngineMaterials/PreintegratedSkinBRDF.uasset" 61
"../../../Engine/Content/EngineMaterials/PreintegratedSkinBRDF.uexp" 62
"../../../Engine/Content/Functions/Engine_MaterialFunctions02/WorldPositionOffset/CameraOffset.uasset" 63
"../../../Engine/Content/Functions/Engine_MaterialFunctions02/WorldPositionOffset/CameraOffset.uexp" 64
"../../../Engine/Content/EngineMaterials/PhAT_JointLimitMaterial.uasset" 65
"../../../Engine/Content/EngineMaterials/PhAT_JointLimitMaterial.uexp" 66
"../../../Engine/Content/EngineMaterials/InvalidLightmapSettings.ubulk" 67
"../../../Engine/Content/EngineMaterials/InvalidLightmapSettings.uasset" 68
"../../../Engine/Content/EngineMaterials/InvalidLightmapSettings.uexp" 69
"../../../Engine/Content/EngineMaterials/M_InvalidLightmapSettings.uasset" 70
"../../../Engine/Content/EngineMaterials/M_InvalidLightmapSettings.uexp" 71
"../../../Engine/Content/EngineMaterials/MiniFont.uasset" 72
"../../../Engine/Content/EngineMaterials/MiniFont.uexp" 73
"../../../Engine/Content/EngineMaterials/GizmoMaterial.uasset" 74
"../../../Engine/Content/EngineMaterials/GizmoMaterial.uexp" 75
"../../../Engine/Content/EngineMaterials/BaseFlattenEmissiveMap_VT.uasset" 76
"../../../Engine/Content/EngineMaterials/BaseFlattenEmissiveMap_VT.uexp" 77
"../../../Engine/Content/EngineMaterials/BaseFlattenGrayscaleMap_VT.uasset" 78
"../../../Engine/Content/EngineMaterials/BaseFlattenGrayscaleMap_VT.uexp" 79
"../../../Engine/Content/EngineMaterials/BaseFlattenLinearColor_VT.uasset" 80
"../../../Engine/Content/EngineMaterials/BaseFlattenLinearColor_VT.uexp" 81
"../../../Engine/Content/EngineMaterials/Black_1x1_EXR_Texture_VT.uasset" 82
"../../../Engine/Content/EngineMaterials/Black_1x1_EXR_Texture_VT.uexp" 83
"../../../Engine/Content/EngineMaterials/BaseFlattenDiffuseMap_VT.uasset" 84
"../../../Engine/Content/EngineMaterials/BaseFlattenDiffuseMap_VT.uexp" 85
"../../../Engine/Content/EngineMaterials/BaseFlattenNormalMap_VT.uasset" 86
"../../../Engine/Content/EngineMaterials/BaseFlattenNormalMap_VT.uexp" 87
"../../../Engine/Content/EngineMaterials/FlattenMaterial_WS_Normal_VT.uasset" 88
"../../../Engine/Content/EngineMaterials/FlattenMaterial_WS_Normal_VT.uexp" 89
"../../../Engine/Content/EngineMaterials/FlattenMaterial_VT.uasset" 90
"../../../Engine/Content/EngineMaterials/FlattenMaterial_VT.uexp" 91
"../../../Engine/Content/EngineMaterials/BaseFlattenNormalMap.uasset" 92
"../../../Engine/Content/EngineMaterials/BaseFlattenNormalMap.uexp" 93
"../../../Engine/Content/EngineMaterials/BaseFlattenGrayscaleMap.uasset" 94
"../../../Engine/Content/EngineMaterials/BaseFlattenGrayscaleMap.uexp" 95
"../../../Engine/Content/EngineMaterials/BaseFlattenDiffuseMap.uasset" 96
"../../../Engine/Content/EngineMaterials/BaseFlattenDiffuseMap.uexp" 97
"../../../Engine/Content/Functions/Engine_MaterialFunctions02/PivotPainter2/Black_1x1_EXR_Texture.uasset" 98
"../../../Engine/Content/Functions/Engine_MaterialFunctions02/PivotPainter2/Black_1x1_EXR_Texture.uexp" 99
"../../../Engine/Content/EngineMaterials/BaseFlattenEmissiveMap.uasset" 100
"../../../Engine/Content/EngineMaterials/BaseFlattenEmissiveMap.uexp" 101
"../../../Engine/Content/EngineMaterials/BaseFlattenLinearColor.uasset" 102
"../../../Engine/Content/EngineMaterials/BaseFlattenLinearColor.uexp" 103
"../../../Engine/Content/EngineMaterials/FlattenMaterial.uasset" 104
"../../../Engine/Content/EngineMaterials/FlattenMaterial.uexp" 105
"../../../Engine/Content/EngineMaterials/DefaultWhiteGrid_Low.uasset" 106
"../../../Engine/Content/EngineMaterials/DefaultWhiteGrid_Low.uexp" 107
"../../../Engine/Content/EngineMaterials/EmissiveMeshMaterial.uasset" 108
"../../../Engine/Content/EngineMaterials/EmissiveMeshMaterial.uexp" 109
"../../../Engine/Content/EngineMaterials/DefaultWhiteGrid.ubulk" 110
"../../../Engine/Content/EngineMaterials/DefaultWhiteGrid.uasset" 111
"../../../Engine/Content/EngineMaterials/DefaultWhiteGrid.uexp" 112
"../../../Engine/Content/EngineFonts/RobotoDistanceField.uasset" 113
"../../../Engine/Content/EngineFonts/RobotoDistanceField.uexp" 114
"../../../Engine/Content/EngineMaterials/DefaultTextMaterialOpaque.uasset" 115
"../../../Engine/Content/EngineMaterials/DefaultTextMaterialOpaque.uexp" 116
"../../../Engine/Content/EngineMaterials/DefaultDiffuse.ubulk" 117
"../../../Engine/Content/EngineMaterials/DefaultDiffuse.uasset" 118
"../../../Engine/Content/EngineMaterials/DefaultDiffuse.uexp" 119
"../../../Engine/Content/Functions/Engine_MaterialFunctions02/Utility/BreakOutFloat2Components.uasset" 120
"../../../Engine/Content/Functions/Engine_MaterialFunctions02/Utility/BreakOutFloat2Components.uexp" 121
"../../../Engine/Content/EngineMaterials/DefaultPostProcessMaterial.uasset" 122
"../../../Engine/Content/EngineMaterials/DefaultPostProcessMaterial.uexp" 123
"../../../Engine/Content/EngineMaterials/DefaultPhysicalMaterial.uasset" 124
"../../../Engine/Content/EngineMaterials/DefaultPhysicalMaterial.uexp" 125
"../../../Engine/Content/EngineMaterials/DefaultLightFunctionMaterial.uasset" 126
"../../../Engine/Content/EngineMaterials/DefaultLightFunctionMaterial.uexp" 127
"../../../Engine/Content/EngineMaterials/DefaultDestructiblePhysicalMaterial.uasset" 128
"../../../Engine/Content/EngineMaterials/DefaultDestructiblePhysicalMaterial.uexp" 129
"../../../Engine/Content/EngineMaterials/DefaultDeferredDecalMaterial.uasset" 130
"../../../Engine/Content/EngineMaterials/DefaultDeferredDecalMaterial.uexp" 131
"../../../Engine/Content/EngineMaterials/DefaultBokeh.uasset" 132
"../../../Engine/Content/EngineMaterials/DefaultBokeh.uexp" 133
"../../../Engine/Content/EngineMaterials/DefaultBloomKernel.uasset" 134
"../../../Engine/Content/EngineMaterials/DefaultBloomKernel.uexp" 135
"../../../Engine/Content/EngineMaterials/BlueNoise.uasset" 136
"../../../Engine/Content/EngineMaterials/BlueNoise.uexp" 137
"../../../Engine/Content/EngineFonts/Faces/RobotoLight.uexp" 138
"../../../Engine/Content/EngineFonts/Faces/RobotoLight.uasset" 139
"../../../Engine/Content/EngineFonts/Faces/RobotoLight.ufont" 140
"../../../Engine/Content/EngineFonts/Faces/RobotoBold.uexp" 141
"../../../Engine/Content/EngineFonts/Faces/RobotoBold.uasset" 142
"../../../Engine/Content/EngineFonts/Faces/RobotoBold.ufont" 143
"../../../Engine/Content/EngineFonts/Faces/RobotoRegular.uexp" 144
"../../../Engine/Content/EngineFonts/Faces/RobotoRegular.uasset" 145
"../../../Engine/Content/EngineFonts/Faces/RobotoRegular.ufont" 146
"../../../Engine/Content/EngineFonts/Faces/DroidSansFallback.uexp" 147
"../../../Engine/Content/EngineFonts/Faces/DroidSansFallback.uasset" 148
"../../../Engine/Content/EngineFonts/Faces/DroidSansFallback.ufont" 149
"../../../Engine/Content/EngineFonts/Faces/RobotoItalic.uexp" 150
"../../../Engine/Content/EngineFonts/Faces/RobotoItalic.uasset" 151
"../../../Engine/Content/EngineFonts/Faces/RobotoItalic.ufont" 152
"../../../Engine/Content/EngineFonts/Faces/RobotoBoldItalic.uexp" 153
"../../../Engine/Content/EngineFonts/Faces/RobotoBoldItalic.uasset" 154
"../../../Engine/Content/EngineFonts/Faces/RobotoBoldItalic.ufont" 155
"../../../Engine/Content/EngineFonts/Roboto.uasset" 156
"../../../Engine/Content/EngineFonts/Roboto.uexp" 157
"../../../Engine/Content/Functions/Engine_MaterialFunctions02/Utility/CameraDirectionVector.uasset" 158
"../../../Engine/Content/Functions/Engine_MaterialFunctions02/Utility/CameraDirectionVector.uexp" 159
"../../../Engine/Content/EngineDebugMaterials/VolumeToRender.uasset" 160
"../../../Engine/Content/EngineDebugMaterials/VolumeToRender.uexp" 161
"../../../Engine/Content/EngineDebugMaterials/M_VolumeRenderSphereTracePP.uasset" 162
"../../../Engine/Content/EngineDebugMaterials/M_VolumeRenderSphereTracePP.uexp" 163
"../../../Engine/Content/EngineDebugMaterials/M_SimpleUnlitTranslucent.uasset" 164
"../../../Engine/Content/EngineDebugMaterials/M_SimpleUnlitTranslucent.uexp" 165
"../../../Engine/Content/EngineDebugMaterials/DebugMeshMaterial.uasset" 166
"../../../Engine/Content/EngineDebugMaterials/DebugMeshMaterial.uexp" 167
"../../../Engine/Content/EngineDebugMaterials/DebugEditorMaterial.uasset" 168
"../../../Engine/Content/EngineDebugMaterials/DebugEditorMaterial.uexp" 169
"../../../Engine/Content/EngineDamageTypes/DmgTypeBP_Environmental.uasset" 170
"../../../Engine/Content/EngineDamageTypes/DmgTypeBP_Environmental.uexp" 171
"../../../Engine/Content/EditorResources/S_TriggerSphere.uasset" 172
"../../../Engine/Content/EditorResources/S_TriggerSphere.uexp" 173
"../../../Engine/Content/EditorResources/S_TriggerCapsule.uasset" 174
"../../../Engine/Content/EditorResources/S_TriggerCapsule.uexp" 175
"../../../Engine/Content/EditorResources/S_TriggerBox.uasset" 176
"../../../Engine/Content/EditorResources/S_TriggerBox.uexp" 177
"../../../Engine/Content/EditorResources/S_Trigger.ubulk" 178
"../../../Engine/Content/EditorResources/S_Trigger.uasset" 179
"../../../Engine/Content/EditorResources/S_Trigger.uexp" 180
"../../../Engine/Content/EditorResources/S_Terrain.ubulk" 181
"../../../Engine/Content/EditorResources/S_Terrain.uasset" 182
"../../../Engine/Content/EditorResources/S_Terrain.uexp" 183
"../../../Engine/Content/EditorResources/S_Solver.ubulk" 184
"../../../Engine/Content/EditorResources/S_Solver.uasset" 185
"../../../Engine/Content/EditorResources/S_Solver.uexp" 186
"../../../Engine/Content/EditorResources/S_BoxReflectionCapture.uasset" 187
"../../../Engine/Content/EditorResources/S_BoxReflectionCapture.uexp" 188
"../../../Engine/Content/EditorResources/S_Actor.ubulk" 189
"../../../Engine/Content/EditorResources/S_Actor.uasset" 190
"../../../Engine/Content/EditorResources/S_Actor.uexp" 191
"../../../Engine/Content/EditorResources/EmptyActor.uasset" 192
"../../../Engine/Content/EditorResources/EmptyActor.uexp" 193
"../../../Engine/Content/EditorResources/BSPVertex.uasset" 194
"../../../Engine/Content/EditorResources/BSPVertex.uexp" 195
"../../../Engine/Content/EditorResources/SequenceRecorder/RecordingIndicator.uasset" 196
"../../../Engine/Content/EditorResources/SequenceRecorder/RecordingIndicator.uexp" 197
"../../../Engine/Content/EditorResources/SequenceRecorder/Countdown.uasset" 198
"../../../Engine/Content/EditorResources/SequenceRecorder/Countdown.uexp" 199
"../../../Engine/Content/EditorMaterials/Camera/CineMat.uasset" 200
"../../../Engine/Content/EditorMaterials/Camera/CineMat.uexp" 201
"../../../Engine/Content/EditorMaterials/Camera/MI_CineMat_Rig.uasset" 202
"../../../Engine/Content/EditorMaterials/Camera/MI_CineMat_Rig.uexp" 203
"../../../Engine/Content/EditorMeshes/Camera/SM_RailRig_Track.uasset" 204
"../../../Engine/Content/EditorMeshes/Camera/SM_RailRig_Track.uexp" 205
"../../../Engine/Content/EditorMeshes/Camera/SM_RailRig_Mount.uasset" 206
"../../../Engine/Content/EditorMeshes/Camera/SM_RailRig_Mount.uexp" 207
"../../../Engine/Content/EditorMeshes/Camera/SM_CraneRig_Mount.uasset" 208
"../../../Engine/Content/EditorMeshes/Camera/SM_CraneRig_Mount.uexp" 209
"../../../Engine/Content/EditorMeshes/Camera/SM_CraneRig_Body.uasset" 210
"../../../Engine/Content/EditorMeshes/Camera/SM_CraneRig_Body.uexp" 211
"../../../Engine/Content/EditorMeshes/Camera/SM_CraneRig_Base.uasset" 212
"../../../Engine/Content/EditorMeshes/Camera/SM_CraneRig_Base.uexp" 213
"../../../Engine/Content/EditorMeshes/Camera/SM_CraneRig_Arm.uasset" 214
"../../../Engine/Content/EditorMeshes/Camera/SM_CraneRig_Arm.uexp" 215
"../../../Engine/Content/EditorMaterials/PreviewShadowIndicator.ubulk" 216
"../../../Engine/Content/EditorMaterials/PreviewShadowIndicator.uasset" 217
"../../../Engine/Content/EditorMaterials/PreviewShadowIndicator.uexp" 218
"../../../Engine/Content/EditorMaterials/PreviewShadowIndicatorMaterial.uasset" 219
"../../../Engine/Content/EditorMaterials/PreviewShadowIndicatorMaterial.uexp" 220
"../../../Engine/Content/EditorMaterials/MAT_Groups_Visibility.uasset" 221
"../../../Engine/Content/EditorMaterials/MAT_Groups_Visibility.uexp" 222
"../../../Engine/Content/EditorMaterials/MAT_Groups_Toggle.uasset" 223
"../../../Engine/Content/EditorMaterials/MAT_Groups_Toggle.uexp" 224
"../../../Engine/Content/Functions/Engine_MaterialFunctions02/Utility/MakeFloat4.uasset" 225
"../../../Engine/Content/Functions/Engine_MaterialFunctions02/Utility/MakeFloat4.uexp" 226
"../../../Engine/Content/Functions/Engine_MaterialFunctions02/Utility/MakeFloat3.uasset" 227
"../../../Engine/Content/Functions/Engine_MaterialFunctions02/Utility/MakeFloat3.uexp" 228
"../../../Engine/Content/Functions/Engine_MaterialFunctions02/Utility/BreakOutFloat3Components.uasset" 229
"../../../Engine/Content/Functions/Engine_MaterialFunctions02/Utility/BreakOutFloat3Components.uexp" 230
"../../../Engine/Content/EditorMaterials/WorldPartition/WorldPartitionSpatialHashGridPreviewMaterial.uasset" 231
"../../../Engine/Content/EditorMaterials/WorldPartition/WorldPartitionSpatialHashGridPreviewMaterial.uexp" 232
"../../../Engine/Content/EditorMaterials/ParticleSystems/PSysThumbnail_OOD.ubulk" 233
"../../../Engine/Content/EditorMaterials/ParticleSystems/PSysThumbnail_OOD.uasset" 234
"../../../Engine/Content/EditorMaterials/ParticleSystems/PSysThumbnail_OOD.uexp" 235
"../../../Engine/Content/EditorMaterials/ParticleSystems/PSysThumbnail_NoImage.ubulk" 236
"../../../Engine/Content/EditorMaterials/ParticleSystems/PSysThumbnail_NoImage.uasset" 237
"../../../Engine/Content/EditorMaterials/ParticleSystems/PSysThumbnail_NoImage.uexp" 238
"../../../Engine/Content/EditorMaterials/MatineeGroups/MAT_Groups_Vector.uasset" 239
"../../../Engine/Content/EditorMaterials/MatineeGroups/MAT_Groups_Vector.uexp" 240
"../../../Engine/Content/EditorMaterials/MatineeGroups/MAT_Groups_Sound.uasset" 241
"../../../Engine/Content/EditorMaterials/MatineeGroups/MAT_Groups_Sound.uexp" 242
"../../../Engine/Content/EditorMaterials/MatineeGroups/MAT_Groups_Slomo.uasset" 243
"../../../Engine/Content/EditorMaterials/MatineeGroups/MAT_Groups_Slomo.uexp" 244
"../../../Engine/Content/EditorMaterials/MatineeGroups/MAT_Groups_Move.uasset" 245
"../../../Engine/Content/EditorMaterials/MatineeGroups/MAT_Groups_Move.uexp" 246
"../../../Engine/Content/EditorMaterials/MatineeGroups/MAT_Groups_Float.uasset" 247
"../../../Engine/Content/EditorMaterials/MatineeGroups/MAT_Groups_Float.uexp" 248
"../../../Engine/Content/EditorMaterials/MatineeGroups/MAT_Groups_Fade.uasset" 249
"../../../Engine/Content/EditorMaterials/MatineeGroups/MAT_Groups_Fade.uexp" 250
"../../../Engine/Content/EditorMaterials/MatineeGroups/MAT_Groups_Event.uasset" 251
"../../../Engine/Content/EditorMaterials/MatineeGroups/MAT_Groups_Event.uexp" 252
"../../../Engine/Content/EditorMaterials/MatineeGroups/MAT_Groups_Director.uasset" 253
"../../../Engine/Content/EditorMaterials/MatineeGroups/MAT_Groups_Director.uexp" 254
"../../../Engine/Content/EditorMaterials/MatineeGroups/MAT_Groups_AudioMaster.uasset" 255
"../../../Engine/Content/EditorMaterials/MatineeGroups/MAT_Groups_AudioMaster.uexp" 256
"../../../Engine/Content/EditorMaterials/MatineeGroups/MAT_Groups_Anim.uasset" 257
"../../../Engine/Content/EditorMaterials/MatineeGroups/MAT_Groups_Anim.uexp" 258
"../../../Engine/Content/EditorMaterials/MatineeGroups/MAT_ColorTrack.uasset" 259
"../../../Engine/Content/EditorMaterials/MatineeGroups/MAT_ColorTrack.uexp" 260
"../../../Engine/Content/EditorLandscapeResources/DefaultAlphaTexture.uasset" 261
"../../../Engine/Content/EditorLandscapeResources/DefaultAlphaTexture.uexp" 262
"../../../Engine/Content/EditorLandscapeResources/DataLayer.uasset" 263
"../../../Engine/Content/EditorLandscapeResources/DataLayer.uexp" 264
"../../../Engine/Content/EngineMaterials/T_Default_Material_Grid_M.ubulk" 265
"../../../Engine/Content/EngineMaterials/T_Default_Material_Grid_M.uasset" 266
"../../../Engine/Content/EngineMaterials/T_Default_Material_Grid_M.uexp" 267
"../../../Engine/Content/EngineMaterials/T_Default_Material_Grid_N.ubulk" 268
"../../../Engine/Content/EngineMaterials/T_Default_Material_Grid_N.uasset" 269
"../../../Engine/Content/EngineMaterials/T_Default_Material_Grid_N.uexp" 270
"../../../Engine/Content/Functions/Engine_MaterialFunctions01/Opacity/CameraDepthFade.uasset" 271
"../../../Engine/Content/Functions/Engine_MaterialFunctions01/Opacity/CameraDepthFade.uexp" 272
"../../../Engine/Content/EngineMaterials/WorldGridMaterial.uasset" 273
"../../../Engine/Content/EngineMaterials/WorldGridMaterial.uexp" 274
"../../../Engine/Content/BasicShapes/Plane.uasset" 275
"../../../Engine/Content/BasicShapes/Plane.uexp" 276
"../../../Engine/Content/EngineMaterials/DefaultMaterial.uasset" 277
"../../../Engine/Content/EngineMaterials/DefaultMaterial.uexp" 278
"../../../Engine/Content/BasicShapes/Cone.uasset" 279
"../../../Engine/Content/BasicShapes/Cone.uexp" 280
"../../../Engine/Content/ArtTools/RenderToTexture/Meshes/S_1_Unit_Plane.uasset" 281
"../../../Engine/Content/ArtTools/RenderToTexture/Meshes/S_1_Unit_Plane.uexp" 282
"E:/Documents/VR Projects/CoralLabV1 5.0/Content/Mannequin/Character/Textures/T_Male_Mask.ubulk" 283
"E:/Documents/VR Projects/CoralLabV1 5.0/Content/Mannequin/Character/Textures/T_Male_Mask.uasset" 284
"E:/Documents/VR Projects/CoralLabV1 5.0/Content/Mannequin/Character/Textures/T_Male_Mask.uexp" 285
"../../../Engine/Content/Functions/Engine_MaterialFunctions02/Utility/BlendAngleCorrectedNormals.uasset" 286
"../../../Engine/Content/Functions/Engine_MaterialFunctions02/Utility/BlendAngleCorrectedNormals.uexp" 287
"E:/Documents/VR Projects/CoralLabV1 5.0/Content/Mannequin/Character/Materials/MaterialLayers/T_ML_Aluminum01_N.ubulk" 288
"E:/Documents/VR Projects/CoralLabV1 5.0/Content/Mannequin/Character/Materials/MaterialLayers/T_ML_Aluminum01_N.uasset" 289
"E:/Documents/VR Projects/CoralLabV1 5.0/Content/Mannequin/Character/Materials/MaterialLayers/T_ML_Aluminum01_N.uexp" 290
"../../../Engine/Content/Functions/MaterialLayerFunctions/MatLayerBlend_NormalBlend.uasset" 291
"../../../Engine/Content/Functions/MaterialLayerFunctions/MatLayerBlend_NormalBlend.uexp" 292
"E:/Documents/VR Projects/CoralLabV1 5.0/Content/Mannequin/Character/Materials/MaterialLayers/ML_Plastic_Shiny_Beige.uasset" 293
"E:/Documents/VR Projects/CoralLabV1 5.0/Content/Mannequin/Character/Materials/MaterialLayers/ML_Plastic_Shiny_Beige.uexp" 294
"E:/Documents/VR Projects/CoralLabV1 5.0/Content/Mannequin/Character/Materials/MaterialLayers/T_ML_Aluminum01.ubulk" 295
"E:/Documents/VR Projects/CoralLabV1 5.0/Content/Mannequin/Character/Materials/MaterialLayers/T_ML_Aluminum01.uasset" 296
"E:/Documents/VR Projects/CoralLabV1 5.0/Content/Mannequin/Character/Materials/MaterialLayers/T_ML_Aluminum01.uexp" 297
"E:/Documents/VR Projects/CoralLabV1 5.0/Content/Mannequin/Character/Textures/T_UE4Logo_Mask.ubulk" 298
"E:/Documents/VR Projects/CoralLabV1 5.0/Content/Mannequin/Character/Textures/T_UE4Logo_Mask.uasset" 299
"E:/Documents/VR Projects/CoralLabV1 5.0/Content/Mannequin/Character/Textures/T_UE4Logo_Mask.uexp" 300
"E:/Documents/VR Projects/CoralLabV1 5.0/Content/Mannequin/Character/Materials/MaterialLayers/ML_Plastic_Shiny_Beige_LOGO.uasset" 301
"E:/Documents/VR Projects/CoralLabV1 5.0/Content/Mannequin/Character/Materials/MaterialLayers/ML_Plastic_Shiny_Beige_LOGO.uexp" 302
"../../../Engine/Content/Functions/MaterialLayerFunctions/MatLayerBlend_Simple.uasset" 303
"../../../Engine/Content/Functions/MaterialLayerFunctions/MatLayerBlend_Simple.uexp" 304
"E:/Documents/VR Projects/CoralLabV1 5.0/Content/Mannequin/Character/Materials/MaterialLayers/T_ML_Rubber_Blue_01_N.ubulk" 305
"E:/Documents/VR Projects/CoralLabV1 5.0/Content/Mannequin/Character/Materials/MaterialLayers/T_ML_Rubber_Blue_01_N.uasset" 306
"E:/Documents/VR Projects/CoralLabV1 5.0/Content/Mannequin/Character/Materials/MaterialLayers/T_ML_Rubber_Blue_01_N.uexp" 307
"E:/Documents/VR Projects/CoralLabV1 5.0/Content/Mannequin/Character/Materials/MaterialLayers/ML_SoftMetal_UE4.uasset" 308
"E:/Documents/VR Projects/CoralLabV1 5.0/Content/Mannequin/Character/Materials/MaterialLayers/ML_SoftMetal_UE4.uexp" 309
"E:/Documents/VR Projects/CoralLabV1 5.0/Content/Mannequin/Character/Materials/MaterialLayers/T_ML_Rubber_Blue_01_D.ubulk" 310
"E:/Documents/VR Projects/CoralLabV1 5.0/Content/Mannequin/Character/Materials/MaterialLayers/T_ML_Rubber_Blue_01_D.uasset" 311
"E:/Documents/VR Projects/CoralLabV1 5.0/Content/Mannequin/Character/Materials/MaterialLayers/T_ML_Rubber_Blue_01_D.uexp" 312
"E:/Documents/VR Projects/CoralLabV1 5.0/Content/Mannequin/Character/Materials/MaterialLayers/ML_GlossyBlack_Latex_UE4.uasset" 313
"E:/Documents/VR Projects/CoralLabV1 5.0/Content/Mannequin/Character/Materials/MaterialLayers/ML_GlossyBlack_Latex_UE4.uexp" 314
"E:/Documents/VR Projects/CoralLabV1 5.0/Content/Mannequin/Character/Textures/T_Male_N.ubulk" 315
"E:/Documents/VR Projects/CoralLabV1 5.0/Content/Mannequin/Character/Textures/T_Male_N.uasset" 316
"E:/Documents/VR Projects/CoralLabV1 5.0/Content/Mannequin/Character/Textures/T_Male_N.uexp" 317
"E:/Documents/VR Projects/CoralLabV1 5.0/Content/Mannequin/Character/Materials/M_Male_Body.uasset" 318
"E:/Documents/VR Projects/CoralLabV1 5.0/Content/Mannequin/Character/Materials/M_Male_Body.uexp" 319
"E:/Documents/VR Projects/CoralLabV1 5.0/Content/Mannequin/Character/Textures/T_UE4Logo_N.ubulk" 320
"E:/Documents/VR Projects/CoralLabV1 5.0/Content/Mannequin/Character/Textures/T_UE4Logo_N.uasset" 321
"E:/Documents/VR Projects/CoralLabV1 5.0/Content/Mannequin/Character/Textures/T_UE4Logo_N.uexp" 322
"E:/Documents/VR Projects/CoralLabV1 5.0/Content/Mannequin/Character/Materials/M_UE4Man_ChestLogo.uasset" 323
"E:/Documents/VR Projects/CoralLabV1 5.0/Content/Mannequin/Character/Materials/M_UE4Man_ChestLogo.uexp" 324
"E:/Documents/VR Projects/CoralLabV1 5.0/Content/Mannequin/Character/Mesh/SK_Mannequin_Female_PhysicsAsset.uasset" 325
"E:/Documents/VR Projects/CoralLabV1 5.0/Content/Mannequin/Character/Mesh/SK_Mannequin_Female_PhysicsAsset.uexp" 326
"E:/Documents/VR Projects/CoralLabV1 5.0/Content/Mannequin/Character/Mesh/UE4_Mannequin_Skeleton.uasset" 327
"E:/Documents/VR Projects/CoralLabV1 5.0/Content/Mannequin/Character/Mesh/UE4_Mannequin_Skeleton.uexp" 328
"E:/Documents/VR Projects/CoralLabV1 5.0/Content/Mannequin/Character/Textures/T_Female_N.ubulk" 329
"E:/Documents/VR Projects/CoralLabV1 5.0/Content/Mannequin/Character/Textures/T_Female_N.uasset" 330
"E:/Documents/VR Projects/CoralLabV1 5.0/Content/Mannequin/Character/Textures/T_Female_N.uexp" 331
"E:/Documents/VR Projects/CoralLabV1 5.0/Content/Mannequin/Character/Textures/T_Female_Mask.ubulk" 332
"E:/Documents/VR Projects/CoralLabV1 5.0/Content/Mannequin/Character/Textures/T_Female_Mask.uasset" 333
"E:/Documents/VR Projects/CoralLabV1 5.0/Content/Mannequin/Character/Textures/T_Female_Mask.uexp" 334
"E:/Documents/VR Projects/CoralLabV1 5.0/Content/Mannequin/Character/Materials/MI_Female_Body.uasset" 335
"E:/Documents/VR Projects/CoralLabV1 5.0/Content/Mannequin/Character/Materials/MI_Female_Body.uexp" 336
"E:/Documents/VR Projects/CoralLabV1 5.0/Content/Mannequin/Character/Mesh/SK_Mannequin_Female.uasset" 337
"E:/Documents/VR Projects/CoralLabV1 5.0/Content/Mannequin/Character/Mesh/SK_Mannequin_Female.uexp" 338
"../../../Engine/Content/Tutorial/ContentIntroCurve.uasset" 339
"../../../Engine/Content/Tutorial/ContentIntroCurve.uexp" 340
"../../../Engine/Content/Tutorial/Foliage/TutorialAssets/Foliage.uasset" 341
"../../../Engine/Content/Tutorial/Foliage/TutorialAssets/Foliage.uexp" 342
"../../../Engine/Content/Tutorial/Landscape/TutorialAssets/Landscape.uasset" 343
"../../../Engine/Content/Tutorial/Landscape/TutorialAssets/Landscape.uexp" 344
"../../../Engine/Content/EditorBlueprintResources/StandardMacros.uasset" 345
"../../../Engine/Content/EditorBlueprintResources/StandardMacros.uexp" 346
"../../../Engine/Content/Tutorial/SubEditors/TutorialAssets/TutorialMaterial.uasset" 347
"../../../Engine/Content/Tutorial/SubEditors/TutorialAssets/TutorialMaterial.uexp" 348
"../../../Engine/Content/VREditor/TransformGizmo/Main.uasset" 349
"../../../Engine/Content/VREditor/TransformGizmo/Main.uexp" 350
"../../../Engine/Content/VREditor/TransformGizmo/Xray.uasset" 351
"../../../Engine/Content/VREditor/TransformGizmo/Xray.uexp" 352
"../../../Engine/Content/VREditor/TransformGizmo/SM_Sequencer_Node.uasset" 353
"../../../Engine/Content/VREditor/TransformGizmo/SM_Sequencer_Node.uexp" 354
"../../../Engine/Content/VREditor/LaserPointer/VR_LaserPower_01.ubulk" 355
"../../../Engine/Content/VREditor/LaserPointer/VR_LaserPower_01.uasset" 356
"../../../Engine/Content/VREditor/LaserPointer/VR_LaserPower_01.uexp" 357
"../../../Engine/Content/VREditor/TransformGizmo/TransformGizmoMaterial.uasset" 358
"../../../Engine/Content/VREditor/TransformGizmo/TransformGizmoMaterial.uexp" 359
"../../../Engine/Content/VREditor/TransformGizmo/TranslucentTransformGizmoMaterial.uasset" 360
"../../../Engine/Content/VREditor/TransformGizmo/TranslucentTransformGizmoMaterial.uexp" 361
"../../../Engine/Content/VREditor/TransformGizmo/PlaneTranslationHandle.uasset" 362
"../../../Engine/Content/VREditor/TransformGizmo/PlaneTranslationHandle.uexp" 363
"../../../Engine/Content/VREditor/TransformGizmo/BoundingBoxEdge.uasset" 364
"../../../Engine/Content/VREditor/TransformGizmo/BoundingBoxEdge.uexp" 365
"../../../Engine/Content/VREditor/TransformGizmo/BoundingBoxCorner.uasset" 366
"../../../Engine/Content/VREditor/TransformGizmo/BoundingBoxCorner.uexp" 367
"../../../Engine/Plugins/2D/Paper2D/Content/PlaceholderTextures/DummySpriteTexture.ubulk" 368
"../../../Engine/Plugins/2D/Paper2D/Content/PlaceholderTextures/DummySpriteTexture.uasset" 369
"../../../Engine/Plugins/2D/Paper2D/Content/PlaceholderTextures/DummySpriteTexture.uexp" 370
"../../../Engine/Plugins/2D/Paper2D/Content/DefaultSpriteMaterial.uasset" 371
"../../../Engine/Plugins/2D/Paper2D/Content/DefaultSpriteMaterial.uexp" 372
"../../../Engine/Plugins/2D/Paper2D/Content/OpaqueUnlitSpriteMaterial.uasset" 373
"../../../Engine/Plugins/2D/Paper2D/Content/OpaqueUnlitSpriteMaterial.uexp" 374
"../../../Engine/Plugins/2D/Paper2D/Content/MaskedUnlitSpriteMaterial.uasset" 375
"../../../Engine/Plugins/2D/Paper2D/Content/MaskedUnlitSpriteMaterial.uexp" 376
"../../../Engine/Plugins/2D/Paper2D/Content/DummySprite.uasset" 377
"../../../Engine/Plugins/2D/Paper2D/Content/DummySprite.uexp" 378
"../../../Engine/Plugins/2D/Paper2D/Content/DefaultPaperTerrainMaterial.uasset" 379
"../../../Engine/Plugins/2D/Paper2D/Content/DefaultPaperTerrainMaterial.uexp" 380
"../../../Engine/Plugins/Animation/ControlRig/Content/M_Manip.uasset" 381
"../../../Engine/Plugins/Animation/ControlRig/Content/M_Manip.uexp" 382
"../../../Engine/Plugins/Animation/ControlRig/Content/Controls/DefaultGizmoLibraryNormalized.uasset" 383
"../../../Engine/Plugins/Animation/ControlRig/Content/Controls/DefaultGizmoLibraryNormalized.uexp" 384
"../../../Engine/Plugins/Animation/ControlRig/Content/Controls/ControlRig_Wedge_solid.uasset" 385
"../../../Engine/Plugins/Animation/ControlRig/Content/Controls/ControlRig_Wedge_solid.uexp" 386
"../../../Engine/Plugins/Animation/ControlRig/Content/Controls/ControlRig_Wedge_3mm.uasset" 387
"../../../Engine/Plugins/Animation/ControlRig/Content/Controls/ControlRig_Wedge_3mm.uexp" 388
"../../../Engine/Plugins/Animation/ControlRig/Content/Controls/ControlRig_Wedge_1mm.uasset" 389
"../../../Engine/Plugins/Animation/ControlRig/Content/Controls/ControlRig_Wedge_1mm.uexp" 390
"../../../Engine/Plugins/Animation/ControlRig/Content/Controls/ControlRig_Triangle_solid.uasset" 391
"../../../Engine/Plugins/Animation/ControlRig/Content/Controls/ControlRig_Triangle_solid.uexp" 392
"../../../Engine/Plugins/Animation/ControlRig/Content/Controls/ControlRig_Triangle_3mm.uasset" 393
"../../../Engine/Plugins/Animation/ControlRig/Content/Controls/ControlRig_Triangle_3mm.uexp" 394
"../../../Engine/Plugins/Animation/ControlRig/Content/Controls/ControlRig_Triangle_1mm.uasset" 395
"../../../Engine/Plugins/Animation/ControlRig/Content/Controls/ControlRig_Triangle_1mm.uexp" 396
"../../../Engine/Plugins/Animation/ControlRig/Content/Controls/ControlRig_Star4_solid.uasset" 397
"../../../Engine/Plugins/Animation/ControlRig/Content/Controls/ControlRig_Star4_solid.uexp" 398
"../../../Engine/Plugins/Animation/ControlRig/Content/Controls/ControlRig_Star4_3mm.uasset" 399
"../../../Engine/Plugins/Animation/ControlRig/Content/Controls/ControlRig_Star4_3mm.uexp" 400
"../../../Engine/Plugins/Animation/ControlRig/Content/Controls/ControlRig_Star4_1mm.uasset" 401
"../../../Engine/Plugins/Animation/ControlRig/Content/Controls/ControlRig_Star4_1mm.uexp" 402
"../../../Engine/Plugins/Animation/ControlRig/Content/Controls/ControlRig_Square_solid.uasset" 403
"../../../Engine/Plugins/Animation/ControlRig/Content/Controls/ControlRig_Square_solid.uexp" 404
"../../../Engine/Plugins/Animation/ControlRig/Content/Controls/ControlRig_Square_3mm.uasset" 405
"../../../Engine/Plugins/Animation/ControlRig/Content/Controls/ControlRig_Square_3mm.uexp" 406
"../../../Engine/Plugins/Animation/ControlRig/Content/Controls/ControlRig_Square_1mm.uasset" 407
"../../../Engine/Plugins/Animation/ControlRig/Content/Controls/ControlRig_Square_1mm.uexp" 408
"../../../Engine/Plugins/Animation/ControlRig/Content/Controls/ControlRig_Sphere_solid.uasset" 409
"../../../Engine/Plugins/Animation/ControlRig/Content/Controls/ControlRig_Sphere_solid.uexp" 410
"../../../Engine/Plugins/Animation/ControlRig/Content/Controls/ControlRig_Sphere_3mm.uasset" 411
"../../../Engine/Plugins/Animation/ControlRig/Content/Controls/ControlRig_Sphere_3mm.uexp" 412
"../../../Engine/Plugins/Animation/ControlRig/Content/Controls/ControlRig_Sphere_1mm.uasset" 413
"../../../Engine/Plugins/Animation/ControlRig/Content/Controls/ControlRig_Sphere_1mm.uexp" 414
"../../../Engine/Plugins/Animation/ControlRig/Content/Controls/ControlRig_RoundedTriangle_solid.uasset" 415
"../../../Engine/Plugins/Animation/ControlRig/Content/Controls/ControlRig_RoundedTriangle_solid.uexp" 416
"../../../Engine/Plugins/Animation/ControlRig/Content/Controls/ControlRig_RoundedTriangle_3mm.uasset" 417
"../../../Engine/Plugins/Animation/ControlRig/Content/Controls/ControlRig_RoundedTriangle_3mm.uexp" 418
"../../../Engine/Plugins/Animation/ControlRig/Content/Controls/ControlRig_RoundedTriangle_1mm.uasset" 419
"../../../Engine/Plugins/Animation/ControlRig/Content/Controls/ControlRig_RoundedTriangle_1mm.uexp" 420
"../../../Engine/Plugins/Animation/ControlRig/Content/Controls/ControlRig_RoundedSquare_solid.uasset" 421
"../../../Engine/Plugins/Animation/ControlRig/Content/Controls/ControlRig_RoundedSquare_solid.uexp" 422
"../../../Engine/Plugins/Animation/ControlRig/Content/Controls/ControlRig_RoundedSquare_3mm.uasset" 423
"../../../Engine/Plugins/Animation/ControlRig/Content/Controls/ControlRig_RoundedSquare_3mm.uexp" 424
"../../../Engine/Plugins/Animation/ControlRig/Content/Controls/ControlRig_RoundedSquare_1mm.uasset" 425
"../../../Engine/Plugins/Animation/ControlRig/Content/Controls/ControlRig_RoundedSquare_1mm.uexp" 426
"../../../Engine/Plugins/Animation/ControlRig/Content/Controls/ControlRig_QuarterCircle_solid.uasset" 427
"../../../Engine/Plugins/Animation/ControlRig/Content/Controls/ControlRig_QuarterCircle_solid.uexp" 428
"../../../Engine/Plugins/Animation/ControlRig/Content/Controls/ControlRig_QuarterCircle_3mm.uasset" 429
"../../../Engine/Plugins/Animation/ControlRig/Content/Controls/ControlRig_QuarterCircle_3mm.uexp" 430
"../../../Engine/Plugins/Animation/ControlRig/Content/Controls/ControlRig_QuarterCircle_1mm.uasset" 431
"../../../Engine/Plugins/Animation/ControlRig/Content/Controls/ControlRig_QuarterCircle_1mm.uexp" 432
"../../../Engine/Plugins/Animation/ControlRig/Content/Controls/ControlRig_Pyramid_solid.uasset" 433
"../../../Engine/Plugins/Animation/ControlRig/Content/Controls/ControlRig_Pyramid_solid.uexp" 434
"../../../Engine/Plugins/Animation/ControlRig/Content/Controls/ControlRig_Pyramid_3mm.uasset" 435
"../../../Engine/Plugins/Animation/ControlRig/Content/Controls/ControlRig_Pyramid_3mm.uexp" 436
"../../../Engine/Plugins/Animation/ControlRig/Content/Controls/ControlRig_Pyramid_1mm.uasset" 437
"../../../Engine/Plugins/Animation/ControlRig/Content/Controls/ControlRig_Pyramid_1mm.uexp" 438
"../../../Engine/Plugins/Animation/ControlRig/Content/Controls/ControlRig_Octagon_solid.uasset" 439
"../../../Engine/Plugins/Animation/ControlRig/Content/Controls/ControlRig_Octagon_solid.uexp" 440
"../../../Engine/Plugins/Animation/ControlRig/Content/Controls/ControlRig_Octagon_3mm.uasset" 441
"../../../Engine/Plugins/Animation/ControlRig/Content/Controls/ControlRig_Octagon_3mm.uexp" 442
"../../../Engine/Plugins/Animation/ControlRig/Content/Controls/ControlRig_Octagon_1mm.uasset" 443
"../../../Engine/Plugins/Animation/ControlRig/Content/Controls/ControlRig_Octagon_1mm.uexp" 444
"../../../Engine/Plugins/Animation/ControlRig/Content/Controls/ControlRig_Hexagon_solid.uasset" 445
"../../../Engine/Plugins/Animation/ControlRig/Content/Controls/ControlRig_Hexagon_solid.uexp" 446
"../../../Engine/Plugins/Animation/ControlRig/Content/Controls/ControlRig_Hexagon_3mm.uasset" 447
"../../../Engine/Plugins/Animation/ControlRig/Content/Controls/ControlRig_Hexagon_3mm.uexp" 448
"../../../Engine/Plugins/Animation/ControlRig/Content/Controls/ControlRig_Hexagon_1mm.uasset" 449
"../../../Engine/Plugins/Animation/ControlRig/Content/Controls/ControlRig_Hexagon_1mm.uexp" 450
"../../../Engine/Plugins/Animation/ControlRig/Content/Controls/ControlRig_HalfCircle_solid.uasset" 451
"../../../Engine/Plugins/Animation/ControlRig/Content/Controls/ControlRig_HalfCircle_solid.uexp" 452
"../../../Engine/Plugins/Animation/ControlRig/Content/Controls/ControlRig_HalfCircle_3mm.uasset" 453
"../../../Engine/Plugins/Animation/ControlRig/Content/Controls/ControlRig_HalfCircle_3mm.uexp" 454
"../../../Engine/Plugins/Animation/ControlRig/Content/Controls/ControlRig_HalfCircle_1mm.uasset" 455
"../../../Engine/Plugins/Animation/ControlRig/Content/Controls/ControlRig_HalfCircle_1mm.uexp" 456
"../../../Engine/Plugins/Animation/ControlRig/Content/Controls/ControlRig_Diamond_solid.uasset" 457
"../../../Engine/Plugins/Animation/ControlRig/Content/Controls/ControlRig_Diamond_solid.uexp" 458
"../../../Engine/Plugins/Animation/ControlRig/Content/Controls/ControlRig_Diamond_3mm.uasset" 459
"../../../Engine/Plugins/Animation/ControlRig/Content/Controls/ControlRig_Diamond_3mm.uexp" 460
"../../../Engine/Plugins/Animation/ControlRig/Content/Controls/ControlRig_Diamond_1mm.uasset" 461
"../../../Engine/Plugins/Animation/ControlRig/Content/Controls/ControlRig_Diamond_1mm.uexp" 462
"../../../Engine/Plugins/Animation/ControlRig/Content/Controls/ControlRig_Circle_solid.uasset" 463
"../../../Engine/Plugins/Animation/ControlRig/Content/Controls/ControlRig_Circle_solid.uexp" 464
"../../../Engine/Plugins/Animation/ControlRig/Content/Controls/ControlRig_Circle_3mm.uasset" 465
"../../../Engine/Plugins/Animation/ControlRig/Content/Controls/ControlRig_Circle_3mm.uexp" 466
"../../../Engine/Plugins/Animation/ControlRig/Content/Controls/ControlRig_Circle_1mm.uasset" 467
"../../../Engine/Plugins/Animation/ControlRig/Content/Controls/ControlRig_Circle_1mm.uexp" 468
"../../../Engine/Plugins/Animation/ControlRig/Content/Controls/ControlRig_Box_solid.uasset" 469
"../../../Engine/Plugins/Animation/ControlRig/Content/Controls/ControlRig_Box_solid.uexp" 470
"../../../Engine/Plugins/Animation/ControlRig/Content/Controls/ControlRig_Box_3mm.uasset" 471
"../../../Engine/Plugins/Animation/ControlRig/Content/Controls/ControlRig_Box_3mm.uexp" 472
"../../../Engine/Plugins/Animation/ControlRig/Content/Controls/ControlRig_Box_1mm.uasset" 473
"../../../Engine/Plugins/Animation/ControlRig/Content/Controls/ControlRig_Box_1mm.uexp" 474
"../../../Engine/Plugins/Animation/ControlRig/Content/Controls/ControlRig_Arrow_solid.uasset" 475
"../../../Engine/Plugins/Animation/ControlRig/Content/Controls/ControlRig_Arrow_solid.uexp" 476
"../../../Engine/Plugins/Animation/ControlRig/Content/Controls/ControlRig_Arrow_3mm.uasset" 477
"../../../Engine/Plugins/Animation/ControlRig/Content/Controls/ControlRig_Arrow_3mm.uexp" 478
"../../../Engine/Plugins/Animation/ControlRig/Content/Controls/ControlRig_Arrow_1mm.uasset" 479
"../../../Engine/Plugins/Animation/ControlRig/Content/Controls/ControlRig_Arrow_1mm.uexp" 480
"../../../Engine/Plugins/Animation/ControlRig/Content/Controls/ControlRig_Arrow4_solid.uasset" 481
"../../../Engine/Plugins/Animation/ControlRig/Content/Controls/ControlRig_Arrow4_solid.uexp" 482
"../../../Engine/Plugins/Animation/ControlRig/Content/Controls/ControlRig_Arrow4_3mm.uasset" 483
"../../../Engine/Plugins/Animation/ControlRig/Content/Controls/ControlRig_Arrow4_3mm.uexp" 484
"../../../Engine/Plugins/Animation/ControlRig/Content/Controls/ControlRig_Arrow4_1mm.uasset" 485
"../../../Engine/Plugins/Animation/ControlRig/Content/Controls/ControlRig_Arrow4_1mm.uexp" 486
"../../../Engine/Plugins/Animation/ControlRig/Content/Controls/ControlRig_Arrow2_solid.uasset" 487
"../../../Engine/Plugins/Animation/ControlRig/Content/Controls/ControlRig_Arrow2_solid.uexp" 488
"../../../Engine/Plugins/Animation/ControlRig/Content/Controls/ControlRig_Arrow2_3mm.uasset" 489
"../../../Engine/Plugins/Animation/ControlRig/Content/Controls/ControlRig_Arrow2_3mm.uexp" 490
"../../../Engine/Plugins/Animation/ControlRig/Content/Controls/ControlRig_Arrow2_1mm.uasset" 491
"../../../Engine/Plugins/Animation/ControlRig/Content/Controls/ControlRig_Arrow2_1mm.uexp" 492
"../../../Engine/Plugins/Animation/ControlRig/Content/Controls/ControlRigGizmoMaterial.uasset" 493
"../../../Engine/Plugins/Animation/ControlRig/Content/Controls/ControlRigGizmoMaterial.uexp" 494
"../../../Engine/Plugins/Editor/SpeedTreeImporter/Content/SpeedTree9/game_wind_noise.ubulk" 495
"../../../Engine/Plugins/Editor/SpeedTreeImporter/Content/SpeedTree9/game_wind_noise.uasset" 496
"../../../Engine/Plugins/Editor/SpeedTreeImporter/Content/SpeedTree9/game_wind_noise.uexp" 497
"../../../Engine/Plugins/Editor/SpeedTreeImporter/Content/SpeedTree9/UnpackDirection.uasset" 498
"../../../Engine/Plugins/Editor/SpeedTreeImporter/Content/SpeedTree9/UnpackDirection.uexp" 499
"../../../Engine/Content/Functions/Engine_MaterialFunctions02/ObjectLocalBounds.uasset" 500
"../../../Engine/Content/Functions/Engine_MaterialFunctions02/ObjectLocalBounds.uexp" 501
"../../../Engine/Content/Functions/Engine_MaterialFunctions02/UVs/BoundingBoxBased_0-1_UVW.uasset" 502
"../../../Engine/Content/Functions/Engine_MaterialFunctions02/UVs/BoundingBoxBased_0-1_UVW.uexp" 503
"../../../Engine/Content/Functions/Engine_MaterialFunctions02/Utility/VectorLength.uasset" 504
"../../../Engine/Content/Functions/Engine_MaterialFunctions02/Utility/VectorLength.uexp" 505
"../../../Engine/Plugins/Editor/SpeedTreeImporter/Content/SpeedTree9/UnpackInteger3.uasset" 506
"../../../Engine/Plugins/Editor/SpeedTreeImporter/Content/SpeedTree9/UnpackInteger3.uexp" 507
"../../../Engine/Plugins/Editor/SpeedTreeImporter/Content/SpeedTree9/SpeedTreeCameraFacing.uasset" 508
"../../../Engine/Plugins/Editor/SpeedTreeImporter/Content/SpeedTree9/SpeedTreeCameraFacing.uexp" 509
"../../../Engine/Content/Functions/Engine_MaterialFunctions02/WorldPositionOffset/ObjectScale.uasset" 510
"../../../Engine/Content/Functions/Engine_MaterialFunctions02/WorldPositionOffset/ObjectScale.uexp" 511
"../../../Engine/Content/Functions/Engine_MaterialFunctions02/SafeNormalize.uasset" 512
"../../../Engine/Content/Functions/Engine_MaterialFunctions02/SafeNormalize.uexp" 513
"../../../Engine/Plugins/Editor/SpeedTreeImporter/Content/SpeedTree9/SpeedTreeWindMotion.uasset" 514
"../../../Engine/Plugins/Editor/SpeedTreeImporter/Content/SpeedTree9/SpeedTreeWindMotion.uexp" 515
"../../../Engine/Plugins/Editor/SpeedTreeImporter/Content/SpeedTree9/SpeedTreeBranchMotion.uasset" 516
"../../../Engine/Plugins/Editor/SpeedTreeImporter/Content/SpeedTree9/SpeedTreeBranchMotion.uexp" 517
"../../../Engine/Plugins/Editor/SpeedTreeImporter/Content/SpeedTree9/SpeedTreeWind.uasset" 518
"../../../Engine/Plugins/Editor/SpeedTreeImporter/Content/SpeedTree9/SpeedTreeWind.uexp" 519
"../../../Engine/Plugins/Editor/SpeedTreeImporter/Content/SpeedTree9/EmptyNormal.uasset" 520
"../../../Engine/Plugins/Editor/SpeedTreeImporter/Content/SpeedTree9/EmptyNormal.uexp" 521
"../../../Engine/Plugins/Editor/SpeedTreeImporter/Content/SpeedTree9/Empty.uasset" 522
"../../../Engine/Plugins/Editor/SpeedTreeImporter/Content/SpeedTree9/Empty.uexp" 523
"../../../Engine/Plugins/Editor/SpeedTreeImporter/Content/SpeedTree9/SpeedTreeMaster.uasset" 524
"../../../Engine/Plugins/Editor/SpeedTreeImporter/Content/SpeedTree9/SpeedTreeMaster.uexp" 525
"../../../Engine/Plugins/Editor/SpeedTreeImporter/Content/SpeedTree9/SpeedTreeBillboard.uasset" 526
"../../../Engine/Plugins/Editor/SpeedTreeImporter/Content/SpeedTree9/SpeedTreeBillboard.uexp" 527
"../../../Engine/Plugins/Editor/SpeedTreeImporter/Content/SpeedTree9/SpeedTreeBillboardMaster.uasset" 528
"../../../Engine/Plugins/Editor/SpeedTreeImporter/Content/SpeedTree9/SpeedTreeBillboardMaster.uexp" 529
"../../../Engine/Plugins/Runtime/HairStrands/Content/Materials/HairMeshesDefaultMaterial.uasset" 530
"../../../Engine/Plugins/Runtime/HairStrands/Content/Materials/HairMeshesDefaultMaterial.uexp" 531
"../../../Engine/Plugins/Runtime/HairStrands/Content/Materials/HairDefaultMaterial.uasset" 532
"../../../Engine/Plugins/Runtime/HairStrands/Content/Materials/HairDefaultMaterial.uexp" 533
"../../../Engine/Plugins/Runtime/HairStrands/Content/Materials/HairGroupColors.uasset" 534
"../../../Engine/Plugins/Runtime/HairStrands/Content/Materials/HairGroupColors.uexp" 535
"../../../Engine/Content/EngineMaterials/HairColorMap.uasset" 536
"../../../Engine/Content/EngineMaterials/HairColorMap.uexp" 537
"../../../Engine/Content/EngineMaterials/HairDebugColor.uasset" 538
"../../../Engine/Content/EngineMaterials/HairDebugColor.uexp" 539
"../../../Engine/Plugins/Runtime/HairStrands/Content/Materials/HairDebugMaterial.uasset" 540
"../../../Engine/Plugins/Runtime/HairStrands/Content/Materials/HairDebugMaterial.uexp" 541
"../../../Engine/Plugins/Runtime/HairStrands/Content/Materials/HairCardsDefaultMaterial.uasset" 542
"../../../Engine/Plugins/Runtime/HairStrands/Content/Materials/HairCardsDefaultMaterial.uexp" 543
"../../../Engine/Plugins/Runtime/Oculus/OculusVR/Content/Materials/PokeAHoleMaterial.uasset" 544
"../../../Engine/Plugins/Runtime/Oculus/OculusVR/Content/Materials/PokeAHoleMaterial.uexp" 545
"../../../Engine/Plugins/Runtime/Oculus/OculusVR/Content/Materials/OculusMR_OpaqueColoredMaterial.uasset" 546
"../../../Engine/Plugins/Runtime/Oculus/OculusVR/Content/Materials/OculusMR_OpaqueColoredMaterial.uexp" 547
"../../../Engine/Content/Functions/Engine_MaterialFunctions02/Utility/BreakOutFloat4Components.uasset" 548
"../../../Engine/Content/Functions/Engine_MaterialFunctions02/Utility/BreakOutFloat4Components.uexp" 549
"../../../Engine/Plugins/Runtime/Oculus/OculusVR/Content/Materials/OculusMR_ChromaKey.uasset" 550
"../../../Engine/Plugins/Runtime/Oculus/OculusVR/Content/Materials/OculusMR_ChromaKey.uexp" 551
"../../../Engine/Plugins/Runtime/Oculus/OculusVR/Content/Textures/TouchForQuestRiftSController_albedo.ubulk" 552
"../../../Engine/Plugins/Runtime/Oculus/OculusVR/Content/Textures/TouchForQuestRiftSController_albedo.uasset" 553
"../../../Engine/Plugins/Runtime/Oculus/OculusVR/Content/Textures/TouchForQuestRiftSController_albedo.uexp" 554
"../../../Engine/Plugins/Runtime/Oculus/OculusVR/Content/Materials/TouchForQuestRiftSControllerMaterial.uasset" 555
"../../../Engine/Plugins/Runtime/Oculus/OculusVR/Content/Materials/TouchForQuestRiftSControllerMaterial.uexp" 556
"../../../Engine/Plugins/Runtime/Oculus/OculusVR/Content/Meshes/RightTouchForQuestRiftSController.uasset" 557
"../../../Engine/Plugins/Runtime/Oculus/OculusVR/Content/Meshes/RightTouchForQuestRiftSController.uexp" 558
"../../../Engine/Plugins/Runtime/Oculus/OculusVR/Content/Textures/touchController_albedo.ubulk" 559
"../../../Engine/Plugins/Runtime/Oculus/OculusVR/Content/Textures/touchController_albedo.uasset" 560
"../../../Engine/Plugins/Runtime/Oculus/OculusVR/Content/Textures/touchController_albedo.uexp" 561
"../../../Engine/Plugins/Runtime/Oculus/OculusVR/Content/Textures/touchController_controlmap.ubulk" 562
"../../../Engine/Plugins/Runtime/Oculus/OculusVR/Content/Textures/touchController_controlmap.uasset" 563
"../../../Engine/Plugins/Runtime/Oculus/OculusVR/Content/Textures/touchController_controlmap.uexp" 564
"../../../Engine/Plugins/Runtime/Oculus/OculusVR/Content/Materials/touchController_mat.uasset" 565
"../../../Engine/Plugins/Runtime/Oculus/OculusVR/Content/Materials/touchController_mat.uexp" 566
"../../../Engine/Plugins/Runtime/Oculus/OculusVR/Content/Meshes/RightTouchController.uasset" 567
"../../../Engine/Plugins/Runtime/Oculus/OculusVR/Content/Meshes/RightTouchController.uexp" 568
"../../../Engine/Plugins/Runtime/Oculus/OculusVR/Content/Meshes/RiftHMD.uasset" 569
"../../../Engine/Plugins/Runtime/Oculus/OculusVR/Content/Meshes/RiftHMD.uexp" 570
"../../../Engine/Plugins/Runtime/Oculus/OculusVR/Content/Meshes/LeftTouchForQuestRiftSController.uasset" 571
"../../../Engine/Plugins/Runtime/Oculus/OculusVR/Content/Meshes/LeftTouchForQuestRiftSController.uexp" 572
"../../../Engine/Plugins/Runtime/Oculus/OculusVR/Content/Meshes/LeftTouchController.uasset" 573
"../../../Engine/Plugins/Runtime/Oculus/OculusVR/Content/Meshes/LeftTouchController.uexp" 574
"../../../Engine/Content/EngineResources/Black.uasset" 575
"../../../Engine/Content/EngineResources/Black.uexp" 576
"../../../Engine/Plugins/Runtime/OpenXR/Content/Devices/M_XRController.uasset" 577
"../../../Engine/Plugins/Runtime/OpenXR/Content/Devices/M_XRController.uexp" 578
"../../../Engine/Plugins/Runtime/OpenXR/Content/Devices/HTCVive/BaseTexture.ubulk" 579
"../../../Engine/Plugins/Runtime/OpenXR/Content/Devices/HTCVive/BaseTexture.uasset" 580
"../../../Engine/Plugins/Runtime/OpenXR/Content/Devices/HTCVive/BaseTexture.uexp" 581
"../../../Engine/Plugins/Runtime/OpenXR/Content/Devices/HTCVive/MI_HTCVive.uasset" 582
"../../../Engine/Plugins/Runtime/OpenXR/Content/Devices/HTCVive/MI_HTCVive.uexp" 583
"../../../Engine/Plugins/Runtime/OpenXR/Content/Devices/HTCVive/HTCViveController.uasset" 584
"../../../Engine/Plugins/Runtime/OpenXR/Content/Devices/HTCVive/HTCViveController.uexp" 585
"../../../Engine/Plugins/Runtime/OpenXR/Content/Devices/MicrosoftMixedReality/NormalTexture.ubulk" 586
"../../../Engine/Plugins/Runtime/OpenXR/Content/Devices/MicrosoftMixedReality/NormalTexture.uasset" 587
"../../../Engine/Plugins/Runtime/OpenXR/Content/Devices/MicrosoftMixedReality/NormalTexture.uexp" 588
"../../../Engine/Plugins/Runtime/OpenXR/Content/Devices/MicrosoftMixedReality/EmissiveTexture.ubulk" 589
"../../../Engine/Plugins/Runtime/OpenXR/Content/Devices/MicrosoftMixedReality/EmissiveTexture.uasset" 590
"../../../Engine/Plugins/Runtime/OpenXR/Content/Devices/MicrosoftMixedReality/EmissiveTexture.uexp" 591
"../../../Engine/Plugins/Runtime/OpenXR/Content/Devices/MicrosoftMixedReality/BaseTexture.ubulk" 592
"../../../Engine/Plugins/Runtime/OpenXR/Content/Devices/MicrosoftMixedReality/BaseTexture.uasset" 593
"../../../Engine/Plugins/Runtime/OpenXR/Content/Devices/MicrosoftMixedReality/BaseTexture.uexp" 594
"../../../Engine/Plugins/Runtime/OpenXR/Content/Devices/MicrosoftMixedReality/MRTexture.ubulk" 595
"../../../Engine/Plugins/Runtime/OpenXR/Content/Devices/MicrosoftMixedReality/MRTexture.uasset" 596
"../../../Engine/Plugins/Runtime/OpenXR/Content/Devices/MicrosoftMixedReality/MRTexture.uexp" 597
"../../../Engine/Plugins/Runtime/OpenXR/Content/Devices/MicrosoftMixedReality/MI_MicrosoftMixedReality.uasset" 598
"../../../Engine/Plugins/Runtime/OpenXR/Content/Devices/MicrosoftMixedReality/MI_MicrosoftMixedReality.uexp" 599
"../../../Engine/Plugins/Runtime/OpenXR/Content/Devices/MicrosoftMixedReality/Left/left_MicrosoftMixedRealityController.uasset" 600
"../../../Engine/Plugins/Runtime/OpenXR/Content/Devices/MicrosoftMixedReality/Left/left_MicrosoftMixedRealityController.uexp" 601
"../../../Engine/Plugins/Runtime/OpenXR/Content/Devices/MicrosoftMixedReality/Right/right_MicrosoftMixedRealityController.uasset" 602
"../../../Engine/Plugins/Runtime/OpenXR/Content/Devices/MicrosoftMixedReality/Right/right_MicrosoftMixedRealityController.uexp" 603
"../../../Engine/Plugins/Runtime/OpenXR/Content/Devices/OculusGo/BaseTexture.ubulk" 604
"../../../Engine/Plugins/Runtime/OpenXR/Content/Devices/OculusGo/BaseTexture.uasset" 605
"../../../Engine/Plugins/Runtime/OpenXR/Content/Devices/OculusGo/BaseTexture.uexp" 606
"../../../Engine/Plugins/Runtime/OpenXR/Content/Devices/OculusGo/MI_OculusGo.uasset" 607
"../../../Engine/Plugins/Runtime/OpenXR/Content/Devices/OculusGo/MI_OculusGo.uexp" 608
"../../../Engine/Plugins/Runtime/OpenXR/Content/Devices/OculusGo/OculusGoController.uasset" 609
"../../../Engine/Plugins/Runtime/OpenXR/Content/Devices/OculusGo/OculusGoController.uexp" 610
"../../../Engine/Plugins/Runtime/OpenXR/Content/Devices/OculusTouch/BaseTexture.ubulk" 611
"../../../Engine/Plugins/Runtime/OpenXR/Content/Devices/OculusTouch/BaseTexture.uasset" 612
"../../../Engine/Plugins/Runtime/OpenXR/Content/Devices/OculusTouch/BaseTexture.uexp" 613
"../../../Engine/Plugins/Runtime/OpenXR/Content/Devices/OculusTouch/MRTexture.ubulk" 614
"../../../Engine/Plugins/Runtime/OpenXR/Content/Devices/OculusTouch/MRTexture.uasset" 615
"../../../Engine/Plugins/Runtime/OpenXR/Content/Devices/OculusTouch/MRTexture.uexp" 616
"../../../Engine/Plugins/Runtime/OpenXR/Content/Devices/OculusTouch/MI_OculusTouch.uasset" 617
"../../../Engine/Plugins/Runtime/OpenXR/Content/Devices/OculusTouch/MI_OculusTouch.uexp" 618
"../../../Engine/Plugins/Runtime/OpenXR/Content/Devices/OculusTouch/Left/left_OculusTouchController.uasset" 619
"../../../Engine/Plugins/Runtime/OpenXR/Content/Devices/OculusTouch/Left/left_OculusTouchController.uexp" 620
"../../../Engine/Plugins/Runtime/OpenXR/Content/Devices/OculusTouch/Right/right_OculusTouchController.uasset" 621
"../../../Engine/Plugins/Runtime/OpenXR/Content/Devices/OculusTouch/Right/right_OculusTouchController.uexp" 622
"../../../Engine/Plugins/Runtime/OpenXR/Content/Devices/OculusTouch_v3/MRTexture.ubulk" 623
"../../../Engine/Plugins/Runtime/OpenXR/Content/Devices/OculusTouch_v3/MRTexture.uasset" 624
"../../../Engine/Plugins/Runtime/OpenXR/Content/Devices/OculusTouch_v3/MRTexture.uexp" 625
"../../../Engine/Plugins/Runtime/OpenXR/Content/Devices/OculusTouch_v3/BaseTexture.ubulk" 626
"../../../Engine/Plugins/Runtime/OpenXR/Content/Devices/OculusTouch_v3/BaseTexture.uasset" 627
"../../../Engine/Plugins/Runtime/OpenXR/Content/Devices/OculusTouch_v3/BaseTexture.uexp" 628
"../../../Engine/Plugins/Runtime/OpenXR/Content/Devices/OculusTouch_v3/MI_OculusTouch_v3.uasset" 629
"../../../Engine/Plugins/Runtime/OpenXR/Content/Devices/OculusTouch_v3/MI_OculusTouch_v3.uexp" 630
"../../../Engine/Plugins/Runtime/OpenXR/Content/Devices/OculusTouch_v3/Left/left_OculusTouch_v3Controller.uasset" 631
"../../../Engine/Plugins/Runtime/OpenXR/Content/Devices/OculusTouch_v3/Left/left_OculusTouch_v3Controller.uexp" 632
"../../../Engine/Plugins/Runtime/OpenXR/Content/Devices/OculusTouch_v3/Right/right_OculusTouch_v3Controller.uasset" 633
"../../../Engine/Plugins/Runtime/OpenXR/Content/Devices/OculusTouch_v3/Right/right_OculusTouch_v3Controller.uexp" 634
"../../../Engine/Plugins/Runtime/OpenXR/Content/Devices/ValveIndex/MRTexture.ubulk" 635
"../../../Engine/Plugins/Runtime/OpenXR/Content/Devices/ValveIndex/MRTexture.uasset" 636
"../../../Engine/Plugins/Runtime/OpenXR/Content/Devices/ValveIndex/MRTexture.uexp" 637
"../../../Engine/Plugins/Runtime/OpenXR/Content/Devices/ValveIndex/BaseTexture.ubulk" 638
"../../../Engine/Plugins/Runtime/OpenXR/Content/Devices/ValveIndex/BaseTexture.uasset" 639
"../../../Engine/Plugins/Runtime/OpenXR/Content/Devices/ValveIndex/BaseTexture.uexp" 640
"../../../Engine/Plugins/Runtime/OpenXR/Content/Devices/ValveIndex/Left/MI_left_ValveIndex.uasset" 641
"../../../Engine/Plugins/Runtime/OpenXR/Content/Devices/ValveIndex/Left/MI_left_ValveIndex.uexp" 642
"../../../Engine/Plugins/Runtime/OpenXR/Content/Devices/ValveIndex/Left/left_ValveIndexController.uasset" 643
"../../../Engine/Plugins/Runtime/OpenXR/Content/Devices/ValveIndex/Left/left_ValveIndexController.uexp" 644
"../../../Engine/Plugins/Runtime/OpenXR/Content/Devices/ValveIndex/Right/MI_right_ValveIndex.uasset" 645
"../../../Engine/Plugins/Runtime/OpenXR/Content/Devices/ValveIndex/Right/MI_right_ValveIndex.uexp" 646
"../../../Engine/Plugins/Runtime/OpenXR/Content/Devices/ValveIndex/Right/right_ValveIndexController.uasset" 647
"../../../Engine/Plugins/Runtime/OpenXR/Content/Devices/ValveIndex/Right/right_ValveIndexController.uexp" 648
"../../../Engine/Plugins/Bridge/Content/MSPresets/MSTextures/Placeholder_Normal.uasset" 649
"../../../Engine/Plugins/Bridge/Content/MSPresets/MSTextures/Placeholder_Normal.uexp" 650
"../../../Engine/Plugins/Bridge/Content/MSPresets/MSTextures/WhitePlaceholder.uasset" 651
"../../../Engine/Plugins/Bridge/Content/MSPresets/MSTextures/WhitePlaceholder.uexp" 652
"../../../Engine/Plugins/Bridge/Content/MSPresets/M_MS_Default_Material/Functions/MF_Transmission.uasset" 653
"../../../Engine/Plugins/Bridge/Content/MSPresets/M_MS_Default_Material/Functions/MF_Transmission.uexp" 654
"../../../Engine/Content/Functions/Engine_MaterialFunctions02/Texturing/CustomRotator.uasset" 655
"../../../Engine/Content/Functions/Engine_MaterialFunctions02/Texturing/CustomRotator.uexp" 656
"../../../Engine/Plugins/Bridge/Content/MSPresets/M_MS_Default_Material/Functions/MF_MapAdjustments.uasset" 657
"../../../Engine/Plugins/Bridge/Content/MSPresets/M_MS_Default_Material/Functions/MF_MapAdjustments.uexp" 658
"../../../Engine/Plugins/Bridge/Content/MSPresets/M_MS_Default_Material/Functions/MF_Tiling.uasset" 659
"../../../Engine/Plugins/Bridge/Content/MSPresets/M_MS_Default_Material/Functions/MF_Tiling.uexp" 660
"../../../Engine/Plugins/Bridge/Content/MSPresets/MSTextures/BlackPlaceholder.uasset" 661
"../../../Engine/Plugins/Bridge/Content/MSPresets/MSTextures/BlackPlaceholder.uexp" 662
"E:/Documents/VR Projects/CoralLabV1 5.0/Content/MSPresets/M_MS_Surface_Material/M_MS_Surface_Material.uasset" 663
"E:/Documents/VR Projects/CoralLabV1 5.0/Content/MSPresets/M_MS_Surface_Material/M_MS_Surface_Material.uexp" 664
"E:/Documents/VR Projects/CoralLabV1 5.0/Content/Megascans/Surfaces/Blue_Painted_Plaster_ub5hee1fw/T_Blue_Painted_Plaster_ub5hee1fw_1K_N.ubulk" 665
"E:/Documents/VR Projects/CoralLabV1 5.0/Content/Megascans/Surfaces/Blue_Painted_Plaster_ub5hee1fw/T_Blue_Painted_Plaster_ub5hee1fw_1K_N.uasset" 666
"E:/Documents/VR Projects/CoralLabV1 5.0/Content/Megascans/Surfaces/Blue_Painted_Plaster_ub5hee1fw/T_Blue_Painted_Plaster_ub5hee1fw_1K_N.uexp" 667
"E:/Documents/VR Projects/CoralLabV1 5.0/Content/Megascans/Surfaces/Blue_Painted_Plaster_ub5hee1fw/T_Blue_Painted_Plaster_ub5hee1fw_1K_D.ubulk" 668
"E:/Documents/VR Projects/CoralLabV1 5.0/Content/Megascans/Surfaces/Blue_Painted_Plaster_ub5hee1fw/T_Blue_Painted_Plaster_ub5hee1fw_1K_D.uasset" 669
"E:/Documents/VR Projects/CoralLabV1 5.0/Content/Megascans/Surfaces/Blue_Painted_Plaster_ub5hee1fw/T_Blue_Painted_Plaster_ub5hee1fw_1K_D.uexp" 670
"E:/Documents/VR Projects/CoralLabV1 5.0/Content/Megascans/Surfaces/Blue_Painted_Plaster_ub5hee1fw/T_BluePaintedPlaster_ub5hee1fw_1K_ORDp.ubulk" 671
"E:/Documents/VR Projects/CoralLabV1 5.0/Content/Megascans/Surfaces/Blue_Painted_Plaster_ub5hee1fw/T_BluePaintedPlaster_ub5hee1fw_1K_ORDp.uasset" 672
"E:/Documents/VR Projects/CoralLabV1 5.0/Content/Megascans/Surfaces/Blue_Painted_Plaster_ub5hee1fw/T_BluePaintedPlaster_ub5hee1fw_1K_ORDp.uexp" 673
"E:/Documents/VR Projects/CoralLabV1 5.0/Content/Megascans/Surfaces/Blue_Painted_Plaster_ub5hee1fw/MI_Blue_Painted_Plaster_ub5hee1fw_1K.uasset" 674
"E:/Documents/VR Projects/CoralLabV1 5.0/Content/Megascans/Surfaces/Blue_Painted_Plaster_ub5hee1fw/MI_Blue_Painted_Plaster_ub5hee1fw_1K.uexp" 675
"E:/Documents/VR Projects/CoralLabV1 5.0/Content/My_Stuff/Materials/ED_Blue.uasset" 676
"E:/Documents/VR Projects/CoralLabV1 5.0/Content/My_Stuff/Materials/ED_Blue.uexp" 677
"E:/Documents/VR Projects/CoralLabV1 5.0/Content/My_Stuff/Maps/_GENERATED/edani/Boolean_4957FFCD.ubulk" 678
"E:/Documents/VR Projects/CoralLabV1 5.0/Content/My_Stuff/Maps/_GENERATED/edani/Boolean_4957FFCD.uasset" 679
"E:/Documents/VR Projects/CoralLabV1 5.0/Content/My_Stuff/Maps/_GENERATED/edani/Boolean_4957FFCD.uexp" 680
"E:/Documents/VR Projects/CoralLabV1 5.0/Content/My_Stuff/Assets/yenli_1_orig.uasset" 681
"E:/Documents/VR Projects/CoralLabV1 5.0/Content/My_Stuff/Assets/yenli_1_orig.uexp" 682
"E:/Documents/VR Projects/CoralLabV1 5.0/Content/My_Stuff/Assets/yenli_1_orig_Mat.uasset" 683
"E:/Documents/VR Projects/CoralLabV1 5.0/Content/My_Stuff/Assets/yenli_1_orig_Mat.uexp" 684
"E:/Documents/VR Projects/CoralLabV1 5.0/Content/My_Stuff/Assets/YiWei.uasset" 685
"E:/Documents/VR Projects/CoralLabV1 5.0/Content/My_Stuff/Assets/YiWei.uexp" 686
"E:/Documents/VR Projects/CoralLabV1 5.0/Content/My_Stuff/Assets/YiWei_Mat.uasset" 687
"E:/Documents/VR Projects/CoralLabV1 5.0/Content/My_Stuff/Assets/YiWei_Mat.uexp" 688
"E:/Documents/VR Projects/CoralLabV1 5.0/Content/My_Stuff/Assets/IONTU_logo.uasset" 689
"E:/Documents/VR Projects/CoralLabV1 5.0/Content/My_Stuff/Assets/IONTU_logo.uexp" 690
"E:/Documents/VR Projects/CoralLabV1 5.0/Content/My_Stuff/Assets/IONTU_logo_Mat.uasset" 691
"E:/Documents/VR Projects/CoralLabV1 5.0/Content/My_Stuff/Assets/IONTU_logo_Mat.uexp" 692
"E:/Documents/VR Projects/CoralLabV1 5.0/Content/My_Stuff/Materials/ED_Yellow.uasset" 693
"E:/Documents/VR Projects/CoralLabV1 5.0/Content/My_Stuff/Materials/ED_Yellow.uexp" 694
"E:/Documents/VR Projects/CoralLabV1 5.0/Content/VirtualRealityBP/Maps/_GENERATED/edani/Merge_D764A6ED.ubulk" 695
"E:/Documents/VR Projects/CoralLabV1 5.0/Content/VirtualRealityBP/Maps/_GENERATED/edani/Merge_D764A6ED.uasset" 696
"E:/Documents/VR Projects/CoralLabV1 5.0/Content/VirtualRealityBP/Maps/_GENERATED/edani/Merge_D764A6ED.uexp" 697
"E:/Documents/VR Projects/CoralLabV1 5.0/Content/My_Stuff/Assets/tony_orig.uasset" 698
"E:/Documents/VR Projects/CoralLabV1 5.0/Content/My_Stuff/Assets/tony_orig.uexp" 699
"E:/Documents/VR Projects/CoralLabV1 5.0/Content/My_Stuff/Assets/tony_orig_Mat.uasset" 700
"E:/Documents/VR Projects/CoralLabV1 5.0/Content/My_Stuff/Assets/tony_orig_Mat.uexp" 701
"E:/Documents/VR Projects/CoralLabV1 5.0/Content/My_Stuff/Assets/astreopgrgia-sp.uasset" 702
"E:/Documents/VR Projects/CoralLabV1 5.0/Content/My_Stuff/Assets/astreopgrgia-sp.uexp" 703
"E:/Documents/VR Projects/CoralLabV1 5.0/Content/My_Stuff/Assets/astreopgrgia-sp_Mat.uasset" 704
"E:/Documents/VR Projects/CoralLabV1 5.0/Content/My_Stuff/Assets/astreopgrgia-sp_Mat.uexp" 705
"E:/Documents/VR Projects/CoralLabV1 5.0/Content/My_Stuff/Assets/Stephane.uasset" 706
"E:/Documents/VR Projects/CoralLabV1 5.0/Content/My_Stuff/Assets/Stephane.uexp" 707
"E:/Documents/VR Projects/CoralLabV1 5.0/Content/My_Stuff/Assets/Stephane_Mat.uasset" 708
"E:/Documents/VR Projects/CoralLabV1 5.0/Content/My_Stuff/Assets/Stephane_Mat.uexp" 709
"E:/Documents/VR Projects/CoralLabV1 5.0/Content/My_Stuff/Assets/Hsu_et_al___2020__TCRS.uasset" 710
"E:/Documents/VR Projects/CoralLabV1 5.0/Content/My_Stuff/Assets/Hsu_et_al___2020__TCRS.uexp" 711
"E:/Documents/VR Projects/CoralLabV1 5.0/Content/My_Stuff/Assets/Hsu_et_al___2020__TCRS_Mat.uasset" 712
"E:/Documents/VR Projects/CoralLabV1 5.0/Content/My_Stuff/Assets/Hsu_et_al___2020__TCRS_Mat.uexp" 713
"E:/Documents/VR Projects/CoralLabV1 5.0/Content/My_Stuff/Assets/callyspongia-confoederata-2.uasset" 714
"E:/Documents/VR Projects/CoralLabV1 5.0/Content/My_Stuff/Assets/callyspongia-confoederata-2.uexp" 715
"E:/Documents/VR Projects/CoralLabV1 5.0/Content/My_Stuff/Assets/callyspongia-confoederata-2_Mat.uasset" 716
"E:/Documents/VR Projects/CoralLabV1 5.0/Content/My_Stuff/Assets/callyspongia-confoederata-2_Mat.uexp" 717
"../../../Engine/Content/BasicShapes/Cube.uasset" 718
"../../../Engine/Content/BasicShapes/Cube.uexp" 719
"E:/Documents/VR Projects/CoralLabV1 5.0/Content/My_Stuff/Assets/20210116_abstract_coral_reef_society_conference_vicky.uasset" 720
"E:/Documents/VR Projects/CoralLabV1 5.0/Content/My_Stuff/Assets/20210116_abstract_coral_reef_society_conference_vicky.uexp" 721
"E:/Documents/VR Projects/CoralLabV1 5.0/Content/My_Stuff/Assets/20210116_abstract_coral_reef_society_conference_vicky_Mat.uasset" 722
"E:/Documents/VR Projects/CoralLabV1 5.0/Content/My_Stuff/Assets/20210116_abstract_coral_reef_society_conference_vicky_Mat.uexp" 723
"E:/Documents/VR Projects/CoralLabV1 5.0/Content/My_Stuff/Assets/morris2_orig.uasset" 724
"E:/Documents/VR Projects/CoralLabV1 5.0/Content/My_Stuff/Assets/morris2_orig.uexp" 725
"E:/Documents/VR Projects/CoralLabV1 5.0/Content/My_Stuff/Assets/morris2_orig_Mat.uasset" 726
"E:/Documents/VR Projects/CoralLabV1 5.0/Content/My_Stuff/Assets/morris2_orig_Mat.uexp" 727
"E:/Documents/VR Projects/CoralLabV1 5.0/Content/My_Stuff/Assets/stylissa-carteri.uasset" 728
"E:/Documents/VR Projects/CoralLabV1 5.0/Content/My_Stuff/Assets/stylissa-carteri.uexp" 729
"E:/Documents/VR Projects/CoralLabV1 5.0/Content/My_Stuff/Assets/stylissa-carteri_Mat.uasset" 730
"E:/Documents/VR Projects/CoralLabV1 5.0/Content/My_Stuff/Assets/stylissa-carteri_Mat.uexp" 731
"E:/Documents/VR Projects/CoralLabV1 5.0/Content/My_Stuff/Assets/img-3391.uasset" 732
"E:/Documents/VR Projects/CoralLabV1 5.0/Content/My_Stuff/Assets/img-3391.uexp" 733
"E:/Documents/VR Projects/CoralLabV1 5.0/Content/My_Stuff/Assets/img-3391_Mat.uasset" 734
"E:/Documents/VR Projects/CoralLabV1 5.0/Content/My_Stuff/Assets/img-3391_Mat.uexp" 735
"E:/Documents/VR Projects/CoralLabV1 5.0/Content/Megascans/Surfaces/Brown_Ceramic_Tiles_ufgpfh1ew/T_Brown_Ceramic_Tiles_ufgpfh1ew_1K_N.ubulk" 736
"E:/Documents/VR Projects/CoralLabV1 5.0/Content/Megascans/Surfaces/Brown_Ceramic_Tiles_ufgpfh1ew/T_Brown_Ceramic_Tiles_ufgpfh1ew_1K_N.uasset" 737
"E:/Documents/VR Projects/CoralLabV1 5.0/Content/Megascans/Surfaces/Brown_Ceramic_Tiles_ufgpfh1ew/T_Brown_Ceramic_Tiles_ufgpfh1ew_1K_N.uexp" 738
"E:/Documents/VR Projects/CoralLabV1 5.0/Content/Megascans/Surfaces/Brown_Ceramic_Tiles_ufgpfh1ew/T_Brown_Ceramic_Tiles_ufgpfh1ew_1K_D.ubulk" 739
"E:/Documents/VR Projects/CoralLabV1 5.0/Content/Megascans/Surfaces/Brown_Ceramic_Tiles_ufgpfh1ew/T_Brown_Ceramic_Tiles_ufgpfh1ew_1K_D.uasset" 740
"E:/Documents/VR Projects/CoralLabV1 5.0/Content/Megascans/Surfaces/Brown_Ceramic_Tiles_ufgpfh1ew/T_Brown_Ceramic_Tiles_ufgpfh1ew_1K_D.uexp" 741
"E:/Documents/VR Projects/CoralLabV1 5.0/Content/Megascans/Surfaces/Brown_Ceramic_Tiles_ufgpfh1ew/T_BrownCeramicTiles_ufgpfh1ew_1K_ORDp.ubulk" 742
"E:/Documents/VR Projects/CoralLabV1 5.0/Content/Megascans/Surfaces/Brown_Ceramic_Tiles_ufgpfh1ew/T_BrownCeramicTiles_ufgpfh1ew_1K_ORDp.uasset" 743
"E:/Documents/VR Projects/CoralLabV1 5.0/Content/Megascans/Surfaces/Brown_Ceramic_Tiles_ufgpfh1ew/T_BrownCeramicTiles_ufgpfh1ew_1K_ORDp.uexp" 744
"E:/Documents/VR Projects/CoralLabV1 5.0/Content/Megascans/Surfaces/Brown_Ceramic_Tiles_ufgpfh1ew/MI_Brown_Ceramic_Tiles_ufgpfh1ew_1K.uasset" 745
"E:/Documents/VR Projects/CoralLabV1 5.0/Content/Megascans/Surfaces/Brown_Ceramic_Tiles_ufgpfh1ew/MI_Brown_Ceramic_Tiles_ufgpfh1ew_1K.uexp" 746
"E:/Documents/VR Projects/CoralLabV1 5.0/Content/My_Stuff/Assets/boat1.uasset" 747
"E:/Documents/VR Projects/CoralLabV1 5.0/Content/My_Stuff/Assets/boat1.uexp" 748
"E:/Documents/VR Projects/CoralLabV1 5.0/Content/My_Stuff/Assets/boat1_Mat.uasset" 749
"E:/Documents/VR Projects/CoralLabV1 5.0/Content/My_Stuff/Assets/boat1_Mat.uexp" 750
"E:/Documents/VR Projects/CoralLabV1 5.0/Content/My_Stuff/Assets/Denis_Lab_photo.uasset" 751
"E:/Documents/VR Projects/CoralLabV1 5.0/Content/My_Stuff/Assets/Denis_Lab_photo.uexp" 752
"E:/Documents/VR Projects/CoralLabV1 5.0/Content/My_Stuff/Assets/Denis_Lab_photo_Mat.uasset" 753
"E:/Documents/VR Projects/CoralLabV1 5.0/Content/My_Stuff/Assets/Denis_Lab_photo_Mat.uexp" 754
"E:/Documents/VR Projects/CoralLabV1 5.0/Content/My_Stuff/Assets/Laurine.uasset" 755
"E:/Documents/VR Projects/CoralLabV1 5.0/Content/My_Stuff/Assets/Laurine.uexp" 756
"E:/Documents/VR Projects/CoralLabV1 5.0/Content/My_Stuff/Assets/Laurine_Mat.uasset" 757
"E:/Documents/VR Projects/CoralLabV1 5.0/Content/My_Stuff/Assets/Laurine_Mat.uexp" 758
"E:/Documents/VR Projects/CoralLabV1 5.0/Content/My_Stuff/Assets/Vianney-Denis-126x175.uasset" 759
"E:/Documents/VR Projects/CoralLabV1 5.0/Content/My_Stuff/Assets/Vianney-Denis-126x175.uexp" 760
"E:/Documents/VR Projects/CoralLabV1 5.0/Content/My_Stuff/Assets/Vianney-Denis-126x175_Mat.uasset" 761
"E:/Documents/VR Projects/CoralLabV1 5.0/Content/My_Stuff/Assets/Vianney-Denis-126x175_Mat.uexp" 762
"../../../Engine/Plugins/Runtime/OpenXR/Content/Devices/OculusTouch_v2/BaseTexture.ubulk" 763
"../../../Engine/Plugins/Runtime/OpenXR/Content/Devices/OculusTouch_v2/BaseTexture.uasset" 764
"../../../Engine/Plugins/Runtime/OpenXR/Content/Devices/OculusTouch_v2/BaseTexture.uexp" 765
"../../../Engine/Plugins/Runtime/OpenXR/Content/Devices/OculusTouch_v2/MRTexture.ubulk" 766
"../../../Engine/Plugins/Runtime/OpenXR/Content/Devices/OculusTouch_v2/MRTexture.uasset" 767
"../../../Engine/Plugins/Runtime/OpenXR/Content/Devices/OculusTouch_v2/MRTexture.uexp" 768
"../../../Engine/Plugins/Runtime/OpenXR/Content/Devices/OculusTouch_v2/MI_OculusTouch_v2.uasset" 769
"../../../Engine/Plugins/Runtime/OpenXR/Content/Devices/OculusTouch_v2/MI_OculusTouch_v2.uexp" 770
"../../../Engine/Plugins/Runtime/OpenXR/Content/Devices/OculusTouch_v2/Right/right_OculusTouch_v2Controller.uasset" 771
"../../../Engine/Plugins/Runtime/OpenXR/Content/Devices/OculusTouch_v2/Right/right_OculusTouch_v2Controller.uexp" 772
"../../../Engine/Plugins/Runtime/OpenXR/Content/Devices/OculusTouch_v2/Left/left_OculusTouch_v2Controller.uasset" 773
"../../../Engine/Plugins/Runtime/OpenXR/Content/Devices/OculusTouch_v2/Left/left_OculusTouch_v2Controller.uexp" 774
"E:/Documents/VR Projects/CoralLabV1 5.0/Content/VRTemplate/Blueprints/VRInteractionBPI.uasset" 775
"E:/Documents/VR Projects/CoralLabV1 5.0/Content/VRTemplate/Blueprints/VRInteractionBPI.uexp" 776
"E:/Documents/VR Projects/CoralLabV1 5.0/Content/VRTemplate/Haptics/GrabHapticEffect.uasset" 777
"E:/Documents/VR Projects/CoralLabV1 5.0/Content/VRTemplate/Haptics/GrabHapticEffect.uexp" 778
"E:/Documents/VR Projects/CoralLabV1 5.0/Content/VRTemplate/Blueprints/GrabType.uasset" 779
"E:/Documents/VR Projects/CoralLabV1 5.0/Content/VRTemplate/Blueprints/GrabType.uexp" 780
"E:/Documents/VR Projects/CoralLabV1 5.0/Content/VRTemplate/Blueprints/GrabComponent.uasset" 781
"E:/Documents/VR Projects/CoralLabV1 5.0/Content/VRTemplate/Blueprints/GrabComponent.uexp" 782
"../../../Engine/Plugins/FX/Niagara/Content/Enums/ENiagara_MassInitializationMode.uasset" 783
"../../../Engine/Plugins/FX/Niagara/Content/Enums/ENiagara_MassInitializationMode.uexp" 784
"../../../Engine/Plugins/FX/Niagara/Content/Enums/ENiagaraRandomnessMode.uasset" 785
"../../../Engine/Plugins/FX/Niagara/Content/Enums/ENiagaraRandomnessMode.uexp" 786
"../../../Engine/Plugins/FX/Niagara/Content/Enums/ENiagaraRandomnessEvaluation.uasset" 787
"../../../Engine/Plugins/FX/Niagara/Content/Enums/ENiagaraRandomnessEvaluation.uexp" 788
"../../../Engine/Plugins/FX/Niagara/Content/Functions/V2/CalculateRandomRangeInteger.uasset" 789
"../../../Engine/Plugins/FX/Niagara/Content/Functions/V2/CalculateRandomRangeInteger.uexp" 790
"../../../Engine/Plugins/FX/Niagara/Content/Enums/ENiagaraArraySamplingMode.uasset" 791
"../../../Engine/Plugins/FX/Niagara/Content/Enums/ENiagaraArraySamplingMode.uexp" 792
"../../../Engine/Plugins/FX/Niagara/Content/Enums/ENiagara_WrapClamp.uasset" 793
"../../../Engine/Plugins/FX/Niagara/Content/Enums/ENiagara_WrapClamp.uexp" 794
"../../../Engine/Plugins/FX/Niagara/Content/DynamicInputs/Arrays/SelectVectorFromArray.uasset" 795
"../../../Engine/Plugins/FX/Niagara/Content/DynamicInputs/Arrays/SelectVectorFromArray.uexp" 796
"../../../Engine/Plugins/FX/Niagara/Content/Enums/ENiagara_PositionInitializationMode.uasset" 797
"../../../Engine/Plugins/FX/Niagara/Content/Enums/ENiagara_PositionInitializationMode.uexp" 798
"../../../Engine/Plugins/FX/Niagara/Content/DynamicInputs/Multiply/Multiply_VectorByFloat.uasset" 799
"../../../Engine/Plugins/FX/Niagara/Content/DynamicInputs/Multiply/Multiply_VectorByFloat.uexp" 800
"../../../Engine/Plugins/FX/Niagara/Content/DynamicInputs/Execution/ReturnExecIndex.uasset" 801
"../../../Engine/Plugins/FX/Niagara/Content/DynamicInputs/Execution/ReturnExecIndex.uexp" 802
"../../../Engine/Plugins/FX/Niagara/Content/Functions/NormalizedExecutionIndex.uasset" 803
"../../../Engine/Plugins/FX/Niagara/Content/Functions/NormalizedExecutionIndex.uexp" 804
"../../../Engine/Plugins/FX/Niagara/Content/DynamicInputs/Execution/ReturnNormalizedExecIndex.uasset" 805
"../../../Engine/Plugins/FX/Niagara/Content/DynamicInputs/Execution/ReturnNormalizedExecIndex.uexp" 806
"../../../Engine/Plugins/FX/Niagara/Content/Enums/ENiagara_LifetimeMode.uasset" 807
"../../../Engine/Plugins/FX/Niagara/Content/Enums/ENiagara_LifetimeMode.uexp" 808
"../../../Engine/Plugins/FX/Niagara/Content/Enums/ENiagaraEmitterLifeCycleMode.uasset" 809
"../../../Engine/Plugins/FX/Niagara/Content/Enums/ENiagaraEmitterLifeCycleMode.uexp" 810
"../../../Engine/Plugins/FX/Niagara/Content/Functions/Emitter/EmitterChangeState.uasset" 811
"../../../Engine/Plugins/FX/Niagara/Content/Functions/Emitter/EmitterChangeState.uexp" 812
"../../../Engine/Plugins/FX/Niagara/Content/Enums/ENiagara_InfiniteLoopDuration.uasset" 813
"../../../Engine/Plugins/FX/Niagara/Content/Enums/ENiagara_InfiniteLoopDuration.uexp" 814
"../../../Engine/Plugins/FX/Niagara/Content/Enums/ENiagara_EmitterStateOptions.uasset" 815
"../../../Engine/Plugins/FX/Niagara/Content/Enums/ENiagara_EmitterStateOptions.uexp" 816
"../../../Engine/Plugins/FX/Niagara/Content/Enums/ENiagaraInactiveMode.uasset" 817
"../../../Engine/Plugins/FX/Niagara/Content/Enums/ENiagaraInactiveMode.uexp" 818
"../../../Engine/Plugins/FX/Niagara/Content/Enums/ENiagaraExecutionStateManagement.uasset" 819
"../../../Engine/Plugins/FX/Niagara/Content/Enums/ENiagaraExecutionStateManagement.uexp" 820
"../../../Engine/Plugins/FX/Niagara/Content/Enums/ENiagaraEmitterScalabilityMode_Limited.uasset" 821
"../../../Engine/Plugins/FX/Niagara/Content/Enums/ENiagaraEmitterScalabilityMode_Limited.uexp" 822
"../../../Engine/Plugins/FX/Niagara/Content/Modules/Emitter/EmitterState.uasset" 823
"../../../Engine/Plugins/FX/Niagara/Content/Modules/Emitter/EmitterState.uexp" 824
"../../../Engine/Plugins/FX/Niagara/Content/Functions/V2/CalculateRandomRangeFloat.uasset" 825
"../../../Engine/Plugins/FX/Niagara/Content/Functions/V2/CalculateRandomRangeFloat.uexp" 826
"../../../Engine/Plugins/FX/Niagara/Content/Modules/Emitter/SpawnBurst_Instantaneous.uasset" 827
"../../../Engine/Plugins/FX/Niagara/Content/Modules/Emitter/SpawnBurst_Instantaneous.uexp" 828
"../../../Engine/Plugins/FX/Niagara/Content/DynamicInputs/Multiply/Multiply_Vector.uasset" 829
"../../../Engine/Plugins/FX/Niagara/Content/DynamicInputs/Multiply/Multiply_Vector.uexp" 830
"../../../Engine/Plugins/FX/Niagara/Content/Functions/GetRandomInfo.uasset" 831
"../../../Engine/Plugins/FX/Niagara/Content/Functions/GetRandomInfo.uexp" 832
"../../../Engine/Plugins/FX/Niagara/Content/Functions/RandomRangeFloat.uasset" 833
"../../../Engine/Plugins/FX/Niagara/Content/Functions/RandomRangeFloat.uexp" 834
"../../../Engine/Plugins/FX/Niagara/Content/Functions/Localspace/SimulationPosition.uasset" 835
"../../../Engine/Plugins/FX/Niagara/Content/Functions/Localspace/SimulationPosition.uexp" 836
"../../../Engine/Plugins/FX/Niagara/Content/Enums/ENiagaraCoordinateSpace.uasset" 837
"../../../Engine/Plugins/FX/Niagara/Content/Enums/ENiagaraCoordinateSpace.uexp" 838
"../../../Engine/Plugins/FX/Niagara/Content/Functions/Localspace/TransformBase.uasset" 839
"../../../Engine/Plugins/FX/Niagara/Content/Functions/Localspace/TransformBase.uexp" 840
"../../../Engine/Plugins/FX/Niagara/Content/Functions/Localspace/TransformVector.uasset" 841
"../../../Engine/Plugins/FX/Niagara/Content/Functions/Localspace/TransformVector.uexp" 842
"../../../Engine/Plugins/FX/Niagara/Content/Functions/V2/CalculateRandomRange.uasset" 843
"../../../Engine/Plugins/FX/Niagara/Content/Functions/V2/CalculateRandomRange.uexp" 844
"../../../Engine/Plugins/FX/Niagara/Content/Enums/Ribbons/ENiagara_UnsetDirectSet.uasset" 845
"../../../Engine/Plugins/FX/Niagara/Content/Enums/Ribbons/ENiagara_UnsetDirectSet.uexp" 846
"../../../Engine/Plugins/FX/Niagara/Content/Enums/ENiagara_ColorInitializationMode.uasset" 847
"../../../Engine/Plugins/FX/Niagara/Content/Enums/ENiagara_ColorInitializationMode.uexp" 848
"../../../Engine/Plugins/FX/Niagara/Content/Functions/LinearColor/HueShiftLinearColor.uasset" 849
"../../../Engine/Plugins/FX/Niagara/Content/Functions/LinearColor/HueShiftLinearColor.uexp" 850
"../../../Engine/Plugins/FX/Niagara/Content/Enums/ENiagaraChannelCorrelation.uasset" 851
"../../../Engine/Plugins/FX/Niagara/Content/Enums/ENiagaraChannelCorrelation.uexp" 852
"../../../Engine/Plugins/FX/Niagara/Content/Modules/Spawn/Initialization/InitializeRibbon.uasset" 853
"../../../Engine/Plugins/FX/Niagara/Content/Modules/Spawn/Initialization/InitializeRibbon.uexp" 854
"../../../Engine/Plugins/FX/Niagara/Content/Enums/ENiagaraSystemInactiveMode.uasset" 855
"../../../Engine/Plugins/FX/Niagara/Content/Enums/ENiagaraSystemInactiveMode.uexp" 856
"../../../Engine/Plugins/FX/Niagara/Content/Functions/System/SystemChangeState.uasset" 857
"../../../Engine/Plugins/FX/Niagara/Content/Functions/System/SystemChangeState.uexp" 858
"../../../Engine/Plugins/FX/Niagara/Content/Modules/System/SystemState.uasset" 859
"../../../Engine/Plugins/FX/Niagara/Content/Modules/System/SystemState.uexp" 860
"E:/Documents/VR Projects/CoralLabV1 5.0/Content/VRTemplate/VFX/NPC_VRTemplate.uasset" 861
"E:/Documents/VR Projects/CoralLabV1 5.0/Content/VRTemplate/VFX/NPC_VRTemplate.uexp" 862
"../../../Engine/Content/EngineMaterials/Good64x64TilingNoiseHighFreq.uasset" 863
"../../../Engine/Content/EngineMaterials/Good64x64TilingNoiseHighFreq.uexp" 864
"../../../Engine/Content/Functions/Engine_MaterialFunctions02/Utility/DepthFromWorldPosition.uasset" 865
"../../../Engine/Content/Functions/Engine_MaterialFunctions02/Utility/DepthFromWorldPosition.uexp" 866
"E:/Documents/VR Projects/CoralLabV1 5.0/Content/VRTemplate/Materials/Functions/MF_OccludedPixels.uasset" 867
"E:/Documents/VR Projects/CoralLabV1 5.0/Content/VRTemplate/Materials/Functions/MF_OccludedPixels.uexp" 868
"E:/Documents/VR Projects/CoralLabV1 5.0/Content/VRTemplate/Materials/M_TeleportNoise.uasset" 869
"E:/Documents/VR Projects/CoralLabV1 5.0/Content/VRTemplate/Materials/M_TeleportNoise.uexp" 870
"../../../Engine/Plugins/FX/Niagara/Content/Functions/Math/SaturateFloat.uasset" 871
"../../../Engine/Plugins/FX/Niagara/Content/Functions/Math/SaturateFloat.uexp" 872
"../../../Engine/Plugins/FX/Niagara/Content/Icons/Modules/T_Icon_Particle_InfiniteLife.uasset" 873
"../../../Engine/Plugins/FX/Niagara/Content/Icons/Modules/T_Icon_Particle_InfiniteLife.uexp" 874
"../../../Engine/Plugins/FX/Niagara/Content/Modules/Update/Lifetime/ParticleState.uasset" 875
"../../../Engine/Plugins/FX/Niagara/Content/Modules/Update/Lifetime/ParticleState.uexp" 876
"E:/Documents/VR Projects/CoralLabV1 5.0/Content/VRTemplate/VFX/NS_PlayAreaBounds.uasset" 877
"E:/Documents/VR Projects/CoralLabV1 5.0/Content/VRTemplate/VFX/NS_PlayAreaBounds.uexp" 878
"../../../Engine/Plugins/FX/Niagara/Content/Enums/ENiagaraTorusDistributionMode.uasset" 879
"../../../Engine/Plugins/FX/Niagara/Content/Enums/ENiagaraTorusDistributionMode.uexp" 880
"../../../Engine/Plugins/FX/Niagara/Content/Enums/ENiagaraTorusMode.uasset" 881
"../../../Engine/Plugins/FX/Niagara/Content/Enums/ENiagaraTorusMode.uexp" 882
"../../../Engine/Plugins/FX/Niagara/Content/Enums/ENiagara_SizeScaleMode.uasset" 883
"../../../Engine/Plugins/FX/Niagara/Content/Enums/ENiagara_SizeScaleMode.uexp" 884
"../../../Engine/Plugins/FX/Niagara/Content/Enums/ENiagara_UVFlippingMode.uasset" 885
"../../../Engine/Plugins/FX/Niagara/Content/Enums/ENiagara_UVFlippingMode.uexp" 886
"../../../Engine/Plugins/FX/Niagara/Content/Enums/Ribbons/ENiagara_UnsetDirectSetRandom.uasset" 887
"../../../Engine/Plugins/FX/Niagara/Content/Enums/Ribbons/ENiagara_UnsetDirectSetRandom.uexp" 888
"../../../Engine/Plugins/FX/Niagara/Content/Functions/V2/CalculateRandomBool.uasset" 889
"../../../Engine/Plugins/FX/Niagara/Content/Functions/V2/CalculateRandomBool.uexp" 890
"../../../Engine/Plugins/FX/Niagara/Content/Enums/ENiagara_SpriteRotationMode.uasset" 891
"../../../Engine/Plugins/FX/Niagara/Content/Enums/ENiagara_SpriteRotationMode.uexp" 892
"../../../Engine/Plugins/FX/Niagara/Content/Modules/Spawn/Initialization/V2/InitializeParticle.uasset" 893
"../../../Engine/Plugins/FX/Niagara/Content/Modules/Spawn/Initialization/V2/InitializeParticle.uexp" 894
"E:/Documents/VR Projects/CoralLabV1 5.0/Content/VRTemplate/Materials/M_TeleportCylinder.uasset" 895
"E:/Documents/VR Projects/CoralLabV1 5.0/Content/VRTemplate/Materials/M_TeleportCylinder.uexp" 896
"../../../Engine/Content/BasicShapes/Cylinder.uasset" 897
"../../../Engine/Content/BasicShapes/Cylinder.uexp" 898
"../../../Engine/Plugins/FX/Niagara/Content/Functions/DirectionAndLengthSafe.uasset" 899
"../../../Engine/Plugins/FX/Niagara/Content/Functions/DirectionAndLengthSafe.uexp" 900
"../../../Engine/Plugins/FX/Niagara/Content/Functions/Rotation/MultiplyVectorWithQuaternion.uasset" 901
"../../../Engine/Plugins/FX/Niagara/Content/Functions/Rotation/MultiplyVectorWithQuaternion.uexp" 902
"../../../Engine/Plugins/FX/Niagara/Content/Functions/Rotation/MultiplyQuaternion.uasset" 903
"../../../Engine/Plugins/FX/Niagara/Content/Functions/Rotation/MultiplyQuaternion.uexp" 904
"../../../Engine/Plugins/FX/Niagara/Content/Functions/Rotation/FindQuatBetween.uasset" 905
"../../../Engine/Plugins/FX/Niagara/Content/Functions/Rotation/FindQuatBetween.uexp" 906
"../../../Engine/Plugins/FX/Niagara/Content/Functions/RandomRange.uasset" 907
"../../../Engine/Plugins/FX/Niagara/Content/Functions/RandomRange.uexp" 908
"../../../Engine/Plugins/FX/Niagara/Content/Functions/ParametricTorusKnot.uasset" 909
"../../../Engine/Plugins/FX/Niagara/Content/Functions/ParametricTorusKnot.uexp" 910
"../../../Engine/Plugins/FX/Niagara/Content/Enums/ENiagaraVector4_Channels.uasset" 911
"../../../Engine/Plugins/FX/Niagara/Content/Enums/ENiagaraVector4_Channels.uexp" 912
"../../../Engine/Plugins/FX/Niagara/Content/Functions/ChannelMasks/SelectV4Channel.uasset" 913
"../../../Engine/Plugins/FX/Niagara/Content/Functions/ChannelMasks/SelectV4Channel.uexp" 914
"../../../Engine/Plugins/FX/Niagara/Content/Functions/Localspace/PositionToVector.uasset" 915
"../../../Engine/Plugins/FX/Niagara/Content/Functions/Localspace/PositionToVector.uexp" 916
"../../../Engine/Plugins/FX/Niagara/Content/Functions/PolarToCartesianCoordinates.uasset" 917
"../../../Engine/Plugins/FX/Niagara/Content/Functions/PolarToCartesianCoordinates.uexp" 918
"../../../Engine/Plugins/FX/Niagara/Content/Functions/ParametricTorus.uasset" 919
"../../../Engine/Plugins/FX/Niagara/Content/Functions/ParametricTorus.uexp" 920
"../../../Engine/Plugins/FX/Niagara/Content/Functions/Rotation/AxisAngleToQuaternion.uasset" 921
"../../../Engine/Plugins/FX/Niagara/Content/Functions/Rotation/AxisAngleToQuaternion.uexp" 922
"../../../Engine/Plugins/FX/Niagara/Content/Modules/Spawn/Location/TorusLocation.uasset" 923
"../../../Engine/Plugins/FX/Niagara/Content/Modules/Spawn/Location/TorusLocation.uexp" 924
"E:/Documents/VR Projects/CoralLabV1 5.0/Content/VRTemplate/VFX/NS_TeleportRing.uasset" 925
"E:/Documents/VR Projects/CoralLabV1 5.0/Content/VRTemplate/VFX/NS_TeleportRing.uexp" 926
"E:/Documents/VR Projects/CoralLabV1 5.0/Content/VRTemplate/Blueprints/VRTeleportVisualizer.uasset" 927
"E:/Documents/VR Projects/CoralLabV1 5.0/Content/VRTemplate/Blueprints/VRTeleportVisualizer.uexp" 928
"../../../Engine/Plugins/FX/Niagara/Content/DynamicInputs/Helpers/SimulationPosition.uasset" 929
"../../../Engine/Plugins/FX/Niagara/Content/DynamicInputs/Helpers/SimulationPosition.uexp" 930
"../../../Engine/Plugins/FX/Niagara/Content/Functions/Localspace/TransformPosition.uasset" 931
"../../../Engine/Plugins/FX/Niagara/Content/Functions/Localspace/TransformPosition.uexp" 932
"../../../Engine/Plugins/FX/Niagara/Content/Modules/Beams/BeamEmitterSetup.uasset" 933
"../../../Engine/Plugins/FX/Niagara/Content/Modules/Beams/BeamEmitterSetup.uexp" 934
"../../../Engine/Plugins/FX/Niagara/Content/Modules/Spawn/Initialization/InitializeParticle.uasset" 935
"../../../Engine/Plugins/FX/Niagara/Content/Modules/Spawn/Initialization/InitializeParticle.uexp" 936
"../../../Engine/Plugins/FX/Niagara/Content/Icons/Modules/T_Icon_Solver_LimitSpeed.uasset" 937
"../../../Engine/Plugins/FX/Niagara/Content/Icons/Modules/T_Icon_Solver_LimitSpeed.uexp" 938
"../../../Engine/Plugins/FX/Niagara/Content/Modules/Solvers/ApplyRotationVector.uasset" 939
"../../../Engine/Plugins/FX/Niagara/Content/Modules/Solvers/ApplyRotationVector.uexp" 940
"../../../Engine/Plugins/FX/Niagara/Content/Icons/Modules/T_Icon_Solver_RotationalSolve.uasset" 941
"../../../Engine/Plugins/FX/Niagara/Content/Icons/Modules/T_Icon_Solver_RotationalSolve.uexp" 942
"../../../Engine/Plugins/FX/Niagara/Content/Icons/Modules/T_Icon_Solver_LimitAccel.uasset" 943
"../../../Engine/Plugins/FX/Niagara/Content/Icons/Modules/T_Icon_Solver_LimitAccel.uexp" 944
"../../../Engine/Plugins/FX/Niagara/Content/Modules/Solvers/SolveForcesAndVelocity.uasset" 945
"../../../Engine/Plugins/FX/Niagara/Content/Modules/Solvers/SolveForcesAndVelocity.uexp" 946
"../../../Engine/Plugins/FX/Niagara/Content/Functions/Spline/FindPositionOnBezierSpline.uasset" 947
"../../../Engine/Plugins/FX/Niagara/Content/Functions/Spline/FindPositionOnBezierSpline.uexp" 948
"../../../Engine/Plugins/FX/Niagara/Content/Modules/Beams/SpawnBeam.uasset" 949
"../../../Engine/Plugins/FX/Niagara/Content/Modules/Beams/SpawnBeam.uexp" 950
"../../../Engine/Plugins/FX/Niagara/Content/Modules/Beams/BeamWidth.uasset" 951
"../../../Engine/Plugins/FX/Niagara/Content/Modules/Beams/BeamWidth.uexp" 952
"E:/Documents/VR Projects/CoralLabV1 5.0/Content/VRTemplate/Materials/DefaultRibbonMaterial_NoGradient.uasset" 953
"E:/Documents/VR Projects/CoralLabV1 5.0/Content/VRTemplate/Materials/DefaultRibbonMaterial_NoGradient.uexp" 954
"../../../Engine/Plugins/FX/Niagara/Content/DynamicInputs/ValueFromCurve/FloatFromCurve.uasset" 955
"../../../Engine/Plugins/FX/Niagara/Content/DynamicInputs/ValueFromCurve/FloatFromCurve.uexp" 956
"../../../Engine/Plugins/FX/Niagara/Content/Modules/Update/Color/Color.uasset" 957
"../../../Engine/Plugins/FX/Niagara/Content/Modules/Update/Color/Color.uexp" 958
"../../../Engine/Plugins/FX/Niagara/Content/DynamicInputs/ValueFromCurve/ColorFromCurve.uasset" 959
"../../../Engine/Plugins/FX/Niagara/Content/DynamicInputs/ValueFromCurve/ColorFromCurve.uexp" 960
"E:/Documents/VR Projects/CoralLabV1 5.0/Content/VRTemplate/VFX/NS_TeleportTrace.uasset" 961
"E:/Documents/VR Projects/CoralLabV1 5.0/Content/VRTemplate/VFX/NS_TeleportTrace.uexp" 962
"../../../Engine/Content/VREditor/Devices/Generic/GenericHMDMaterial.uasset" 963
"../../../Engine/Content/VREditor/Devices/Generic/GenericHMDMaterial.uexp" 964
"../../../Engine/Content/VREditor/Devices/Generic/GenericHMD.uasset" 965
"../../../Engine/Content/VREditor/Devices/Generic/GenericHMD.uexp" 966
"E:/Documents/VR Projects/CoralLabV1 5.0/Content/VRTemplate/VFX/NS_MenuLaser.uasset" 967
"E:/Documents/VR Projects/CoralLabV1 5.0/Content/VRTemplate/VFX/NS_MenuLaser.uexp" 968
"E:/Documents/VR Projects/CoralLabV1 5.0/Content/VRTemplate/Blueprints/WidgetMenu.uasset" 969
"E:/Documents/VR Projects/CoralLabV1 5.0/Content/VRTemplate/Blueprints/WidgetMenu.uexp" 970
"../../../Engine/Content/BasicShapes/Sphere.uasset" 971
"../../../Engine/Content/BasicShapes/Sphere.uexp" 972
"E:/Documents/VR Projects/CoralLabV1 5.0/Content/VRTemplate/Materials/M_VRCursor.uasset" 973
"E:/Documents/VR Projects/CoralLabV1 5.0/Content/VRTemplate/Materials/M_VRCursor.uexp" 974
"E:/Documents/VR Projects/CoralLabV1 5.0/Content/VRTemplate/Blueprints/Menu.uasset" 975
"E:/Documents/VR Projects/CoralLabV1 5.0/Content/VRTemplate/Blueprints/Menu.uexp" 976
"E:/Documents/VR Projects/CoralLabV1 5.0/Content/VRTemplate/Blueprints/VRPawn.uasset" 977
"E:/Documents/VR Projects/CoralLabV1 5.0/Content/VRTemplate/Blueprints/VRPawn.uexp" 978
"E:/Documents/VR Projects/CoralLabV1 5.0/Content/VRTemplate/Blueprints/VRGameMode.uasset" 979
"E:/Documents/VR Projects/CoralLabV1 5.0/Content/VRTemplate/Blueprints/VRGameMode.uexp" 980
"E:/Documents/VR Projects/CoralLabV1 5.0/Content/My_Stuff/Assets/Denis_Chen2016_15thInternationalCoralReefConference.uasset" 981
"E:/Documents/VR Projects/CoralLabV1 5.0/Content/My_Stuff/Assets/Denis_Chen2016_15thInternationalCoralReefConference.uexp" 982
"E:/Documents/VR Projects/CoralLabV1 5.0/Content/My_Stuff/Assets/Denis_Chen2016_15thInternationalCoralReefConference_Mat.uasset" 983
"E:/Documents/VR Projects/CoralLabV1 5.0/Content/My_Stuff/Assets/Denis_Chen2016_15thInternationalCoralReefConference_Mat.uexp" 984
"E:/Documents/VR Projects/CoralLabV1 5.0/Content/My_Stuff/Assets/19149_orig.uasset" 985
"E:/Documents/VR Projects/CoralLabV1 5.0/Content/My_Stuff/Assets/19149_orig.uexp" 986
"E:/Documents/VR Projects/CoralLabV1 5.0/Content/My_Stuff/Assets/19149_orig_Mat.uasset" 987
"E:/Documents/VR Projects/CoralLabV1 5.0/Content/My_Stuff/Assets/19149_orig_Mat.uexp" 988
"E:/Documents/VR Projects/CoralLabV1 5.0/Content/My_Stuff/Maps/_GENERATED/edani/Boolean_F20675CD.ubulk" 989
"E:/Documents/VR Projects/CoralLabV1 5.0/Content/My_Stuff/Maps/_GENERATED/edani/Boolean_F20675CD.uasset" 990
"E:/Documents/VR Projects/CoralLabV1 5.0/Content/My_Stuff/Maps/_GENERATED/edani/Boolean_F20675CD.uexp" 991
"E:/Documents/VR Projects/CoralLabV1 5.0/Content/My_Stuff/Assets/4359940_orig.uasset" 992
"E:/Documents/VR Projects/CoralLabV1 5.0/Content/My_Stuff/Assets/4359940_orig.uexp" 993
"E:/Documents/VR Projects/CoralLabV1 5.0/Content/My_Stuff/Assets/4359940_orig_Mat.uasset" 994
"E:/Documents/VR Projects/CoralLabV1 5.0/Content/My_Stuff/Assets/4359940_orig_Mat.uexp" 995
"../../../Engine/Content/BasicShapes/BasicShapeMaterial.uasset" 996
"../../../Engine/Content/BasicShapes/BasicShapeMaterial.uexp" 997
"E:/Documents/VR Projects/CoralLabV1 5.0/Content/My_Stuff/Assets/vanessa-land_1_orig.uasset" 998
"E:/Documents/VR Projects/CoralLabV1 5.0/Content/My_Stuff/Assets/vanessa-land_1_orig.uexp" 999
"E:/Documents/VR Projects/CoralLabV1 5.0/Content/My_Stuff/Assets/vanessa-land_1_orig_Mat.uasset" 1000
"E:/Documents/VR Projects/CoralLabV1 5.0/Content/My_Stuff/Assets/vanessa-land_1_orig_Mat.uexp" 1001
"E:/Documents/VR Projects/CoralLabV1 5.0/Content/My_Stuff/Assets/vicky-land_1_orig.uasset" 1002
"E:/Documents/VR Projects/CoralLabV1 5.0/Content/My_Stuff/Assets/vicky-land_1_orig.uexp" 1003
"E:/Documents/VR Projects/CoralLabV1 5.0/Content/My_Stuff/Assets/vicky-land_1_orig_Mat.uasset" 1004
"E:/Documents/VR Projects/CoralLabV1 5.0/Content/My_Stuff/Assets/vicky-land_1_orig_Mat.uexp" 1005
"E:/Documents/VR Projects/CoralLabV1 5.0/Content/My_Stuff/Materials/ED_Teal.uasset" 1006
"E:/Documents/VR Projects/CoralLabV1 5.0/Content/My_Stuff/Materials/ED_Teal.uexp" 1007
"E:/Documents/VR Projects/CoralLabV1 5.0/Content/My_Stuff/Materials/ED_Red.uasset" 1008
"E:/Documents/VR Projects/CoralLabV1 5.0/Content/My_Stuff/Materials/ED_Red.uexp" 1009
"E:/Documents/VR Projects/CoralLabV1 5.0/Content/VirtualRealityBP/Maps/_GENERATED/edani/Merge_1EDDC211.ubulk" 1010
"E:/Documents/VR Projects/CoralLabV1 5.0/Content/VirtualRealityBP/Maps/_GENERATED/edani/Merge_1EDDC211.uasset" 1011
"E:/Documents/VR Projects/CoralLabV1 5.0/Content/VirtualRealityBP/Maps/_GENERATED/edani/Merge_1EDDC211.uexp" 1012
"E:/Documents/VR Projects/CoralLabV1 5.0/Content/VirtualRealityBP/Maps/_GENERATED/edani/Merge_2B2F2628.ubulk" 1013
"E:/Documents/VR Projects/CoralLabV1 5.0/Content/VirtualRealityBP/Maps/_GENERATED/edani/Merge_2B2F2628.uasset" 1014
"E:/Documents/VR Projects/CoralLabV1 5.0/Content/VirtualRealityBP/Maps/_GENERATED/edani/Merge_2B2F2628.uexp" 1015
"E:/Documents/VR Projects/CoralLabV1 5.0/Content/My_Stuff/Assets/Eric_Liu.uasset" 1016
"E:/Documents/VR Projects/CoralLabV1 5.0/Content/My_Stuff/Assets/Eric_Liu.uexp" 1017
"E:/Documents/VR Projects/CoralLabV1 5.0/Content/My_Stuff/Assets/Eric_Liu_Mat.uasset" 1018
"E:/Documents/VR Projects/CoralLabV1 5.0/Content/My_Stuff/Assets/Eric_Liu_Mat.uexp" 1019
"E:/Documents/VR Projects/CoralLabV1 5.0/Content/My_Stuff/Assets/2021JOINT-LAB_MEETING_ACCRETION_COMPLEXITY.uasset" 1020
"E:/Documents/VR Projects/CoralLabV1 5.0/Content/My_Stuff/Assets/2021JOINT-LAB_MEETING_ACCRETION_COMPLEXITY.uexp" 1021
"E:/Documents/VR Projects/CoralLabV1 5.0/Content/My_Stuff/Assets/2021JOINT-LAB_MEETING_ACCRETION_COMPLEXITY_Mat.uasset" 1022
"E:/Documents/VR Projects/CoralLabV1 5.0/Content/My_Stuff/Assets/2021JOINT-LAB_MEETING_ACCRETION_COMPLEXITY_Mat.uexp" 1023
"E:/Documents/VR Projects/CoralLabV1 5.0/Content/Megascans/Surfaces/Brown_Ceramic_Tiles_ufgpfh1ew/MI_Brown_Ceramic_Tiles_ufgpfh1ew_1K_Inst.uasset" 1024
"E:/Documents/VR Projects/CoralLabV1 5.0/Content/Megascans/Surfaces/Brown_Ceramic_Tiles_ufgpfh1ew/MI_Brown_Ceramic_Tiles_ufgpfh1ew_1K_Inst.uexp" 1025
"E:/Documents/VR Projects/CoralLabV1 5.0/Content/My_Stuff/Assets/valonia-ventricosa-2.uasset" 1026
"E:/Documents/VR Projects/CoralLabV1 5.0/Content/My_Stuff/Assets/valonia-ventricosa-2.uexp" 1027
"E:/Documents/VR Projects/CoralLabV1 5.0/Content/My_Stuff/Assets/valonia-ventricosa-2_Mat.uasset" 1028
"E:/Documents/VR Projects/CoralLabV1 5.0/Content/My_Stuff/Assets/valonia-ventricosa-2_Mat.uexp" 1029
"E:/Documents/VR Projects/CoralLabV1 5.0/Content/My_Stuff/Assets/suberea-sp.uasset" 1030
"E:/Documents/VR Projects/CoralLabV1 5.0/Content/My_Stuff/Assets/suberea-sp.uexp" 1031
"E:/Documents/VR Projects/CoralLabV1 5.0/Content/My_Stuff/Assets/suberea-sp_Mat.uasset" 1032
"E:/Documents/VR Projects/CoralLabV1 5.0/Content/My_Stuff/Assets/suberea-sp_Mat.uexp" 1033
"../../../Engine/Content/MapTemplates/Materials/BasicAsset03.uasset" 1034
"../../../Engine/Content/MapTemplates/Materials/BasicAsset03.uexp" 1035
"E:/Documents/VR Projects/CoralLabV1 5.0/Content/My_Stuff/Assets/xestospongia-testudinaria-3_1.uasset" 1036
"E:/Documents/VR Projects/CoralLabV1 5.0/Content/My_Stuff/Assets/xestospongia-testudinaria-3_1.uexp" 1037
"E:/Documents/VR Projects/CoralLabV1 5.0/Content/My_Stuff/Assets/xestospongia-testudinaria-3_1_Mat.uasset" 1038
"E:/Documents/VR Projects/CoralLabV1 5.0/Content/My_Stuff/Assets/xestospongia-testudinaria-3_1_Mat.uexp" 1039
"E:/Documents/VR Projects/CoralLabV1 5.0/Content/My_Stuff/Assets/euphylia-ancora.uasset" 1040
"E:/Documents/VR Projects/CoralLabV1 5.0/Content/My_Stuff/Assets/euphylia-ancora.uexp" 1041
"E:/Documents/VR Projects/CoralLabV1 5.0/Content/My_Stuff/Assets/euphylia-ancora_Mat.uasset" 1042
"E:/Documents/VR Projects/CoralLabV1 5.0/Content/My_Stuff/Assets/euphylia-ancora_Mat.uexp" 1043
"E:/Documents/VR Projects/CoralLabV1 5.0/Content/My_Stuff/Assets/Fish_assemblage_and_bioeroder_interactions_with_coral_reefs_.uasset" 1044
"E:/Documents/VR Projects/CoralLabV1 5.0/Content/My_Stuff/Assets/Fish_assemblage_and_bioeroder_interactions_with_coral_reefs_.uexp" 1045
"E:/Documents/VR Projects/CoralLabV1 5.0/Content/My_Stuff/Assets/Fish_assemblage_and_bioeroder_interactions_with_coral_reefs__Mat.uasset" 1046
"E:/Documents/VR Projects/CoralLabV1 5.0/Content/My_Stuff/Assets/Fish_assemblage_and_bioeroder_interactions_with_coral_reefs__Mat.uexp" 1047
"E:/Documents/VR Projects/CoralLabV1 5.0/Content/My_Stuff/Assets/1623167.uasset" 1048
"E:/Documents/VR Projects/CoralLabV1 5.0/Content/My_Stuff/Assets/1623167.uexp" 1049
"E:/Documents/VR Projects/CoralLabV1 5.0/Content/My_Stuff/Assets/1623167_Mat.uasset" 1050
"E:/Documents/VR Projects/CoralLabV1 5.0/Content/My_Stuff/Assets/1623167_Mat.uexp" 1051
"E:/Documents/VR Projects/CoralLabV1 5.0/Content/Mannequin/Character/Mesh/SK_Mannequin_PhysicsAsset.uasset" 1052
"E:/Documents/VR Projects/CoralLabV1 5.0/Content/Mannequin/Character/Mesh/SK_Mannequin_PhysicsAsset.uexp" 1053
"E:/Documents/VR Projects/CoralLabV1 5.0/Content/Mannequin/Character/Mesh/SK_Mannequin.uasset" 1054
"E:/Documents/VR Projects/CoralLabV1 5.0/Content/Mannequin/Character/Mesh/SK_Mannequin.uexp" 1055
"E:/Documents/VR Projects/CoralLabV1 5.0/Content/My_Stuff/Maps/CoralLab_2_BuiltData.ubulk" 1056
"E:/Documents/VR Projects/CoralLabV1 5.0/Content/My_Stuff/Maps/CoralLab_2_BuiltData.uasset" 1057
"E:/Documents/VR Projects/CoralLabV1 5.0/Content/My_Stuff/Maps/CoralLab_2_BuiltData.uexp" 1058
"E:/Documents/VR Projects/CoralLabV1 5.0/Content/My_Stuff/Assets/acanthalla-cavernosa.uasset" 1059
"E:/Documents/VR Projects/CoralLabV1 5.0/Content/My_Stuff/Assets/acanthalla-cavernosa.uexp" 1060
"E:/Documents/VR Projects/CoralLabV1 5.0/Content/My_Stuff/Assets/acanthalla-cavernosa_Mat.uasset" 1061
"E:/Documents/VR Projects/CoralLabV1 5.0/Content/My_Stuff/Assets/acanthalla-cavernosa_Mat.uexp" 1062
"E:/Documents/VR Projects/CoralLabV1 5.0/Content/My_Stuff/Maps/CoralLab_2.uexp" 1063
"E:/Documents/VR Projects/CoralLabV1 5.0/Content/My_Stuff/Maps/CoralLab_2.umap" 1064
"../../../Engine/Content/Maps/Entry_BuiltData.uasset" 1065
"../../../Engine/Content/Maps/Entry_BuiltData.uexp" 1066
"../../../Engine/Content/Maps/Entry.uexp" 1067
"../../../Engine/Content/Maps/Entry.umap" 1068
