"../../../Engine/Content/Functions/Engine_MaterialFunctions01/Shading/PowerToRoughness.uasset" 0
"../../../Engine/Content/Functions/Engine_MaterialFunctions01/Shading/PowerToRoughness.uexp" 1
"../../../Engine/Content/Functions/Engine_MaterialFunctions01/Shading/ConvertFromDiffSpec.uasset" 2
"../../../Engine/Content/Functions/Engine_MaterialFunctions01/Shading/ConvertFromDiffSpec.uexp" 3
"../../../Engine/Content/EngineSounds/Master.uasset" 4
"../../../Engine/Content/EngineSounds/Master.uexp" 5
"../../../Engine/Content/EngineSky/VolumetricClouds/CloudWeatherTexture.uasset" 6
"../../../Engine/Content/EngineSky/VolumetricClouds/CloudWeatherTexture.uexp" 7
"../../../Engine/Content/Functions/Engine_MaterialFunctions02/Utility/MakeFloat2.uasset" 8
"../../../Engine/Content/Functions/Engine_MaterialFunctions02/Utility/MakeFloat2.uexp" 9
"../../../Engine/Content/EngineSky/VolumetricClouds/CloudGradientTexture.uasset" 10
"../../../Engine/Content/EngineSky/VolumetricClouds/CloudGradientTexture.uexp" 11
"../../../Engine/Content/EngineSky/VolumetricClouds/T_NoiseShape64.ubulk" 12
"../../../Engine/Content/EngineSky/VolumetricClouds/T_NoiseShape64.uasset" 13
"../../../Engine/Content/EngineSky/VolumetricClouds/T_NoiseShape64.uexp" 14
"../../../Engine/Content/EngineSky/VolumetricClouds/T_VolumeNoiseShape64.uasset" 15
"../../../Engine/Content/EngineSky/VolumetricClouds/T_VolumeNoiseShape64.uexp" 16
"../../../Engine/Content/EngineSky/VolumetricClouds/T_NoiseErosion.ubulk" 17
"../../../Engine/Content/EngineSky/VolumetricClouds/T_NoiseErosion.uasset" 18
"../../../Engine/Content/EngineSky/VolumetricClouds/T_NoiseErosion.uexp" 19
"../../../Engine/Content/EngineSky/VolumetricClouds/T_VolumeNoiseErosion32.uasset" 20
"../../../Engine/Content/EngineSky/VolumetricClouds/T_VolumeNoiseErosion32.uexp" 21
"../../../Engine/Content/EngineSky/VolumetricClouds/m_SimpleVolumetricCloud.uasset" 22
"../../../Engine/Content/EngineSky/VolumetricClouds/m_SimpleVolumetricCloud.uexp" 23
"../../../Engine/Content/EngineSky/VolumetricClouds/m_SimpleVolumetricCloud_Inst.uasset" 24
"../../../Engine/Content/EngineSky/VolumetricClouds/m_SimpleVolumetricCloud_Inst.uexp" 25
"../../../Engine/Content/EngineResources/GradientTexture0.uasset" 26
"../../../Engine/Content/EngineResources/GradientTexture0.uexp" 27
"../../../Engine/Content/EngineResources/DefaultVolumeTexture2D.uasset" 28
"../../../Engine/Content/EngineResources/DefaultVolumeTexture2D.uexp" 29
"../../../Engine/Content/EngineResources/DefaultVolumeTexture.uasset" 30
"../../../Engine/Content/EngineResources/DefaultVolumeTexture.uexp" 31
"../../../Engine/Content/EngineResources/DefaultTextureCube.uasset" 32
"../../../Engine/Content/EngineResources/DefaultTextureCube.uexp" 33
"../../../Engine/Content/EngineResources/DefaultTexture.ubulk" 34
"../../../Engine/Content/EngineResources/DefaultTexture.uasset" 35
"../../../Engine/Content/EngineResources/DefaultTexture.uexp" 36
"../../../Engine/Content/EngineResources/FilmGrains/Marcie_Grain_v3_128_M2_000.uasset" 37
"../../../Engine/Content/EngineResources/FilmGrains/Marcie_Grain_v3_128_M2_000.uexp" 38
"../../../Engine/Content/EngineMeshes/Sphere.uasset" 39
"../../../Engine/Content/EngineMeshes/Sphere.uexp" 40
"../../../Engine/Content/EngineResources/WhiteSquareTexture.uasset" 41
"../../../Engine/Content/EngineResources/WhiteSquareTexture.uexp" 42
"../../../Engine/Content/EngineMaterials/Widget3DPassThrough.uasset" 43
"../../../Engine/Content/EngineMaterials/Widget3DPassThrough.uexp" 44
"../../../Engine/Content/EngineMaterials/Widget3DPassThrough_Translucent.uasset" 45
"../../../Engine/Content/EngineMaterials/Widget3DPassThrough_Translucent.uexp" 46
"../../../Engine/Content/EngineMaterials/Widget3DPassThrough_Translucent_OneSided.uasset" 47
"../../../Engine/Content/EngineMaterials/Widget3DPassThrough_Translucent_OneSided.uexp" 48
"../../../Engine/Content/EngineMaterials/Widget3DPassThrough_Opaque.uasset" 49
"../../../Engine/Content/EngineMaterials/Widget3DPassThrough_Opaque.uexp" 50
"../../../Engine/Content/EngineMaterials/Widget3DPassThrough_Opaque_OneSided.uasset" 51
"../../../Engine/Content/EngineMaterials/Widget3DPassThrough_Opaque_OneSided.uexp" 52
"../../../Engine/Content/EngineMaterials/Widget3DPassThrough_Masked_OneSided.uasset" 53
"../../../Engine/Content/EngineMaterials/Widget3DPassThrough_Masked_OneSided.uexp" 54
"../../../Engine/Content/EngineMaterials/Widget3DPassThrough_Masked.uasset" 55
"../../../Engine/Content/EngineMaterials/Widget3DPassThrough_Masked.uexp" 56
"../../../Engine/Content/EngineMaterials/WeightMapPlaceholderTexture.uasset" 57
"../../../Engine/Content/EngineMaterials/WeightMapPlaceholderTexture.uexp" 58
"../../../Engine/Content/EngineMaterials/RemoveSurfaceMaterial.uasset" 59
"../../../Engine/Content/EngineMaterials/RemoveSurfaceMaterial.uexp" 60
"../../../Engine/Content/EngineMaterials/PreintegratedSkinBRDF.uasset" 61
"../../../Engine/Content/EngineMaterials/PreintegratedSkinBRDF.uexp" 62
"../../../Engine/Content/Functions/Engine_MaterialFunctions02/WorldPositionOffset/CameraOffset.uasset" 63
"../../../Engine/Content/Functions/Engine_MaterialFunctions02/WorldPositionOffset/CameraOffset.uexp" 64
"../../../Engine/Content/EngineMaterials/PhAT_JointLimitMaterial.uasset" 65
"../../../Engine/Content/EngineMaterials/PhAT_JointLimitMaterial.uexp" 66
"../../../Engine/Content/EngineMaterials/InvalidLightmapSettings.ubulk" 67
"../../../Engine/Content/EngineMaterials/InvalidLightmapSettings.uasset" 68
"../../../Engine/Content/EngineMaterials/InvalidLightmapSettings.uexp" 69
"../../../Engine/Content/EngineMaterials/M_InvalidLightmapSettings.uasset" 70
"../../../Engine/Content/EngineMaterials/M_InvalidLightmapSettings.uexp" 71
"../../../Engine/Content/EngineMaterials/MiniFont.uasset" 72
"../../../Engine/Content/EngineMaterials/MiniFont.uexp" 73
"../../../Engine/Content/EngineMaterials/GizmoMaterial.uasset" 74
"../../../Engine/Content/EngineMaterials/GizmoMaterial.uexp" 75
"../../../Engine/Content/EngineMaterials/BaseFlattenEmissiveMap_VT.uasset" 76
"../../../Engine/Content/EngineMaterials/BaseFlattenEmissiveMap_VT.uexp" 77
"../../../Engine/Content/EngineMaterials/BaseFlattenGrayscaleMap_VT.uasset" 78
"../../../Engine/Content/EngineMaterials/BaseFlattenGrayscaleMap_VT.uexp" 79
"../../../Engine/Content/EngineMaterials/BaseFlattenLinearColor_VT.uasset" 80
"../../../Engine/Content/EngineMaterials/BaseFlattenLinearColor_VT.uexp" 81
"../../../Engine/Content/EngineMaterials/Black_1x1_EXR_Texture_VT.uasset" 82
"../../../Engine/Content/EngineMaterials/Black_1x1_EXR_Texture_VT.uexp" 83
"../../../Engine/Content/EngineMaterials/BaseFlattenDiffuseMap_VT.uasset" 84
"../../../Engine/Content/EngineMaterials/BaseFlattenDiffuseMap_VT.uexp" 85
"../../../Engine/Content/EngineMaterials/BaseFlattenNormalMap_VT.uasset" 86
"../../../Engine/Content/EngineMaterials/BaseFlattenNormalMap_VT.uexp" 87
"../../../Engine/Content/EngineMaterials/FlattenMaterial_WS_Normal_VT.uasset" 88
"../../../Engine/Content/EngineMaterials/FlattenMaterial_WS_Normal_VT.uexp" 89
"../../../Engine/Content/EngineMaterials/FlattenMaterial_VT.uasset" 90
"../../../Engine/Content/EngineMaterials/FlattenMaterial_VT.uexp" 91
"../../../Engine/Content/EngineMaterials/BaseFlattenNormalMap.uasset" 92
"../../../Engine/Content/EngineMaterials/BaseFlattenNormalMap.uexp" 93
"../../../Engine/Content/EngineMaterials/BaseFlattenGrayscaleMap.uasset" 94
"../../../Engine/Content/EngineMaterials/BaseFlattenGrayscaleMap.uexp" 95
"../../../Engine/Content/EngineMaterials/BaseFlattenDiffuseMap.uasset" 96
"../../../Engine/Content/EngineMaterials/BaseFlattenDiffuseMap.uexp" 97
"../../../Engine/Content/Functions/Engine_MaterialFunctions02/PivotPainter2/Black_1x1_EXR_Texture.uasset" 98
"../../../Engine/Content/Functions/Engine_MaterialFunctions02/PivotPainter2/Black_1x1_EXR_Texture.uexp" 99
"../../../Engine/Content/EngineMaterials/BaseFlattenEmissiveMap.uasset" 100
"../../../Engine/Content/EngineMaterials/BaseFlattenEmissiveMap.uexp" 101
"../../../Engine/Content/EngineMaterials/BaseFlattenLinearColor.uasset" 102
"../../../Engine/Content/EngineMaterials/BaseFlattenLinearColor.uexp" 103
"../../../Engine/Content/EngineMaterials/FlattenMaterial.uasset" 104
"../../../Engine/Content/EngineMaterials/FlattenMaterial.uexp" 105
"../../../Engine/Content/EngineMaterials/DefaultWhiteGrid_Low.uasset" 106
"../../../Engine/Content/EngineMaterials/DefaultWhiteGrid_Low.uexp" 107
"../../../Engine/Content/EngineMaterials/EmissiveMeshMaterial.uasset" 108
"../../../Engine/Content/EngineMaterials/EmissiveMeshMaterial.uexp" 109
"../../../Engine/Content/EngineMaterials/DefaultWhiteGrid.ubulk" 110
"../../../Engine/Content/EngineMaterials/DefaultWhiteGrid.uasset" 111
"../../../Engine/Content/EngineMaterials/DefaultWhiteGrid.uexp" 112
"../../../Engine/Content/EngineFonts/RobotoDistanceField.uasset" 113
"../../../Engine/Content/EngineFonts/RobotoDistanceField.uexp" 114
"../../../Engine/Content/EngineMaterials/DefaultTextMaterialOpaque.uasset" 115
"../../../Engine/Content/EngineMaterials/DefaultTextMaterialOpaque.uexp" 116
"../../../Engine/Content/EngineMaterials/DefaultDiffuse.ubulk" 117
"../../../Engine/Content/EngineMaterials/DefaultDiffuse.uasset" 118
"../../../Engine/Content/EngineMaterials/DefaultDiffuse.uexp" 119
"../../../Engine/Content/Functions/Engine_MaterialFunctions02/Utility/BreakOutFloat2Components.uasset" 120
"../../../Engine/Content/Functions/Engine_MaterialFunctions02/Utility/BreakOutFloat2Components.uexp" 121
"../../../Engine/Content/EngineMaterials/DefaultPostProcessMaterial.uasset" 122
"../../../Engine/Content/EngineMaterials/DefaultPostProcessMaterial.uexp" 123
"../../../Engine/Content/EngineMaterials/DefaultPhysicalMaterial.uasset" 124
"../../../Engine/Content/EngineMaterials/DefaultPhysicalMaterial.uexp" 125
"../../../Engine/Content/EngineMaterials/DefaultLightFunctionMaterial.uasset" 126
"../../../Engine/Content/EngineMaterials/DefaultLightFunctionMaterial.uexp" 127
"../../../Engine/Content/EngineMaterials/DefaultDestructiblePhysicalMaterial.uasset" 128
"../../../Engine/Content/EngineMaterials/DefaultDestructiblePhysicalMaterial.uexp" 129
"../../../Engine/Content/EngineMaterials/DefaultDeferredDecalMaterial.uasset" 130
"../../../Engine/Content/EngineMaterials/DefaultDeferredDecalMaterial.uexp" 131
"../../../Engine/Content/EngineMaterials/DefaultBokeh.uasset" 132
"../../../Engine/Content/EngineMaterials/DefaultBokeh.uexp" 133
"../../../Engine/Content/EngineMaterials/DefaultBloomKernel.uasset" 134
"../../../Engine/Content/EngineMaterials/DefaultBloomKernel.uexp" 135
"../../../Engine/Content/EngineMaterials/BlueNoise.uasset" 136
"../../../Engine/Content/EngineMaterials/BlueNoise.uexp" 137
"../../../Engine/Content/EngineFonts/Faces/RobotoLight.uexp" 138
"../../../Engine/Content/EngineFonts/Faces/RobotoLight.uasset" 139
"../../../Engine/Content/EngineFonts/Faces/RobotoLight.ufont" 140
"../../../Engine/Content/EngineFonts/Faces/RobotoBold.uexp" 141
"../../../Engine/Content/EngineFonts/Faces/RobotoBold.uasset" 142
"../../../Engine/Content/EngineFonts/Faces/RobotoBold.ufont" 143
"../../../Engine/Content/EngineFonts/Faces/RobotoRegular.uexp" 144
"../../../Engine/Content/EngineFonts/Faces/RobotoRegular.uasset" 145
"../../../Engine/Content/EngineFonts/Faces/RobotoRegular.ufont" 146
"../../../Engine/Content/EngineFonts/Faces/DroidSansFallback.uexp" 147
"../../../Engine/Content/EngineFonts/Faces/DroidSansFallback.uasset" 148
"../../../Engine/Content/EngineFonts/Faces/DroidSansFallback.ufont" 149
"../../../Engine/Content/EngineFonts/Faces/RobotoItalic.uexp" 150
"../../../Engine/Content/EngineFonts/Faces/RobotoItalic.uasset" 151
"../../../Engine/Content/EngineFonts/Faces/RobotoItalic.ufont" 152
"../../../Engine/Content/EngineFonts/Faces/RobotoBoldItalic.uexp" 153
"../../../Engine/Content/EngineFonts/Faces/RobotoBoldItalic.uasset" 154
"../../../Engine/Content/EngineFonts/Faces/RobotoBoldItalic.ufont" 155
"../../../Engine/Content/EngineFonts/Roboto.uasset" 156
"../../../Engine/Content/EngineFonts/Roboto.uexp" 157
"../../../Engine/Content/Functions/Engine_MaterialFunctions02/Utility/CameraDirectionVector.uasset" 158
"../../../Engine/Content/Functions/Engine_MaterialFunctions02/Utility/CameraDirectionVector.uexp" 159
"../../../Engine/Content/EngineDebugMaterials/VolumeToRender.uasset" 160
"../../../Engine/Content/EngineDebugMaterials/VolumeToRender.uexp" 161
"../../../Engine/Content/EngineDebugMaterials/M_VolumeRenderSphereTracePP.uasset" 162
"../../../Engine/Content/EngineDebugMaterials/M_VolumeRenderSphereTracePP.uexp" 163
"../../../Engine/Content/EngineDebugMaterials/M_SimpleUnlitTranslucent.uasset" 164
"../../../Engine/Content/EngineDebugMaterials/M_SimpleUnlitTranslucent.uexp" 165
"../../../Engine/Content/EngineDebugMaterials/DebugMeshMaterial.uasset" 166
"../../../Engine/Content/EngineDebugMaterials/DebugMeshMaterial.uexp" 167
"../../../Engine/Content/EngineDebugMaterials/DebugEditorMaterial.uasset" 168
"../../../Engine/Content/EngineDebugMaterials/DebugEditorMaterial.uexp" 169
"../../../Engine/Content/EngineDamageTypes/DmgTypeBP_Environmental.uasset" 170
"../../../Engine/Content/EngineDamageTypes/DmgTypeBP_Environmental.uexp" 171
"../../../Engine/Content/Functions/Engine_MaterialFunctions02/Utility/MakeFloat4.uasset" 172
"../../../Engine/Content/Functions/Engine_MaterialFunctions02/Utility/MakeFloat4.uexp" 173
"../../../Engine/Content/Functions/Engine_MaterialFunctions02/Utility/MakeFloat3.uasset" 174
"../../../Engine/Content/Functions/Engine_MaterialFunctions02/Utility/MakeFloat3.uexp" 175
"../../../Engine/Content/Functions/Engine_MaterialFunctions02/Utility/BreakOutFloat3Components.uasset" 176
"../../../Engine/Content/Functions/Engine_MaterialFunctions02/Utility/BreakOutFloat3Components.uexp" 177
"../../../Engine/Content/EngineMaterials/T_Default_Material_Grid_M.ubulk" 178
"../../../Engine/Content/EngineMaterials/T_Default_Material_Grid_M.uasset" 179
"../../../Engine/Content/EngineMaterials/T_Default_Material_Grid_M.uexp" 180
"../../../Engine/Content/EngineMaterials/T_Default_Material_Grid_N.ubulk" 181
"../../../Engine/Content/EngineMaterials/T_Default_Material_Grid_N.uasset" 182
"../../../Engine/Content/EngineMaterials/T_Default_Material_Grid_N.uexp" 183
"../../../Engine/Content/Functions/Engine_MaterialFunctions01/Opacity/CameraDepthFade.uasset" 184
"../../../Engine/Content/Functions/Engine_MaterialFunctions01/Opacity/CameraDepthFade.uexp" 185
"../../../Engine/Content/EngineMaterials/DefaultMaterial.uasset" 186
"../../../Engine/Content/EngineMaterials/DefaultMaterial.uexp" 187
"../../../Engine/Content/BasicShapes/Cone.uasset" 188
"../../../Engine/Content/BasicShapes/Cone.uexp" 189
"../../../Engine/Content/EngineMaterials/WorldGridMaterial.uasset" 190
"../../../Engine/Content/EngineMaterials/WorldGridMaterial.uexp" 191
"../../../Engine/Content/ArtTools/RenderToTexture/Meshes/S_1_Unit_Plane.uasset" 192
"../../../Engine/Content/ArtTools/RenderToTexture/Meshes/S_1_Unit_Plane.uexp" 193
"E:/Documents/VR Projects/CoralLabV1 5.0/Content/Mannequin/Character/Textures/T_Male_Mask.ubulk" 194
"E:/Documents/VR Projects/CoralLabV1 5.0/Content/Mannequin/Character/Textures/T_Male_Mask.uasset" 195
"E:/Documents/VR Projects/CoralLabV1 5.0/Content/Mannequin/Character/Textures/T_Male_Mask.uexp" 196
"../../../Engine/Content/Functions/Engine_MaterialFunctions02/Utility/BlendAngleCorrectedNormals.uasset" 197
"../../../Engine/Content/Functions/Engine_MaterialFunctions02/Utility/BlendAngleCorrectedNormals.uexp" 198
"E:/Documents/VR Projects/CoralLabV1 5.0/Content/Mannequin/Character/Materials/MaterialLayers/T_ML_Aluminum01_N.ubulk" 199
"E:/Documents/VR Projects/CoralLabV1 5.0/Content/Mannequin/Character/Materials/MaterialLayers/T_ML_Aluminum01_N.uasset" 200
"E:/Documents/VR Projects/CoralLabV1 5.0/Content/Mannequin/Character/Materials/MaterialLayers/T_ML_Aluminum01_N.uexp" 201
"../../../Engine/Content/Functions/MaterialLayerFunctions/MatLayerBlend_NormalBlend.uasset" 202
"../../../Engine/Content/Functions/MaterialLayerFunctions/MatLayerBlend_NormalBlend.uexp" 203
"E:/Documents/VR Projects/CoralLabV1 5.0/Content/Mannequin/Character/Materials/MaterialLayers/ML_Plastic_Shiny_Beige.uasset" 204
"E:/Documents/VR Projects/CoralLabV1 5.0/Content/Mannequin/Character/Materials/MaterialLayers/ML_Plastic_Shiny_Beige.uexp" 205
"E:/Documents/VR Projects/CoralLabV1 5.0/Content/Mannequin/Character/Materials/MaterialLayers/T_ML_Aluminum01.ubulk" 206
"E:/Documents/VR Projects/CoralLabV1 5.0/Content/Mannequin/Character/Materials/MaterialLayers/T_ML_Aluminum01.uasset" 207
"E:/Documents/VR Projects/CoralLabV1 5.0/Content/Mannequin/Character/Materials/MaterialLayers/T_ML_Aluminum01.uexp" 208
"E:/Documents/VR Projects/CoralLabV1 5.0/Content/Mannequin/Character/Textures/T_UE4Logo_Mask.ubulk" 209
"E:/Documents/VR Projects/CoralLabV1 5.0/Content/Mannequin/Character/Textures/T_UE4Logo_Mask.uasset" 210
"E:/Documents/VR Projects/CoralLabV1 5.0/Content/Mannequin/Character/Textures/T_UE4Logo_Mask.uexp" 211
"E:/Documents/VR Projects/CoralLabV1 5.0/Content/Mannequin/Character/Materials/MaterialLayers/ML_Plastic_Shiny_Beige_LOGO.uasset" 212
"E:/Documents/VR Projects/CoralLabV1 5.0/Content/Mannequin/Character/Materials/MaterialLayers/ML_Plastic_Shiny_Beige_LOGO.uexp" 213
"../../../Engine/Content/Functions/MaterialLayerFunctions/MatLayerBlend_Simple.uasset" 214
"../../../Engine/Content/Functions/MaterialLayerFunctions/MatLayerBlend_Simple.uexp" 215
"E:/Documents/VR Projects/CoralLabV1 5.0/Content/Mannequin/Character/Materials/MaterialLayers/T_ML_Rubber_Blue_01_N.ubulk" 216
"E:/Documents/VR Projects/CoralLabV1 5.0/Content/Mannequin/Character/Materials/MaterialLayers/T_ML_Rubber_Blue_01_N.uasset" 217
"E:/Documents/VR Projects/CoralLabV1 5.0/Content/Mannequin/Character/Materials/MaterialLayers/T_ML_Rubber_Blue_01_N.uexp" 218
"E:/Documents/VR Projects/CoralLabV1 5.0/Content/Mannequin/Character/Materials/MaterialLayers/ML_SoftMetal_UE4.uasset" 219
"E:/Documents/VR Projects/CoralLabV1 5.0/Content/Mannequin/Character/Materials/MaterialLayers/ML_SoftMetal_UE4.uexp" 220
"E:/Documents/VR Projects/CoralLabV1 5.0/Content/Mannequin/Character/Materials/MaterialLayers/T_ML_Rubber_Blue_01_D.ubulk" 221
"E:/Documents/VR Projects/CoralLabV1 5.0/Content/Mannequin/Character/Materials/MaterialLayers/T_ML_Rubber_Blue_01_D.uasset" 222
"E:/Documents/VR Projects/CoralLabV1 5.0/Content/Mannequin/Character/Materials/MaterialLayers/T_ML_Rubber_Blue_01_D.uexp" 223
"E:/Documents/VR Projects/CoralLabV1 5.0/Content/Mannequin/Character/Materials/MaterialLayers/ML_GlossyBlack_Latex_UE4.uasset" 224
"E:/Documents/VR Projects/CoralLabV1 5.0/Content/Mannequin/Character/Materials/MaterialLayers/ML_GlossyBlack_Latex_UE4.uexp" 225
"E:/Documents/VR Projects/CoralLabV1 5.0/Content/Mannequin/Character/Textures/T_Male_N.ubulk" 226
"E:/Documents/VR Projects/CoralLabV1 5.0/Content/Mannequin/Character/Textures/T_Male_N.uasset" 227
"E:/Documents/VR Projects/CoralLabV1 5.0/Content/Mannequin/Character/Textures/T_Male_N.uexp" 228
"E:/Documents/VR Projects/CoralLabV1 5.0/Content/Mannequin/Character/Materials/M_Male_Body.uasset" 229
"E:/Documents/VR Projects/CoralLabV1 5.0/Content/Mannequin/Character/Materials/M_Male_Body.uexp" 230
"E:/Documents/VR Projects/CoralLabV1 5.0/Content/Mannequin/Character/Textures/T_UE4Logo_N.ubulk" 231
"E:/Documents/VR Projects/CoralLabV1 5.0/Content/Mannequin/Character/Textures/T_UE4Logo_N.uasset" 232
"E:/Documents/VR Projects/CoralLabV1 5.0/Content/Mannequin/Character/Textures/T_UE4Logo_N.uexp" 233
"E:/Documents/VR Projects/CoralLabV1 5.0/Content/Mannequin/Character/Materials/M_UE4Man_ChestLogo.uasset" 234
"E:/Documents/VR Projects/CoralLabV1 5.0/Content/Mannequin/Character/Materials/M_UE4Man_ChestLogo.uexp" 235
"E:/Documents/VR Projects/CoralLabV1 5.0/Content/Mannequin/Character/Mesh/SK_Mannequin_Female_PhysicsAsset.uasset" 236
"E:/Documents/VR Projects/CoralLabV1 5.0/Content/Mannequin/Character/Mesh/SK_Mannequin_Female_PhysicsAsset.uexp" 237
"E:/Documents/VR Projects/CoralLabV1 5.0/Content/Mannequin/Character/Mesh/UE4_Mannequin_Skeleton.uasset" 238
"E:/Documents/VR Projects/CoralLabV1 5.0/Content/Mannequin/Character/Mesh/UE4_Mannequin_Skeleton.uexp" 239
"E:/Documents/VR Projects/CoralLabV1 5.0/Content/Mannequin/Character/Textures/T_Female_N.ubulk" 240
"E:/Documents/VR Projects/CoralLabV1 5.0/Content/Mannequin/Character/Textures/T_Female_N.uasset" 241
"E:/Documents/VR Projects/CoralLabV1 5.0/Content/Mannequin/Character/Textures/T_Female_N.uexp" 242
"E:/Documents/VR Projects/CoralLabV1 5.0/Content/Mannequin/Character/Textures/T_Female_Mask.ubulk" 243
"E:/Documents/VR Projects/CoralLabV1 5.0/Content/Mannequin/Character/Textures/T_Female_Mask.uasset" 244
"E:/Documents/VR Projects/CoralLabV1 5.0/Content/Mannequin/Character/Textures/T_Female_Mask.uexp" 245
"E:/Documents/VR Projects/CoralLabV1 5.0/Content/Mannequin/Character/Materials/MI_Female_Body.uasset" 246
"E:/Documents/VR Projects/CoralLabV1 5.0/Content/Mannequin/Character/Materials/MI_Female_Body.uexp" 247
"E:/Documents/VR Projects/CoralLabV1 5.0/Content/Mannequin/Character/Mesh/SK_Mannequin_Female.uasset" 248
"E:/Documents/VR Projects/CoralLabV1 5.0/Content/Mannequin/Character/Mesh/SK_Mannequin_Female.uexp" 249
"../../../Engine/Content/Tutorial/ContentIntroCurve.uasset" 250
"../../../Engine/Content/Tutorial/ContentIntroCurve.uexp" 251
"../../../Engine/Content/Tutorial/Foliage/TutorialAssets/Foliage.uasset" 252
"../../../Engine/Content/Tutorial/Foliage/TutorialAssets/Foliage.uexp" 253
"../../../Engine/Content/Tutorial/Landscape/TutorialAssets/Landscape.uasset" 254
"../../../Engine/Content/Tutorial/Landscape/TutorialAssets/Landscape.uexp" 255
"../../../Engine/Content/Tutorial/SubEditors/TutorialAssets/TutorialMaterial.uasset" 256
"../../../Engine/Content/Tutorial/SubEditors/TutorialAssets/TutorialMaterial.uexp" 257
"../../../Engine/Plugins/2D/Paper2D/Content/PlaceholderTextures/DummySpriteTexture.ubulk" 258
"../../../Engine/Plugins/2D/Paper2D/Content/PlaceholderTextures/DummySpriteTexture.uasset" 259
"../../../Engine/Plugins/2D/Paper2D/Content/PlaceholderTextures/DummySpriteTexture.uexp" 260
"../../../Engine/Plugins/2D/Paper2D/Content/DefaultSpriteMaterial.uasset" 261
"../../../Engine/Plugins/2D/Paper2D/Content/DefaultSpriteMaterial.uexp" 262
"../../../Engine/Plugins/2D/Paper2D/Content/OpaqueUnlitSpriteMaterial.uasset" 263
"../../../Engine/Plugins/2D/Paper2D/Content/OpaqueUnlitSpriteMaterial.uexp" 264
"../../../Engine/Plugins/2D/Paper2D/Content/MaskedUnlitSpriteMaterial.uasset" 265
"../../../Engine/Plugins/2D/Paper2D/Content/MaskedUnlitSpriteMaterial.uexp" 266
"../../../Engine/Plugins/2D/Paper2D/Content/DummySprite.uasset" 267
"../../../Engine/Plugins/2D/Paper2D/Content/DummySprite.uexp" 268
"../../../Engine/Plugins/2D/Paper2D/Content/DefaultPaperTerrainMaterial.uasset" 269
"../../../Engine/Plugins/2D/Paper2D/Content/DefaultPaperTerrainMaterial.uexp" 270
"../../../Engine/Plugins/Animation/ControlRig/Content/M_Manip.uasset" 271
"../../../Engine/Plugins/Animation/ControlRig/Content/M_Manip.uexp" 272
"../../../Engine/Plugins/Animation/ControlRig/Content/Controls/DefaultGizmoLibraryNormalized.uasset" 273
"../../../Engine/Plugins/Animation/ControlRig/Content/Controls/DefaultGizmoLibraryNormalized.uexp" 274
"../../../Engine/Plugins/Animation/ControlRig/Content/Controls/ControlRig_Wedge_solid.uasset" 275
"../../../Engine/Plugins/Animation/ControlRig/Content/Controls/ControlRig_Wedge_solid.uexp" 276
"../../../Engine/Plugins/Animation/ControlRig/Content/Controls/ControlRig_Wedge_3mm.uasset" 277
"../../../Engine/Plugins/Animation/ControlRig/Content/Controls/ControlRig_Wedge_3mm.uexp" 278
"../../../Engine/Plugins/Animation/ControlRig/Content/Controls/ControlRig_Wedge_1mm.uasset" 279
"../../../Engine/Plugins/Animation/ControlRig/Content/Controls/ControlRig_Wedge_1mm.uexp" 280
"../../../Engine/Plugins/Animation/ControlRig/Content/Controls/ControlRig_Triangle_solid.uasset" 281
"../../../Engine/Plugins/Animation/ControlRig/Content/Controls/ControlRig_Triangle_solid.uexp" 282
"../../../Engine/Plugins/Animation/ControlRig/Content/Controls/ControlRig_Triangle_3mm.uasset" 283
"../../../Engine/Plugins/Animation/ControlRig/Content/Controls/ControlRig_Triangle_3mm.uexp" 284
"../../../Engine/Plugins/Animation/ControlRig/Content/Controls/ControlRig_Triangle_1mm.uasset" 285
"../../../Engine/Plugins/Animation/ControlRig/Content/Controls/ControlRig_Triangle_1mm.uexp" 286
"../../../Engine/Plugins/Animation/ControlRig/Content/Controls/ControlRig_Star4_solid.uasset" 287
"../../../Engine/Plugins/Animation/ControlRig/Content/Controls/ControlRig_Star4_solid.uexp" 288
"../../../Engine/Plugins/Animation/ControlRig/Content/Controls/ControlRig_Star4_3mm.uasset" 289
"../../../Engine/Plugins/Animation/ControlRig/Content/Controls/ControlRig_Star4_3mm.uexp" 290
"../../../Engine/Plugins/Animation/ControlRig/Content/Controls/ControlRig_Star4_1mm.uasset" 291
"../../../Engine/Plugins/Animation/ControlRig/Content/Controls/ControlRig_Star4_1mm.uexp" 292
"../../../Engine/Plugins/Animation/ControlRig/Content/Controls/ControlRig_Square_solid.uasset" 293
"../../../Engine/Plugins/Animation/ControlRig/Content/Controls/ControlRig_Square_solid.uexp" 294
"../../../Engine/Plugins/Animation/ControlRig/Content/Controls/ControlRig_Square_3mm.uasset" 295
"../../../Engine/Plugins/Animation/ControlRig/Content/Controls/ControlRig_Square_3mm.uexp" 296
"../../../Engine/Plugins/Animation/ControlRig/Content/Controls/ControlRig_Square_1mm.uasset" 297
"../../../Engine/Plugins/Animation/ControlRig/Content/Controls/ControlRig_Square_1mm.uexp" 298
"../../../Engine/Plugins/Animation/ControlRig/Content/Controls/ControlRig_Sphere_solid.uasset" 299
"../../../Engine/Plugins/Animation/ControlRig/Content/Controls/ControlRig_Sphere_solid.uexp" 300
"../../../Engine/Plugins/Animation/ControlRig/Content/Controls/ControlRig_Sphere_3mm.uasset" 301
"../../../Engine/Plugins/Animation/ControlRig/Content/Controls/ControlRig_Sphere_3mm.uexp" 302
"../../../Engine/Plugins/Animation/ControlRig/Content/Controls/ControlRig_Sphere_1mm.uasset" 303
"../../../Engine/Plugins/Animation/ControlRig/Content/Controls/ControlRig_Sphere_1mm.uexp" 304
"../../../Engine/Plugins/Animation/ControlRig/Content/Controls/ControlRig_RoundedTriangle_solid.uasset" 305
"../../../Engine/Plugins/Animation/ControlRig/Content/Controls/ControlRig_RoundedTriangle_solid.uexp" 306
"../../../Engine/Plugins/Animation/ControlRig/Content/Controls/ControlRig_RoundedTriangle_3mm.uasset" 307
"../../../Engine/Plugins/Animation/ControlRig/Content/Controls/ControlRig_RoundedTriangle_3mm.uexp" 308
"../../../Engine/Plugins/Animation/ControlRig/Content/Controls/ControlRig_RoundedTriangle_1mm.uasset" 309
"../../../Engine/Plugins/Animation/ControlRig/Content/Controls/ControlRig_RoundedTriangle_1mm.uexp" 310
"../../../Engine/Plugins/Animation/ControlRig/Content/Controls/ControlRig_RoundedSquare_solid.uasset" 311
"../../../Engine/Plugins/Animation/ControlRig/Content/Controls/ControlRig_RoundedSquare_solid.uexp" 312
"../../../Engine/Plugins/Animation/ControlRig/Content/Controls/ControlRig_RoundedSquare_3mm.uasset" 313
"../../../Engine/Plugins/Animation/ControlRig/Content/Controls/ControlRig_RoundedSquare_3mm.uexp" 314
"../../../Engine/Plugins/Animation/ControlRig/Content/Controls/ControlRig_RoundedSquare_1mm.uasset" 315
"../../../Engine/Plugins/Animation/ControlRig/Content/Controls/ControlRig_RoundedSquare_1mm.uexp" 316
"../../../Engine/Plugins/Animation/ControlRig/Content/Controls/ControlRig_QuarterCircle_solid.uasset" 317
"../../../Engine/Plugins/Animation/ControlRig/Content/Controls/ControlRig_QuarterCircle_solid.uexp" 318
"../../../Engine/Plugins/Animation/ControlRig/Content/Controls/ControlRig_QuarterCircle_3mm.uasset" 319
"../../../Engine/Plugins/Animation/ControlRig/Content/Controls/ControlRig_QuarterCircle_3mm.uexp" 320
"../../../Engine/Plugins/Animation/ControlRig/Content/Controls/ControlRig_QuarterCircle_1mm.uasset" 321
"../../../Engine/Plugins/Animation/ControlRig/Content/Controls/ControlRig_QuarterCircle_1mm.uexp" 322
"../../../Engine/Plugins/Animation/ControlRig/Content/Controls/ControlRig_Pyramid_solid.uasset" 323
"../../../Engine/Plugins/Animation/ControlRig/Content/Controls/ControlRig_Pyramid_solid.uexp" 324
"../../../Engine/Plugins/Animation/ControlRig/Content/Controls/ControlRig_Pyramid_3mm.uasset" 325
"../../../Engine/Plugins/Animation/ControlRig/Content/Controls/ControlRig_Pyramid_3mm.uexp" 326
"../../../Engine/Plugins/Animation/ControlRig/Content/Controls/ControlRig_Pyramid_1mm.uasset" 327
"../../../Engine/Plugins/Animation/ControlRig/Content/Controls/ControlRig_Pyramid_1mm.uexp" 328
"../../../Engine/Plugins/Animation/ControlRig/Content/Controls/ControlRig_Octagon_solid.uasset" 329
"../../../Engine/Plugins/Animation/ControlRig/Content/Controls/ControlRig_Octagon_solid.uexp" 330
"../../../Engine/Plugins/Animation/ControlRig/Content/Controls/ControlRig_Octagon_3mm.uasset" 331
"../../../Engine/Plugins/Animation/ControlRig/Content/Controls/ControlRig_Octagon_3mm.uexp" 332
"../../../Engine/Plugins/Animation/ControlRig/Content/Controls/ControlRig_Octagon_1mm.uasset" 333
"../../../Engine/Plugins/Animation/ControlRig/Content/Controls/ControlRig_Octagon_1mm.uexp" 334
"../../../Engine/Plugins/Animation/ControlRig/Content/Controls/ControlRig_Hexagon_solid.uasset" 335
"../../../Engine/Plugins/Animation/ControlRig/Content/Controls/ControlRig_Hexagon_solid.uexp" 336
"../../../Engine/Plugins/Animation/ControlRig/Content/Controls/ControlRig_Hexagon_3mm.uasset" 337
"../../../Engine/Plugins/Animation/ControlRig/Content/Controls/ControlRig_Hexagon_3mm.uexp" 338
"../../../Engine/Plugins/Animation/ControlRig/Content/Controls/ControlRig_Hexagon_1mm.uasset" 339
"../../../Engine/Plugins/Animation/ControlRig/Content/Controls/ControlRig_Hexagon_1mm.uexp" 340
"../../../Engine/Plugins/Animation/ControlRig/Content/Controls/ControlRig_HalfCircle_solid.uasset" 341
"../../../Engine/Plugins/Animation/ControlRig/Content/Controls/ControlRig_HalfCircle_solid.uexp" 342
"../../../Engine/Plugins/Animation/ControlRig/Content/Controls/ControlRig_HalfCircle_3mm.uasset" 343
"../../../Engine/Plugins/Animation/ControlRig/Content/Controls/ControlRig_HalfCircle_3mm.uexp" 344
"../../../Engine/Plugins/Animation/ControlRig/Content/Controls/ControlRig_HalfCircle_1mm.uasset" 345
"../../../Engine/Plugins/Animation/ControlRig/Content/Controls/ControlRig_HalfCircle_1mm.uexp" 346
"../../../Engine/Plugins/Animation/ControlRig/Content/Controls/ControlRig_Diamond_solid.uasset" 347
"../../../Engine/Plugins/Animation/ControlRig/Content/Controls/ControlRig_Diamond_solid.uexp" 348
"../../../Engine/Plugins/Animation/ControlRig/Content/Controls/ControlRig_Diamond_3mm.uasset" 349
"../../../Engine/Plugins/Animation/ControlRig/Content/Controls/ControlRig_Diamond_3mm.uexp" 350
"../../../Engine/Plugins/Animation/ControlRig/Content/Controls/ControlRig_Diamond_1mm.uasset" 351
"../../../Engine/Plugins/Animation/ControlRig/Content/Controls/ControlRig_Diamond_1mm.uexp" 352
"../../../Engine/Plugins/Animation/ControlRig/Content/Controls/ControlRig_Circle_solid.uasset" 353
"../../../Engine/Plugins/Animation/ControlRig/Content/Controls/ControlRig_Circle_solid.uexp" 354
"../../../Engine/Plugins/Animation/ControlRig/Content/Controls/ControlRig_Circle_3mm.uasset" 355
"../../../Engine/Plugins/Animation/ControlRig/Content/Controls/ControlRig_Circle_3mm.uexp" 356
"../../../Engine/Plugins/Animation/ControlRig/Content/Controls/ControlRig_Circle_1mm.uasset" 357
"../../../Engine/Plugins/Animation/ControlRig/Content/Controls/ControlRig_Circle_1mm.uexp" 358
"../../../Engine/Plugins/Animation/ControlRig/Content/Controls/ControlRig_Box_solid.uasset" 359
"../../../Engine/Plugins/Animation/ControlRig/Content/Controls/ControlRig_Box_solid.uexp" 360
"../../../Engine/Plugins/Animation/ControlRig/Content/Controls/ControlRig_Box_3mm.uasset" 361
"../../../Engine/Plugins/Animation/ControlRig/Content/Controls/ControlRig_Box_3mm.uexp" 362
"../../../Engine/Plugins/Animation/ControlRig/Content/Controls/ControlRig_Box_1mm.uasset" 363
"../../../Engine/Plugins/Animation/ControlRig/Content/Controls/ControlRig_Box_1mm.uexp" 364
"../../../Engine/Plugins/Animation/ControlRig/Content/Controls/ControlRig_Arrow_solid.uasset" 365
"../../../Engine/Plugins/Animation/ControlRig/Content/Controls/ControlRig_Arrow_solid.uexp" 366
"../../../Engine/Plugins/Animation/ControlRig/Content/Controls/ControlRig_Arrow_3mm.uasset" 367
"../../../Engine/Plugins/Animation/ControlRig/Content/Controls/ControlRig_Arrow_3mm.uexp" 368
"../../../Engine/Plugins/Animation/ControlRig/Content/Controls/ControlRig_Arrow_1mm.uasset" 369
"../../../Engine/Plugins/Animation/ControlRig/Content/Controls/ControlRig_Arrow_1mm.uexp" 370
"../../../Engine/Plugins/Animation/ControlRig/Content/Controls/ControlRig_Arrow4_solid.uasset" 371
"../../../Engine/Plugins/Animation/ControlRig/Content/Controls/ControlRig_Arrow4_solid.uexp" 372
"../../../Engine/Plugins/Animation/ControlRig/Content/Controls/ControlRig_Arrow4_3mm.uasset" 373
"../../../Engine/Plugins/Animation/ControlRig/Content/Controls/ControlRig_Arrow4_3mm.uexp" 374
"../../../Engine/Plugins/Animation/ControlRig/Content/Controls/ControlRig_Arrow4_1mm.uasset" 375
"../../../Engine/Plugins/Animation/ControlRig/Content/Controls/ControlRig_Arrow4_1mm.uexp" 376
"../../../Engine/Plugins/Animation/ControlRig/Content/Controls/ControlRig_Arrow2_solid.uasset" 377
"../../../Engine/Plugins/Animation/ControlRig/Content/Controls/ControlRig_Arrow2_solid.uexp" 378
"../../../Engine/Plugins/Animation/ControlRig/Content/Controls/ControlRig_Arrow2_3mm.uasset" 379
"../../../Engine/Plugins/Animation/ControlRig/Content/Controls/ControlRig_Arrow2_3mm.uexp" 380
"../../../Engine/Plugins/Animation/ControlRig/Content/Controls/ControlRig_Arrow2_1mm.uasset" 381
"../../../Engine/Plugins/Animation/ControlRig/Content/Controls/ControlRig_Arrow2_1mm.uexp" 382
"../../../Engine/Plugins/Animation/ControlRig/Content/Controls/ControlRigGizmoMaterial.uasset" 383
"../../../Engine/Plugins/Animation/ControlRig/Content/Controls/ControlRigGizmoMaterial.uexp" 384
"../../../Engine/Plugins/Editor/SpeedTreeImporter/Content/SpeedTree9/game_wind_noise.ubulk" 385
"../../../Engine/Plugins/Editor/SpeedTreeImporter/Content/SpeedTree9/game_wind_noise.uasset" 386
"../../../Engine/Plugins/Editor/SpeedTreeImporter/Content/SpeedTree9/game_wind_noise.uexp" 387
"../../../Engine/Plugins/Editor/SpeedTreeImporter/Content/SpeedTree9/UnpackDirection.uasset" 388
"../../../Engine/Plugins/Editor/SpeedTreeImporter/Content/SpeedTree9/UnpackDirection.uexp" 389
"../../../Engine/Content/Functions/Engine_MaterialFunctions02/ObjectLocalBounds.uasset" 390
"../../../Engine/Content/Functions/Engine_MaterialFunctions02/ObjectLocalBounds.uexp" 391
"../../../Engine/Content/Functions/Engine_MaterialFunctions02/UVs/BoundingBoxBased_0-1_UVW.uasset" 392
"../../../Engine/Content/Functions/Engine_MaterialFunctions02/UVs/BoundingBoxBased_0-1_UVW.uexp" 393
"../../../Engine/Content/Functions/Engine_MaterialFunctions02/Utility/VectorLength.uasset" 394
"../../../Engine/Content/Functions/Engine_MaterialFunctions02/Utility/VectorLength.uexp" 395
"../../../Engine/Plugins/Editor/SpeedTreeImporter/Content/SpeedTree9/UnpackInteger3.uasset" 396
"../../../Engine/Plugins/Editor/SpeedTreeImporter/Content/SpeedTree9/UnpackInteger3.uexp" 397
"../../../Engine/Plugins/Editor/SpeedTreeImporter/Content/SpeedTree9/SpeedTreeCameraFacing.uasset" 398
"../../../Engine/Plugins/Editor/SpeedTreeImporter/Content/SpeedTree9/SpeedTreeCameraFacing.uexp" 399
"../../../Engine/Content/Functions/Engine_MaterialFunctions02/WorldPositionOffset/ObjectScale.uasset" 400
"../../../Engine/Content/Functions/Engine_MaterialFunctions02/WorldPositionOffset/ObjectScale.uexp" 401
"../../../Engine/Content/Functions/Engine_MaterialFunctions02/SafeNormalize.uasset" 402
"../../../Engine/Content/Functions/Engine_MaterialFunctions02/SafeNormalize.uexp" 403
"../../../Engine/Plugins/Editor/SpeedTreeImporter/Content/SpeedTree9/SpeedTreeWindMotion.uasset" 404
"../../../Engine/Plugins/Editor/SpeedTreeImporter/Content/SpeedTree9/SpeedTreeWindMotion.uexp" 405
"../../../Engine/Plugins/Editor/SpeedTreeImporter/Content/SpeedTree9/SpeedTreeBranchMotion.uasset" 406
"../../../Engine/Plugins/Editor/SpeedTreeImporter/Content/SpeedTree9/SpeedTreeBranchMotion.uexp" 407
"../../../Engine/Plugins/Editor/SpeedTreeImporter/Content/SpeedTree9/SpeedTreeWind.uasset" 408
"../../../Engine/Plugins/Editor/SpeedTreeImporter/Content/SpeedTree9/SpeedTreeWind.uexp" 409
"../../../Engine/Plugins/Editor/SpeedTreeImporter/Content/SpeedTree9/EmptyNormal.uasset" 410
"../../../Engine/Plugins/Editor/SpeedTreeImporter/Content/SpeedTree9/EmptyNormal.uexp" 411
"../../../Engine/Plugins/Editor/SpeedTreeImporter/Content/SpeedTree9/Empty.uasset" 412
"../../../Engine/Plugins/Editor/SpeedTreeImporter/Content/SpeedTree9/Empty.uexp" 413
"../../../Engine/Plugins/Editor/SpeedTreeImporter/Content/SpeedTree9/SpeedTreeMaster.uasset" 414
"../../../Engine/Plugins/Editor/SpeedTreeImporter/Content/SpeedTree9/SpeedTreeMaster.uexp" 415
"../../../Engine/Plugins/Editor/SpeedTreeImporter/Content/SpeedTree9/SpeedTreeBillboard.uasset" 416
"../../../Engine/Plugins/Editor/SpeedTreeImporter/Content/SpeedTree9/SpeedTreeBillboard.uexp" 417
"../../../Engine/Plugins/Editor/SpeedTreeImporter/Content/SpeedTree9/SpeedTreeBillboardMaster.uasset" 418
"../../../Engine/Plugins/Editor/SpeedTreeImporter/Content/SpeedTree9/SpeedTreeBillboardMaster.uexp" 419
"../../../Engine/Plugins/Runtime/HairStrands/Content/Materials/HairMeshesDefaultMaterial.uasset" 420
"../../../Engine/Plugins/Runtime/HairStrands/Content/Materials/HairMeshesDefaultMaterial.uexp" 421
"../../../Engine/Plugins/Runtime/HairStrands/Content/Materials/HairDefaultMaterial.uasset" 422
"../../../Engine/Plugins/Runtime/HairStrands/Content/Materials/HairDefaultMaterial.uexp" 423
"../../../Engine/Plugins/Runtime/HairStrands/Content/Materials/HairGroupColors.uasset" 424
"../../../Engine/Plugins/Runtime/HairStrands/Content/Materials/HairGroupColors.uexp" 425
"../../../Engine/Content/EngineMaterials/HairColorMap.uasset" 426
"../../../Engine/Content/EngineMaterials/HairColorMap.uexp" 427
"../../../Engine/Content/EngineMaterials/HairDebugColor.uasset" 428
"../../../Engine/Content/EngineMaterials/HairDebugColor.uexp" 429
"../../../Engine/Plugins/Runtime/HairStrands/Content/Materials/HairDebugMaterial.uasset" 430
"../../../Engine/Plugins/Runtime/HairStrands/Content/Materials/HairDebugMaterial.uexp" 431
"../../../Engine/Plugins/Runtime/HairStrands/Content/Materials/HairCardsDefaultMaterial.uasset" 432
"../../../Engine/Plugins/Runtime/HairStrands/Content/Materials/HairCardsDefaultMaterial.uexp" 433
"../../../Engine/Plugins/Runtime/Oculus/OculusVR/Content/Materials/PokeAHoleMaterial.uasset" 434
"../../../Engine/Plugins/Runtime/Oculus/OculusVR/Content/Materials/PokeAHoleMaterial.uexp" 435
"../../../Engine/Plugins/Runtime/Oculus/OculusVR/Content/Materials/OculusMR_OpaqueColoredMaterial.uasset" 436
"../../../Engine/Plugins/Runtime/Oculus/OculusVR/Content/Materials/OculusMR_OpaqueColoredMaterial.uexp" 437
"../../../Engine/Content/Functions/Engine_MaterialFunctions02/Utility/BreakOutFloat4Components.uasset" 438
"../../../Engine/Content/Functions/Engine_MaterialFunctions02/Utility/BreakOutFloat4Components.uexp" 439
"../../../Engine/Plugins/Runtime/Oculus/OculusVR/Content/Materials/OculusMR_ChromaKey.uasset" 440
"../../../Engine/Plugins/Runtime/Oculus/OculusVR/Content/Materials/OculusMR_ChromaKey.uexp" 441
"../../../Engine/Plugins/Runtime/Oculus/OculusVR/Content/Textures/TouchForQuestRiftSController_albedo.ubulk" 442
"../../../Engine/Plugins/Runtime/Oculus/OculusVR/Content/Textures/TouchForQuestRiftSController_albedo.uasset" 443
"../../../Engine/Plugins/Runtime/Oculus/OculusVR/Content/Textures/TouchForQuestRiftSController_albedo.uexp" 444
"../../../Engine/Plugins/Runtime/Oculus/OculusVR/Content/Materials/TouchForQuestRiftSControllerMaterial.uasset" 445
"../../../Engine/Plugins/Runtime/Oculus/OculusVR/Content/Materials/TouchForQuestRiftSControllerMaterial.uexp" 446
"../../../Engine/Plugins/Runtime/Oculus/OculusVR/Content/Meshes/RightTouchForQuestRiftSController.uasset" 447
"../../../Engine/Plugins/Runtime/Oculus/OculusVR/Content/Meshes/RightTouchForQuestRiftSController.uexp" 448
"../../../Engine/Plugins/Runtime/Oculus/OculusVR/Content/Textures/touchController_albedo.ubulk" 449
"../../../Engine/Plugins/Runtime/Oculus/OculusVR/Content/Textures/touchController_albedo.uasset" 450
"../../../Engine/Plugins/Runtime/Oculus/OculusVR/Content/Textures/touchController_albedo.uexp" 451
"../../../Engine/Plugins/Runtime/Oculus/OculusVR/Content/Textures/touchController_controlmap.ubulk" 452
"../../../Engine/Plugins/Runtime/Oculus/OculusVR/Content/Textures/touchController_controlmap.uasset" 453
"../../../Engine/Plugins/Runtime/Oculus/OculusVR/Content/Textures/touchController_controlmap.uexp" 454
"../../../Engine/Plugins/Runtime/Oculus/OculusVR/Content/Materials/touchController_mat.uasset" 455
"../../../Engine/Plugins/Runtime/Oculus/OculusVR/Content/Materials/touchController_mat.uexp" 456
"../../../Engine/Plugins/Runtime/Oculus/OculusVR/Content/Meshes/RightTouchController.uasset" 457
"../../../Engine/Plugins/Runtime/Oculus/OculusVR/Content/Meshes/RightTouchController.uexp" 458
"../../../Engine/Plugins/Runtime/Oculus/OculusVR/Content/Meshes/RiftHMD.uasset" 459
"../../../Engine/Plugins/Runtime/Oculus/OculusVR/Content/Meshes/RiftHMD.uexp" 460
"../../../Engine/Plugins/Runtime/Oculus/OculusVR/Content/Meshes/LeftTouchForQuestRiftSController.uasset" 461
"../../../Engine/Plugins/Runtime/Oculus/OculusVR/Content/Meshes/LeftTouchForQuestRiftSController.uexp" 462
"../../../Engine/Plugins/Runtime/Oculus/OculusVR/Content/Meshes/LeftTouchController.uasset" 463
"../../../Engine/Plugins/Runtime/Oculus/OculusVR/Content/Meshes/LeftTouchController.uexp" 464
"../../../Engine/Content/EngineResources/Black.uasset" 465
"../../../Engine/Content/EngineResources/Black.uexp" 466
"../../../Engine/Plugins/Runtime/OpenXR/Content/Devices/M_XRController.uasset" 467
"../../../Engine/Plugins/Runtime/OpenXR/Content/Devices/M_XRController.uexp" 468
"../../../Engine/Plugins/Runtime/OpenXR/Content/Devices/HTCVive/BaseTexture.ubulk" 469
"../../../Engine/Plugins/Runtime/OpenXR/Content/Devices/HTCVive/BaseTexture.uasset" 470
"../../../Engine/Plugins/Runtime/OpenXR/Content/Devices/HTCVive/BaseTexture.uexp" 471
"../../../Engine/Plugins/Runtime/OpenXR/Content/Devices/HTCVive/MI_HTCVive.uasset" 472
"../../../Engine/Plugins/Runtime/OpenXR/Content/Devices/HTCVive/MI_HTCVive.uexp" 473
"../../../Engine/Plugins/Runtime/OpenXR/Content/Devices/HTCVive/HTCViveController.uasset" 474
"../../../Engine/Plugins/Runtime/OpenXR/Content/Devices/HTCVive/HTCViveController.uexp" 475
"../../../Engine/Plugins/Runtime/OpenXR/Content/Devices/MicrosoftMixedReality/NormalTexture.ubulk" 476
"../../../Engine/Plugins/Runtime/OpenXR/Content/Devices/MicrosoftMixedReality/NormalTexture.uasset" 477
"../../../Engine/Plugins/Runtime/OpenXR/Content/Devices/MicrosoftMixedReality/NormalTexture.uexp" 478
"../../../Engine/Plugins/Runtime/OpenXR/Content/Devices/MicrosoftMixedReality/EmissiveTexture.ubulk" 479
"../../../Engine/Plugins/Runtime/OpenXR/Content/Devices/MicrosoftMixedReality/EmissiveTexture.uasset" 480
"../../../Engine/Plugins/Runtime/OpenXR/Content/Devices/MicrosoftMixedReality/EmissiveTexture.uexp" 481
"../../../Engine/Plugins/Runtime/OpenXR/Content/Devices/MicrosoftMixedReality/BaseTexture.ubulk" 482
"../../../Engine/Plugins/Runtime/OpenXR/Content/Devices/MicrosoftMixedReality/BaseTexture.uasset" 483
"../../../Engine/Plugins/Runtime/OpenXR/Content/Devices/MicrosoftMixedReality/BaseTexture.uexp" 484
"../../../Engine/Plugins/Runtime/OpenXR/Content/Devices/MicrosoftMixedReality/MRTexture.ubulk" 485
"../../../Engine/Plugins/Runtime/OpenXR/Content/Devices/MicrosoftMixedReality/MRTexture.uasset" 486
"../../../Engine/Plugins/Runtime/OpenXR/Content/Devices/MicrosoftMixedReality/MRTexture.uexp" 487
"../../../Engine/Plugins/Runtime/OpenXR/Content/Devices/MicrosoftMixedReality/MI_MicrosoftMixedReality.uasset" 488
"../../../Engine/Plugins/Runtime/OpenXR/Content/Devices/MicrosoftMixedReality/MI_MicrosoftMixedReality.uexp" 489
"../../../Engine/Plugins/Runtime/OpenXR/Content/Devices/MicrosoftMixedReality/Left/left_MicrosoftMixedRealityController.uasset" 490
"../../../Engine/Plugins/Runtime/OpenXR/Content/Devices/MicrosoftMixedReality/Left/left_MicrosoftMixedRealityController.uexp" 491
"../../../Engine/Plugins/Runtime/OpenXR/Content/Devices/MicrosoftMixedReality/Right/right_MicrosoftMixedRealityController.uasset" 492
"../../../Engine/Plugins/Runtime/OpenXR/Content/Devices/MicrosoftMixedReality/Right/right_MicrosoftMixedRealityController.uexp" 493
"../../../Engine/Plugins/Runtime/OpenXR/Content/Devices/OculusGo/BaseTexture.ubulk" 494
"../../../Engine/Plugins/Runtime/OpenXR/Content/Devices/OculusGo/BaseTexture.uasset" 495
"../../../Engine/Plugins/Runtime/OpenXR/Content/Devices/OculusGo/BaseTexture.uexp" 496
"../../../Engine/Plugins/Runtime/OpenXR/Content/Devices/OculusGo/MI_OculusGo.uasset" 497
"../../../Engine/Plugins/Runtime/OpenXR/Content/Devices/OculusGo/MI_OculusGo.uexp" 498
"../../../Engine/Plugins/Runtime/OpenXR/Content/Devices/OculusGo/OculusGoController.uasset" 499
"../../../Engine/Plugins/Runtime/OpenXR/Content/Devices/OculusGo/OculusGoController.uexp" 500
"../../../Engine/Plugins/Runtime/OpenXR/Content/Devices/OculusTouch/BaseTexture.ubulk" 501
"../../../Engine/Plugins/Runtime/OpenXR/Content/Devices/OculusTouch/BaseTexture.uasset" 502
"../../../Engine/Plugins/Runtime/OpenXR/Content/Devices/OculusTouch/BaseTexture.uexp" 503
"../../../Engine/Plugins/Runtime/OpenXR/Content/Devices/OculusTouch/MRTexture.ubulk" 504
"../../../Engine/Plugins/Runtime/OpenXR/Content/Devices/OculusTouch/MRTexture.uasset" 505
"../../../Engine/Plugins/Runtime/OpenXR/Content/Devices/OculusTouch/MRTexture.uexp" 506
"../../../Engine/Plugins/Runtime/OpenXR/Content/Devices/OculusTouch/MI_OculusTouch.uasset" 507
"../../../Engine/Plugins/Runtime/OpenXR/Content/Devices/OculusTouch/MI_OculusTouch.uexp" 508
"../../../Engine/Plugins/Runtime/OpenXR/Content/Devices/OculusTouch/Left/left_OculusTouchController.uasset" 509
"../../../Engine/Plugins/Runtime/OpenXR/Content/Devices/OculusTouch/Left/left_OculusTouchController.uexp" 510
"../../../Engine/Plugins/Runtime/OpenXR/Content/Devices/OculusTouch/Right/right_OculusTouchController.uasset" 511
"../../../Engine/Plugins/Runtime/OpenXR/Content/Devices/OculusTouch/Right/right_OculusTouchController.uexp" 512
"../../../Engine/Plugins/Runtime/OpenXR/Content/Devices/OculusTouch_v3/MRTexture.ubulk" 513
"../../../Engine/Plugins/Runtime/OpenXR/Content/Devices/OculusTouch_v3/MRTexture.uasset" 514
"../../../Engine/Plugins/Runtime/OpenXR/Content/Devices/OculusTouch_v3/MRTexture.uexp" 515
"../../../Engine/Plugins/Runtime/OpenXR/Content/Devices/OculusTouch_v3/BaseTexture.ubulk" 516
"../../../Engine/Plugins/Runtime/OpenXR/Content/Devices/OculusTouch_v3/BaseTexture.uasset" 517
"../../../Engine/Plugins/Runtime/OpenXR/Content/Devices/OculusTouch_v3/BaseTexture.uexp" 518
"../../../Engine/Plugins/Runtime/OpenXR/Content/Devices/OculusTouch_v3/MI_OculusTouch_v3.uasset" 519
"../../../Engine/Plugins/Runtime/OpenXR/Content/Devices/OculusTouch_v3/MI_OculusTouch_v3.uexp" 520
"../../../Engine/Plugins/Runtime/OpenXR/Content/Devices/OculusTouch_v3/Left/left_OculusTouch_v3Controller.uasset" 521
"../../../Engine/Plugins/Runtime/OpenXR/Content/Devices/OculusTouch_v3/Left/left_OculusTouch_v3Controller.uexp" 522
"../../../Engine/Plugins/Runtime/OpenXR/Content/Devices/OculusTouch_v3/Right/right_OculusTouch_v3Controller.uasset" 523
"../../../Engine/Plugins/Runtime/OpenXR/Content/Devices/OculusTouch_v3/Right/right_OculusTouch_v3Controller.uexp" 524
"../../../Engine/Plugins/Runtime/OpenXR/Content/Devices/ValveIndex/MRTexture.ubulk" 525
"../../../Engine/Plugins/Runtime/OpenXR/Content/Devices/ValveIndex/MRTexture.uasset" 526
"../../../Engine/Plugins/Runtime/OpenXR/Content/Devices/ValveIndex/MRTexture.uexp" 527
"../../../Engine/Plugins/Runtime/OpenXR/Content/Devices/ValveIndex/BaseTexture.ubulk" 528
"../../../Engine/Plugins/Runtime/OpenXR/Content/Devices/ValveIndex/BaseTexture.uasset" 529
"../../../Engine/Plugins/Runtime/OpenXR/Content/Devices/ValveIndex/BaseTexture.uexp" 530
"../../../Engine/Plugins/Runtime/OpenXR/Content/Devices/ValveIndex/Left/MI_left_ValveIndex.uasset" 531
"../../../Engine/Plugins/Runtime/OpenXR/Content/Devices/ValveIndex/Left/MI_left_ValveIndex.uexp" 532
"../../../Engine/Plugins/Runtime/OpenXR/Content/Devices/ValveIndex/Left/left_ValveIndexController.uasset" 533
"../../../Engine/Plugins/Runtime/OpenXR/Content/Devices/ValveIndex/Left/left_ValveIndexController.uexp" 534
"../../../Engine/Plugins/Runtime/OpenXR/Content/Devices/ValveIndex/Right/MI_right_ValveIndex.uasset" 535
"../../../Engine/Plugins/Runtime/OpenXR/Content/Devices/ValveIndex/Right/MI_right_ValveIndex.uexp" 536
"../../../Engine/Plugins/Runtime/OpenXR/Content/Devices/ValveIndex/Right/right_ValveIndexController.uasset" 537
"../../../Engine/Plugins/Runtime/OpenXR/Content/Devices/ValveIndex/Right/right_ValveIndexController.uexp" 538
"E:/Documents/VR Projects/CoralLabV1 5.0/Content/Movies/Audio/441964__v-hazard__atmos-museum-quiet-met-nyc.ubulk" 539
"E:/Documents/VR Projects/CoralLabV1 5.0/Content/Movies/Audio/441964__v-hazard__atmos-museum-quiet-met-nyc.uasset" 540
"E:/Documents/VR Projects/CoralLabV1 5.0/Content/Movies/Audio/441964__v-hazard__atmos-museum-quiet-met-nyc.uexp" 541
"E:/Documents/VR Projects/CoralLabV1 5.0/Content/Movies/Audio/441964__v-hazard__atmos-museum-quiet-met-nyc_Cue.uasset" 542
"E:/Documents/VR Projects/CoralLabV1 5.0/Content/Movies/Audio/441964__v-hazard__atmos-museum-quiet-met-nyc_Cue.uexp" 543
"E:/Documents/VR Projects/CoralLabV1 5.0/Content/My_Stuff/Materials/ED_Blue.uasset" 544
"E:/Documents/VR Projects/CoralLabV1 5.0/Content/My_Stuff/Materials/ED_Blue.uexp" 545
"E:/Documents/VR Projects/CoralLabV1 5.0/Content/Megascans/Surfaces/Blue_Painted_Plaster_ub5hee1fw/T_Blue_Painted_Plaster_ub5hee1fw_1K_N.ubulk" 546
"E:/Documents/VR Projects/CoralLabV1 5.0/Content/Megascans/Surfaces/Blue_Painted_Plaster_ub5hee1fw/T_Blue_Painted_Plaster_ub5hee1fw_1K_N.uasset" 547
"E:/Documents/VR Projects/CoralLabV1 5.0/Content/Megascans/Surfaces/Blue_Painted_Plaster_ub5hee1fw/T_Blue_Painted_Plaster_ub5hee1fw_1K_N.uexp" 548
"E:/Documents/VR Projects/CoralLabV1 5.0/Content/Megascans/Surfaces/Blue_Painted_Plaster_ub5hee1fw/T_Blue_Painted_Plaster_ub5hee1fw_1K_D.ubulk" 549
"E:/Documents/VR Projects/CoralLabV1 5.0/Content/Megascans/Surfaces/Blue_Painted_Plaster_ub5hee1fw/T_Blue_Painted_Plaster_ub5hee1fw_1K_D.uasset" 550
"E:/Documents/VR Projects/CoralLabV1 5.0/Content/Megascans/Surfaces/Blue_Painted_Plaster_ub5hee1fw/T_Blue_Painted_Plaster_ub5hee1fw_1K_D.uexp" 551
"E:/Documents/VR Projects/CoralLabV1 5.0/Content/Megascans/Surfaces/Blue_Painted_Plaster_ub5hee1fw/T_BluePaintedPlaster_ub5hee1fw_1K_ORDp.ubulk" 552
"E:/Documents/VR Projects/CoralLabV1 5.0/Content/Megascans/Surfaces/Blue_Painted_Plaster_ub5hee1fw/T_BluePaintedPlaster_ub5hee1fw_1K_ORDp.uasset" 553
"E:/Documents/VR Projects/CoralLabV1 5.0/Content/Megascans/Surfaces/Blue_Painted_Plaster_ub5hee1fw/T_BluePaintedPlaster_ub5hee1fw_1K_ORDp.uexp" 554
"E:/Documents/VR Projects/CoralLabV1 5.0/Content/My_Stuff/Materials/ED_Walls1.uasset" 555
"E:/Documents/VR Projects/CoralLabV1 5.0/Content/My_Stuff/Materials/ED_Walls1.uexp" 556
"E:/Documents/VR Projects/CoralLabV1 5.0/Content/My_Stuff/Maps/_GENERATED/edani/Boolean_4957FFCD.uasset" 557
"E:/Documents/VR Projects/CoralLabV1 5.0/Content/My_Stuff/Maps/_GENERATED/edani/Boolean_4957FFCD.uexp" 558
"E:/Documents/VR Projects/CoralLabV1 5.0/Content/My_Stuff/Assets/yenli_1_orig.uasset" 559
"E:/Documents/VR Projects/CoralLabV1 5.0/Content/My_Stuff/Assets/yenli_1_orig.uexp" 560
"E:/Documents/VR Projects/CoralLabV1 5.0/Content/My_Stuff/Assets/yenli_1_orig_Mat.uasset" 561
"E:/Documents/VR Projects/CoralLabV1 5.0/Content/My_Stuff/Assets/yenli_1_orig_Mat.uexp" 562
"E:/Documents/VR Projects/CoralLabV1 5.0/Content/My_Stuff/Materials/Grey.uasset" 563
"E:/Documents/VR Projects/CoralLabV1 5.0/Content/My_Stuff/Materials/Grey.uexp" 564
"E:/Documents/VR Projects/CoralLabV1 5.0/Content/My_Stuff/Materials/Grey_Inst.uasset" 565
"E:/Documents/VR Projects/CoralLabV1 5.0/Content/My_Stuff/Materials/Grey_Inst.uexp" 566
"E:/Documents/VR Projects/CoralLabV1 5.0/Content/My_Stuff/Assets/YiWei.uasset" 567
"E:/Documents/VR Projects/CoralLabV1 5.0/Content/My_Stuff/Assets/YiWei.uexp" 568
"E:/Documents/VR Projects/CoralLabV1 5.0/Content/My_Stuff/Assets/YiWei_Mat.uasset" 569
"E:/Documents/VR Projects/CoralLabV1 5.0/Content/My_Stuff/Assets/YiWei_Mat.uexp" 570
"E:/Documents/VR Projects/CoralLabV1 5.0/Content/My_Stuff/Materials/ED_Tan.uasset" 571
"E:/Documents/VR Projects/CoralLabV1 5.0/Content/My_Stuff/Materials/ED_Tan.uexp" 572
"E:/Documents/VR Projects/CoralLabV1 5.0/Content/My_Stuff/Assets/IONTU_logo.uasset" 573
"E:/Documents/VR Projects/CoralLabV1 5.0/Content/My_Stuff/Assets/IONTU_logo.uexp" 574
"E:/Documents/VR Projects/CoralLabV1 5.0/Content/My_Stuff/Assets/IONTU_logo_Mat.uasset" 575
"E:/Documents/VR Projects/CoralLabV1 5.0/Content/My_Stuff/Assets/IONTU_logo_Mat.uexp" 576
"E:/Documents/VR Projects/CoralLabV1 5.0/Content/My_Stuff/Assets/tony_orig.uasset" 577
"E:/Documents/VR Projects/CoralLabV1 5.0/Content/My_Stuff/Assets/tony_orig.uexp" 578
"E:/Documents/VR Projects/CoralLabV1 5.0/Content/My_Stuff/Assets/tony_orig_Mat.uasset" 579
"E:/Documents/VR Projects/CoralLabV1 5.0/Content/My_Stuff/Assets/tony_orig_Mat.uexp" 580
"E:/Documents/VR Projects/CoralLabV1 5.0/Content/My_Stuff/Assets/ED_Denis_Chen2016_15thInternationalCoralReefConference.uasset" 581
"E:/Documents/VR Projects/CoralLabV1 5.0/Content/My_Stuff/Assets/ED_Denis_Chen2016_15thInternationalCoralReefConference.uexp" 582
"E:/Documents/VR Projects/CoralLabV1 5.0/Content/My_Stuff/Assets/ED_Denis_Chen2016_15thInternationalCoralReefConference_Mat.uasset" 583
"E:/Documents/VR Projects/CoralLabV1 5.0/Content/My_Stuff/Assets/ED_Denis_Chen2016_15thInternationalCoralReefConference_Mat.uexp" 584
"E:/Documents/VR Projects/CoralLabV1 5.0/Content/My_Stuff/Assets/Stephane.uasset" 585
"E:/Documents/VR Projects/CoralLabV1 5.0/Content/My_Stuff/Assets/Stephane.uexp" 586
"E:/Documents/VR Projects/CoralLabV1 5.0/Content/My_Stuff/Assets/Stephane_Mat.uasset" 587
"E:/Documents/VR Projects/CoralLabV1 5.0/Content/My_Stuff/Assets/Stephane_Mat.uexp" 588
"E:/Documents/VR Projects/CoralLabV1 5.0/Content/My_Stuff/Materials/ED_Light_Tan.uasset" 589
"E:/Documents/VR Projects/CoralLabV1 5.0/Content/My_Stuff/Materials/ED_Light_Tan.uexp" 590
"E:/Documents/VR Projects/CoralLabV1 5.0/Content/My_Stuff/Assets/callyspongia-confoederata-2.uasset" 591
"E:/Documents/VR Projects/CoralLabV1 5.0/Content/My_Stuff/Assets/callyspongia-confoederata-2.uexp" 592
"E:/Documents/VR Projects/CoralLabV1 5.0/Content/My_Stuff/Assets/callyspongia-confoederata-2_Mat.uasset" 593
"E:/Documents/VR Projects/CoralLabV1 5.0/Content/My_Stuff/Assets/callyspongia-confoederata-2_Mat.uexp" 594
"../../../Engine/Content/BasicShapes/Cube.uasset" 595
"../../../Engine/Content/BasicShapes/Cube.uexp" 596
"E:/Documents/VR Projects/CoralLabV1 5.0/Content/My_Stuff/Assets/morris2_orig.uasset" 597
"E:/Documents/VR Projects/CoralLabV1 5.0/Content/My_Stuff/Assets/morris2_orig.uexp" 598
"E:/Documents/VR Projects/CoralLabV1 5.0/Content/My_Stuff/Assets/morris2_orig_Mat.uasset" 599
"E:/Documents/VR Projects/CoralLabV1 5.0/Content/My_Stuff/Assets/morris2_orig_Mat.uexp" 600
"E:/Documents/VR Projects/CoralLabV1 5.0/Content/My_Stuff/Assets/ED_25_2021JOINT-LAB_MEETING_ACCRETION_COMPLEXITY.uasset" 601
"E:/Documents/VR Projects/CoralLabV1 5.0/Content/My_Stuff/Assets/ED_25_2021JOINT-LAB_MEETING_ACCRETION_COMPLEXITY.uexp" 602
"E:/Documents/VR Projects/CoralLabV1 5.0/Content/My_Stuff/Assets/ED_25_2021JOINT-LAB_MEETING_ACCRETION_COMPLEXITY_Mat.uasset" 603
"E:/Documents/VR Projects/CoralLabV1 5.0/Content/My_Stuff/Assets/ED_25_2021JOINT-LAB_MEETING_ACCRETION_COMPLEXITY_Mat.uexp" 604
"E:/Documents/VR Projects/CoralLabV1 5.0/Content/My_Stuff/Assets/stylissa-carteri.uasset" 605
"E:/Documents/VR Projects/CoralLabV1 5.0/Content/My_Stuff/Assets/stylissa-carteri.uexp" 606
"E:/Documents/VR Projects/CoralLabV1 5.0/Content/My_Stuff/Assets/stylissa-carteri_Mat.uasset" 607
"E:/Documents/VR Projects/CoralLabV1 5.0/Content/My_Stuff/Assets/stylissa-carteri_Mat.uexp" 608
"E:/Documents/VR Projects/CoralLabV1 5.0/Content/My_Stuff/Assets/img-3391.uasset" 609
"E:/Documents/VR Projects/CoralLabV1 5.0/Content/My_Stuff/Assets/img-3391.uexp" 610
"E:/Documents/VR Projects/CoralLabV1 5.0/Content/My_Stuff/Assets/img-3391_Mat.uasset" 611
"E:/Documents/VR Projects/CoralLabV1 5.0/Content/My_Stuff/Assets/img-3391_Mat.uexp" 612
"E:/Documents/VR Projects/CoralLabV1 5.0/Content/My_Stuff/Assets/ED_Comming_soon_blue.uasset" 613
"E:/Documents/VR Projects/CoralLabV1 5.0/Content/My_Stuff/Assets/ED_Comming_soon_blue.uexp" 614
"E:/Documents/VR Projects/CoralLabV1 5.0/Content/My_Stuff/Assets/ED_Comming_soon_blue_Mat.uasset" 615
"E:/Documents/VR Projects/CoralLabV1 5.0/Content/My_Stuff/Assets/ED_Comming_soon_blue_Mat.uexp" 616
"E:/Documents/VR Projects/CoralLabV1 5.0/Content/Megascans/Surfaces/Brown_Ceramic_Tiles_ufgpfh1ew/T_Brown_Ceramic_Tiles_ufgpfh1ew_1K_N.ubulk" 617
"E:/Documents/VR Projects/CoralLabV1 5.0/Content/Megascans/Surfaces/Brown_Ceramic_Tiles_ufgpfh1ew/T_Brown_Ceramic_Tiles_ufgpfh1ew_1K_N.uasset" 618
"E:/Documents/VR Projects/CoralLabV1 5.0/Content/Megascans/Surfaces/Brown_Ceramic_Tiles_ufgpfh1ew/T_Brown_Ceramic_Tiles_ufgpfh1ew_1K_N.uexp" 619
"E:/Documents/VR Projects/CoralLabV1 5.0/Content/Megascans/Surfaces/Brown_Ceramic_Tiles_ufgpfh1ew/T_Brown_Ceramic_Tiles_ufgpfh1ew_1K_D.ubulk" 620
"E:/Documents/VR Projects/CoralLabV1 5.0/Content/Megascans/Surfaces/Brown_Ceramic_Tiles_ufgpfh1ew/T_Brown_Ceramic_Tiles_ufgpfh1ew_1K_D.uasset" 621
"E:/Documents/VR Projects/CoralLabV1 5.0/Content/Megascans/Surfaces/Brown_Ceramic_Tiles_ufgpfh1ew/T_Brown_Ceramic_Tiles_ufgpfh1ew_1K_D.uexp" 622
"E:/Documents/VR Projects/CoralLabV1 5.0/Content/Megascans/Surfaces/Brown_Ceramic_Tiles_ufgpfh1ew/T_BrownCeramicTiles_ufgpfh1ew_1K_ORDp.ubulk" 623
"E:/Documents/VR Projects/CoralLabV1 5.0/Content/Megascans/Surfaces/Brown_Ceramic_Tiles_ufgpfh1ew/T_BrownCeramicTiles_ufgpfh1ew_1K_ORDp.uasset" 624
"E:/Documents/VR Projects/CoralLabV1 5.0/Content/Megascans/Surfaces/Brown_Ceramic_Tiles_ufgpfh1ew/T_BrownCeramicTiles_ufgpfh1ew_1K_ORDp.uexp" 625
"E:/Documents/VR Projects/CoralLabV1 5.0/Content/My_Stuff/Materials/Floor.uasset" 626
"E:/Documents/VR Projects/CoralLabV1 5.0/Content/My_Stuff/Materials/Floor.uexp" 627
"E:/Documents/VR Projects/CoralLabV1 5.0/Content/My_Stuff/Materials/Floor_Inst.uasset" 628
"E:/Documents/VR Projects/CoralLabV1 5.0/Content/My_Stuff/Materials/Floor_Inst.uexp" 629
"E:/Documents/VR Projects/CoralLabV1 5.0/Content/My_Stuff/Assets/boat1.uasset" 630
"E:/Documents/VR Projects/CoralLabV1 5.0/Content/My_Stuff/Assets/boat1.uexp" 631
"E:/Documents/VR Projects/CoralLabV1 5.0/Content/My_Stuff/Assets/boat1_Mat.uasset" 632
"E:/Documents/VR Projects/CoralLabV1 5.0/Content/My_Stuff/Assets/boat1_Mat.uexp" 633
"E:/Documents/VR Projects/CoralLabV1 5.0/Content/My_Stuff/Materials/ED_Teal.uasset" 634
"E:/Documents/VR Projects/CoralLabV1 5.0/Content/My_Stuff/Materials/ED_Teal.uexp" 635
"E:/Documents/VR Projects/CoralLabV1 5.0/Content/My_Stuff/Assets/Ribas-Deulofeu_et_al___Rugosity__-_Poster_TW_Coral_Society_20222.uasset" 636
"E:/Documents/VR Projects/CoralLabV1 5.0/Content/My_Stuff/Assets/Ribas-Deulofeu_et_al___Rugosity__-_Poster_TW_Coral_Society_20222.uexp" 637
"E:/Documents/VR Projects/CoralLabV1 5.0/Content/My_Stuff/Assets/Ribas-Deulofeu_et_al___Rugosity__-_Poster_TW_Coral_Society_20222_Mat.uasset" 638
"E:/Documents/VR Projects/CoralLabV1 5.0/Content/My_Stuff/Assets/Ribas-Deulofeu_et_al___Rugosity__-_Poster_TW_Coral_Society_20222_Mat.uexp" 639
"E:/Documents/VR Projects/CoralLabV1 5.0/Content/My_Stuff/Assets/Denis_Lab_photo.uasset" 640
"E:/Documents/VR Projects/CoralLabV1 5.0/Content/My_Stuff/Assets/Denis_Lab_photo.uexp" 641
"E:/Documents/VR Projects/CoralLabV1 5.0/Content/My_Stuff/Assets/Denis_Lab_photo_Mat.uasset" 642
"E:/Documents/VR Projects/CoralLabV1 5.0/Content/My_Stuff/Assets/Denis_Lab_photo_Mat.uexp" 643
"E:/Documents/VR Projects/CoralLabV1 5.0/Content/My_Stuff/Assets/Laurine.uasset" 644
"E:/Documents/VR Projects/CoralLabV1 5.0/Content/My_Stuff/Assets/Laurine.uexp" 645
"E:/Documents/VR Projects/CoralLabV1 5.0/Content/My_Stuff/Assets/Laurine_Mat.uasset" 646
"E:/Documents/VR Projects/CoralLabV1 5.0/Content/My_Stuff/Assets/Laurine_Mat.uexp" 647
"E:/Documents/VR Projects/CoralLabV1 5.0/Content/My_Stuff/Assets/Vianney-Denis-126x175.uasset" 648
"E:/Documents/VR Projects/CoralLabV1 5.0/Content/My_Stuff/Assets/Vianney-Denis-126x175.uexp" 649
"E:/Documents/VR Projects/CoralLabV1 5.0/Content/My_Stuff/Assets/Vianney-Denis-126x175_Mat.uasset" 650
"E:/Documents/VR Projects/CoralLabV1 5.0/Content/My_Stuff/Assets/Vianney-Denis-126x175_Mat.uexp" 651
"E:/Documents/VR Projects/CoralLabV1 5.0/Content/My_Stuff/Maps/CoralLab_Low_BuiltData.ubulk" 652
"E:/Documents/VR Projects/CoralLabV1 5.0/Content/My_Stuff/Maps/CoralLab_Low_BuiltData.uasset" 653
"E:/Documents/VR Projects/CoralLabV1 5.0/Content/My_Stuff/Maps/CoralLab_Low_BuiltData.uexp" 654
"../../../Engine/Plugins/Runtime/OpenXR/Content/Devices/OculusTouch_v2/BaseTexture.ubulk" 655
"../../../Engine/Plugins/Runtime/OpenXR/Content/Devices/OculusTouch_v2/BaseTexture.uasset" 656
"../../../Engine/Plugins/Runtime/OpenXR/Content/Devices/OculusTouch_v2/BaseTexture.uexp" 657
"../../../Engine/Plugins/Runtime/OpenXR/Content/Devices/OculusTouch_v2/MRTexture.ubulk" 658
"../../../Engine/Plugins/Runtime/OpenXR/Content/Devices/OculusTouch_v2/MRTexture.uasset" 659
"../../../Engine/Plugins/Runtime/OpenXR/Content/Devices/OculusTouch_v2/MRTexture.uexp" 660
"../../../Engine/Plugins/Runtime/OpenXR/Content/Devices/OculusTouch_v2/MI_OculusTouch_v2.uasset" 661
"../../../Engine/Plugins/Runtime/OpenXR/Content/Devices/OculusTouch_v2/MI_OculusTouch_v2.uexp" 662
"../../../Engine/Plugins/Runtime/OpenXR/Content/Devices/OculusTouch_v2/Right/right_OculusTouch_v2Controller.uasset" 663
"../../../Engine/Plugins/Runtime/OpenXR/Content/Devices/OculusTouch_v2/Right/right_OculusTouch_v2Controller.uexp" 664
"../../../Engine/Plugins/Runtime/OpenXR/Content/Devices/OculusTouch_v2/Left/left_OculusTouch_v2Controller.uasset" 665
"../../../Engine/Plugins/Runtime/OpenXR/Content/Devices/OculusTouch_v2/Left/left_OculusTouch_v2Controller.uexp" 666
"E:/Documents/VR Projects/CoralLabV1 5.0/Content/VRTemplate/Blueprints/VRInteractionBPI.uasset" 667
"E:/Documents/VR Projects/CoralLabV1 5.0/Content/VRTemplate/Blueprints/VRInteractionBPI.uexp" 668
"E:/Documents/VR Projects/CoralLabV1 5.0/Content/VRTemplate/Haptics/GrabHapticEffect.uasset" 669
"E:/Documents/VR Projects/CoralLabV1 5.0/Content/VRTemplate/Haptics/GrabHapticEffect.uexp" 670
"E:/Documents/VR Projects/CoralLabV1 5.0/Content/VRTemplate/Blueprints/GrabType.uasset" 671
"E:/Documents/VR Projects/CoralLabV1 5.0/Content/VRTemplate/Blueprints/GrabType.uexp" 672
"E:/Documents/VR Projects/CoralLabV1 5.0/Content/VRTemplate/Blueprints/GrabComponent.uasset" 673
"E:/Documents/VR Projects/CoralLabV1 5.0/Content/VRTemplate/Blueprints/GrabComponent.uexp" 674
"../../../Engine/Plugins/FX/Niagara/Content/Enums/ENiagara_MassInitializationMode.uasset" 675
"../../../Engine/Plugins/FX/Niagara/Content/Enums/ENiagara_MassInitializationMode.uexp" 676
"../../../Engine/Plugins/FX/Niagara/Content/Enums/ENiagaraRandomnessMode.uasset" 677
"../../../Engine/Plugins/FX/Niagara/Content/Enums/ENiagaraRandomnessMode.uexp" 678
"../../../Engine/Plugins/FX/Niagara/Content/Enums/ENiagaraRandomnessEvaluation.uasset" 679
"../../../Engine/Plugins/FX/Niagara/Content/Enums/ENiagaraRandomnessEvaluation.uexp" 680
"../../../Engine/Plugins/FX/Niagara/Content/Functions/V2/CalculateRandomRangeInteger.uasset" 681
"../../../Engine/Plugins/FX/Niagara/Content/Functions/V2/CalculateRandomRangeInteger.uexp" 682
"../../../Engine/Plugins/FX/Niagara/Content/Enums/ENiagaraArraySamplingMode.uasset" 683
"../../../Engine/Plugins/FX/Niagara/Content/Enums/ENiagaraArraySamplingMode.uexp" 684
"../../../Engine/Plugins/FX/Niagara/Content/Enums/ENiagara_WrapClamp.uasset" 685
"../../../Engine/Plugins/FX/Niagara/Content/Enums/ENiagara_WrapClamp.uexp" 686
"../../../Engine/Plugins/FX/Niagara/Content/DynamicInputs/Arrays/SelectVectorFromArray.uasset" 687
"../../../Engine/Plugins/FX/Niagara/Content/DynamicInputs/Arrays/SelectVectorFromArray.uexp" 688
"../../../Engine/Plugins/FX/Niagara/Content/Enums/ENiagara_PositionInitializationMode.uasset" 689
"../../../Engine/Plugins/FX/Niagara/Content/Enums/ENiagara_PositionInitializationMode.uexp" 690
"../../../Engine/Plugins/FX/Niagara/Content/DynamicInputs/Multiply/Multiply_VectorByFloat.uasset" 691
"../../../Engine/Plugins/FX/Niagara/Content/DynamicInputs/Multiply/Multiply_VectorByFloat.uexp" 692
"../../../Engine/Plugins/FX/Niagara/Content/DynamicInputs/Execution/ReturnExecIndex.uasset" 693
"../../../Engine/Plugins/FX/Niagara/Content/DynamicInputs/Execution/ReturnExecIndex.uexp" 694
"../../../Engine/Plugins/FX/Niagara/Content/Functions/NormalizedExecutionIndex.uasset" 695
"../../../Engine/Plugins/FX/Niagara/Content/Functions/NormalizedExecutionIndex.uexp" 696
"../../../Engine/Plugins/FX/Niagara/Content/DynamicInputs/Execution/ReturnNormalizedExecIndex.uasset" 697
"../../../Engine/Plugins/FX/Niagara/Content/DynamicInputs/Execution/ReturnNormalizedExecIndex.uexp" 698
"../../../Engine/Plugins/FX/Niagara/Content/Enums/ENiagara_LifetimeMode.uasset" 699
"../../../Engine/Plugins/FX/Niagara/Content/Enums/ENiagara_LifetimeMode.uexp" 700
"../../../Engine/Plugins/FX/Niagara/Content/Enums/ENiagaraEmitterLifeCycleMode.uasset" 701
"../../../Engine/Plugins/FX/Niagara/Content/Enums/ENiagaraEmitterLifeCycleMode.uexp" 702
"../../../Engine/Plugins/FX/Niagara/Content/Functions/Emitter/EmitterChangeState.uasset" 703
"../../../Engine/Plugins/FX/Niagara/Content/Functions/Emitter/EmitterChangeState.uexp" 704
"../../../Engine/Plugins/FX/Niagara/Content/Enums/ENiagara_InfiniteLoopDuration.uasset" 705
"../../../Engine/Plugins/FX/Niagara/Content/Enums/ENiagara_InfiniteLoopDuration.uexp" 706
"../../../Engine/Plugins/FX/Niagara/Content/Enums/ENiagara_EmitterStateOptions.uasset" 707
"../../../Engine/Plugins/FX/Niagara/Content/Enums/ENiagara_EmitterStateOptions.uexp" 708
"../../../Engine/Plugins/FX/Niagara/Content/Enums/ENiagaraInactiveMode.uasset" 709
"../../../Engine/Plugins/FX/Niagara/Content/Enums/ENiagaraInactiveMode.uexp" 710
"../../../Engine/Plugins/FX/Niagara/Content/Enums/ENiagaraExecutionStateManagement.uasset" 711
"../../../Engine/Plugins/FX/Niagara/Content/Enums/ENiagaraExecutionStateManagement.uexp" 712
"../../../Engine/Plugins/FX/Niagara/Content/Enums/ENiagaraEmitterScalabilityMode_Limited.uasset" 713
"../../../Engine/Plugins/FX/Niagara/Content/Enums/ENiagaraEmitterScalabilityMode_Limited.uexp" 714
"../../../Engine/Plugins/FX/Niagara/Content/Modules/Emitter/EmitterState.uasset" 715
"../../../Engine/Plugins/FX/Niagara/Content/Modules/Emitter/EmitterState.uexp" 716
"../../../Engine/Plugins/FX/Niagara/Content/Functions/V2/CalculateRandomRangeFloat.uasset" 717
"../../../Engine/Plugins/FX/Niagara/Content/Functions/V2/CalculateRandomRangeFloat.uexp" 718
"../../../Engine/Plugins/FX/Niagara/Content/Modules/Emitter/SpawnBurst_Instantaneous.uasset" 719
"../../../Engine/Plugins/FX/Niagara/Content/Modules/Emitter/SpawnBurst_Instantaneous.uexp" 720
"../../../Engine/Plugins/FX/Niagara/Content/DynamicInputs/Multiply/Multiply_Vector.uasset" 721
"../../../Engine/Plugins/FX/Niagara/Content/DynamicInputs/Multiply/Multiply_Vector.uexp" 722
"../../../Engine/Plugins/FX/Niagara/Content/Functions/GetRandomInfo.uasset" 723
"../../../Engine/Plugins/FX/Niagara/Content/Functions/GetRandomInfo.uexp" 724
"../../../Engine/Plugins/FX/Niagara/Content/Functions/RandomRangeFloat.uasset" 725
"../../../Engine/Plugins/FX/Niagara/Content/Functions/RandomRangeFloat.uexp" 726
"../../../Engine/Plugins/FX/Niagara/Content/Functions/Localspace/SimulationPosition.uasset" 727
"../../../Engine/Plugins/FX/Niagara/Content/Functions/Localspace/SimulationPosition.uexp" 728
"../../../Engine/Plugins/FX/Niagara/Content/Functions/Localspace/TransformBase.uasset" 729
"../../../Engine/Plugins/FX/Niagara/Content/Functions/Localspace/TransformBase.uexp" 730
"../../../Engine/Plugins/FX/Niagara/Content/Functions/Localspace/TransformVector.uasset" 731
"../../../Engine/Plugins/FX/Niagara/Content/Functions/Localspace/TransformVector.uexp" 732
"../../../Engine/Plugins/FX/Niagara/Content/Functions/V2/CalculateRandomRange.uasset" 733
"../../../Engine/Plugins/FX/Niagara/Content/Functions/V2/CalculateRandomRange.uexp" 734
"../../../Engine/Plugins/FX/Niagara/Content/Enums/Ribbons/ENiagara_UnsetDirectSet.uasset" 735
"../../../Engine/Plugins/FX/Niagara/Content/Enums/Ribbons/ENiagara_UnsetDirectSet.uexp" 736
"../../../Engine/Plugins/FX/Niagara/Content/Enums/ENiagara_ColorInitializationMode.uasset" 737
"../../../Engine/Plugins/FX/Niagara/Content/Enums/ENiagara_ColorInitializationMode.uexp" 738
"../../../Engine/Plugins/FX/Niagara/Content/Functions/LinearColor/HueShiftLinearColor.uasset" 739
"../../../Engine/Plugins/FX/Niagara/Content/Functions/LinearColor/HueShiftLinearColor.uexp" 740
"../../../Engine/Plugins/FX/Niagara/Content/Enums/ENiagaraChannelCorrelation.uasset" 741
"../../../Engine/Plugins/FX/Niagara/Content/Enums/ENiagaraChannelCorrelation.uexp" 742
"../../../Engine/Plugins/FX/Niagara/Content/Modules/Spawn/Initialization/InitializeRibbon.uasset" 743
"../../../Engine/Plugins/FX/Niagara/Content/Modules/Spawn/Initialization/InitializeRibbon.uexp" 744
"../../../Engine/Plugins/FX/Niagara/Content/Enums/ENiagaraSystemInactiveMode.uasset" 745
"../../../Engine/Plugins/FX/Niagara/Content/Enums/ENiagaraSystemInactiveMode.uexp" 746
"../../../Engine/Plugins/FX/Niagara/Content/Functions/System/SystemChangeState.uasset" 747
"../../../Engine/Plugins/FX/Niagara/Content/Functions/System/SystemChangeState.uexp" 748
"../../../Engine/Plugins/FX/Niagara/Content/Modules/System/SystemState.uasset" 749
"../../../Engine/Plugins/FX/Niagara/Content/Modules/System/SystemState.uexp" 750
"E:/Documents/VR Projects/CoralLabV1 5.0/Content/VRTemplate/VFX/NPC_VRTemplate.uasset" 751
"E:/Documents/VR Projects/CoralLabV1 5.0/Content/VRTemplate/VFX/NPC_VRTemplate.uexp" 752
"../../../Engine/Content/EngineMaterials/Good64x64TilingNoiseHighFreq.uasset" 753
"../../../Engine/Content/EngineMaterials/Good64x64TilingNoiseHighFreq.uexp" 754
"../../../Engine/Content/Functions/Engine_MaterialFunctions02/Utility/DepthFromWorldPosition.uasset" 755
"../../../Engine/Content/Functions/Engine_MaterialFunctions02/Utility/DepthFromWorldPosition.uexp" 756
"E:/Documents/VR Projects/CoralLabV1 5.0/Content/VRTemplate/Materials/Functions/MF_OccludedPixels.uasset" 757
"E:/Documents/VR Projects/CoralLabV1 5.0/Content/VRTemplate/Materials/Functions/MF_OccludedPixels.uexp" 758
"E:/Documents/VR Projects/CoralLabV1 5.0/Content/VRTemplate/Materials/M_TeleportNoise.uasset" 759
"E:/Documents/VR Projects/CoralLabV1 5.0/Content/VRTemplate/Materials/M_TeleportNoise.uexp" 760
"../../../Engine/Plugins/FX/Niagara/Content/Functions/Math/SaturateFloat.uasset" 761
"../../../Engine/Plugins/FX/Niagara/Content/Functions/Math/SaturateFloat.uexp" 762
"../../../Engine/Plugins/FX/Niagara/Content/Icons/Modules/T_Icon_Particle_InfiniteLife.uasset" 763
"../../../Engine/Plugins/FX/Niagara/Content/Icons/Modules/T_Icon_Particle_InfiniteLife.uexp" 764
"../../../Engine/Plugins/FX/Niagara/Content/Modules/Update/Lifetime/ParticleState.uasset" 765
"../../../Engine/Plugins/FX/Niagara/Content/Modules/Update/Lifetime/ParticleState.uexp" 766
"E:/Documents/VR Projects/CoralLabV1 5.0/Content/VRTemplate/VFX/NS_PlayAreaBounds.uasset" 767
"E:/Documents/VR Projects/CoralLabV1 5.0/Content/VRTemplate/VFX/NS_PlayAreaBounds.uexp" 768
"../../../Engine/Plugins/FX/Niagara/Content/Enums/ENiagaraTorusDistributionMode.uasset" 769
"../../../Engine/Plugins/FX/Niagara/Content/Enums/ENiagaraTorusDistributionMode.uexp" 770
"../../../Engine/Plugins/FX/Niagara/Content/Enums/ENiagaraTorusMode.uasset" 771
"../../../Engine/Plugins/FX/Niagara/Content/Enums/ENiagaraTorusMode.uexp" 772
"../../../Engine/Plugins/FX/Niagara/Content/Enums/ENiagara_SizeScaleMode.uasset" 773
"../../../Engine/Plugins/FX/Niagara/Content/Enums/ENiagara_SizeScaleMode.uexp" 774
"../../../Engine/Plugins/FX/Niagara/Content/Enums/ENiagara_UVFlippingMode.uasset" 775
"../../../Engine/Plugins/FX/Niagara/Content/Enums/ENiagara_UVFlippingMode.uexp" 776
"../../../Engine/Plugins/FX/Niagara/Content/Enums/Ribbons/ENiagara_UnsetDirectSetRandom.uasset" 777
"../../../Engine/Plugins/FX/Niagara/Content/Enums/Ribbons/ENiagara_UnsetDirectSetRandom.uexp" 778
"../../../Engine/Plugins/FX/Niagara/Content/Functions/V2/CalculateRandomBool.uasset" 779
"../../../Engine/Plugins/FX/Niagara/Content/Functions/V2/CalculateRandomBool.uexp" 780
"../../../Engine/Plugins/FX/Niagara/Content/Enums/ENiagara_SpriteRotationMode.uasset" 781
"../../../Engine/Plugins/FX/Niagara/Content/Enums/ENiagara_SpriteRotationMode.uexp" 782
"../../../Engine/Plugins/FX/Niagara/Content/Modules/Spawn/Initialization/V2/InitializeParticle.uasset" 783
"../../../Engine/Plugins/FX/Niagara/Content/Modules/Spawn/Initialization/V2/InitializeParticle.uexp" 784
"E:/Documents/VR Projects/CoralLabV1 5.0/Content/VRTemplate/Materials/M_TeleportCylinder.uasset" 785
"E:/Documents/VR Projects/CoralLabV1 5.0/Content/VRTemplate/Materials/M_TeleportCylinder.uexp" 786
"../../../Engine/Content/BasicShapes/Cylinder.uasset" 787
"../../../Engine/Content/BasicShapes/Cylinder.uexp" 788
"../../../Engine/Plugins/FX/Niagara/Content/Functions/DirectionAndLengthSafe.uasset" 789
"../../../Engine/Plugins/FX/Niagara/Content/Functions/DirectionAndLengthSafe.uexp" 790
"../../../Engine/Plugins/FX/Niagara/Content/Functions/Rotation/MultiplyVectorWithQuaternion.uasset" 791
"../../../Engine/Plugins/FX/Niagara/Content/Functions/Rotation/MultiplyVectorWithQuaternion.uexp" 792
"../../../Engine/Plugins/FX/Niagara/Content/Functions/Rotation/MultiplyQuaternion.uasset" 793
"../../../Engine/Plugins/FX/Niagara/Content/Functions/Rotation/MultiplyQuaternion.uexp" 794
"../../../Engine/Plugins/FX/Niagara/Content/Functions/Rotation/FindQuatBetween.uasset" 795
"../../../Engine/Plugins/FX/Niagara/Content/Functions/Rotation/FindQuatBetween.uexp" 796
"../../../Engine/Plugins/FX/Niagara/Content/Functions/RandomRange.uasset" 797
"../../../Engine/Plugins/FX/Niagara/Content/Functions/RandomRange.uexp" 798
"../../../Engine/Plugins/FX/Niagara/Content/Enums/ENiagaraVector4_Channels.uasset" 799
"../../../Engine/Plugins/FX/Niagara/Content/Enums/ENiagaraVector4_Channels.uexp" 800
"../../../Engine/Plugins/FX/Niagara/Content/Functions/ChannelMasks/SelectV4Channel.uasset" 801
"../../../Engine/Plugins/FX/Niagara/Content/Functions/ChannelMasks/SelectV4Channel.uexp" 802
"../../../Engine/Plugins/FX/Niagara/Content/Functions/Localspace/PositionToVector.uasset" 803
"../../../Engine/Plugins/FX/Niagara/Content/Functions/Localspace/PositionToVector.uexp" 804
"../../../Engine/Plugins/FX/Niagara/Content/Functions/ParametricTorusKnot.uasset" 805
"../../../Engine/Plugins/FX/Niagara/Content/Functions/ParametricTorusKnot.uexp" 806
"../../../Engine/Plugins/FX/Niagara/Content/Functions/PolarToCartesianCoordinates.uasset" 807
"../../../Engine/Plugins/FX/Niagara/Content/Functions/PolarToCartesianCoordinates.uexp" 808
"../../../Engine/Plugins/FX/Niagara/Content/Functions/ParametricTorus.uasset" 809
"../../../Engine/Plugins/FX/Niagara/Content/Functions/ParametricTorus.uexp" 810
"../../../Engine/Plugins/FX/Niagara/Content/Functions/Rotation/AxisAngleToQuaternion.uasset" 811
"../../../Engine/Plugins/FX/Niagara/Content/Functions/Rotation/AxisAngleToQuaternion.uexp" 812
"../../../Engine/Plugins/FX/Niagara/Content/Modules/Spawn/Location/TorusLocation.uasset" 813
"../../../Engine/Plugins/FX/Niagara/Content/Modules/Spawn/Location/TorusLocation.uexp" 814
"E:/Documents/VR Projects/CoralLabV1 5.0/Content/VRTemplate/VFX/NS_TeleportRing.uasset" 815
"E:/Documents/VR Projects/CoralLabV1 5.0/Content/VRTemplate/VFX/NS_TeleportRing.uexp" 816
"E:/Documents/VR Projects/CoralLabV1 5.0/Content/VRTemplate/Blueprints/VRTeleportVisualizer.uasset" 817
"E:/Documents/VR Projects/CoralLabV1 5.0/Content/VRTemplate/Blueprints/VRTeleportVisualizer.uexp" 818
"E:/Documents/VR Projects/CoralLabV1 5.0/Content/LevelPrototyping/Textures/T_Hologrid.ubulk" 819
"E:/Documents/VR Projects/CoralLabV1 5.0/Content/LevelPrototyping/Textures/T_Hologrid.uasset" 820
"E:/Documents/VR Projects/CoralLabV1 5.0/Content/LevelPrototyping/Textures/T_Hologrid.uexp" 821
"../../../Engine/Content/Functions/Engine_MaterialFunctions01/Gradient/LinearGradient.uasset" 822
"../../../Engine/Content/Functions/Engine_MaterialFunctions01/Gradient/LinearGradient.uexp" 823
"../../../Engine/Content/Functions/Engine_MaterialFunctions01/ImageAdjustment/CheapContrast.uasset" 824
"../../../Engine/Content/Functions/Engine_MaterialFunctions01/ImageAdjustment/CheapContrast.uexp" 825
"../../../Engine/Content/Functions/Engine_MaterialFunctions01/Texturing/WorldAlignedTexture.uasset" 826
"../../../Engine/Content/Functions/Engine_MaterialFunctions01/Texturing/WorldAlignedTexture.uexp" 827
"E:/Documents/VR Projects/CoralLabV1 5.0/Content/LevelPrototyping/Materials/M_PrototypeGrid.uasset" 828
"E:/Documents/VR Projects/CoralLabV1 5.0/Content/LevelPrototyping/Materials/M_PrototypeGrid.uexp" 829
"E:/Documents/VR Projects/CoralLabV1 5.0/Content/LevelPrototyping/Materials/MI_PrototypeGrid_Gray.uasset" 830
"E:/Documents/VR Projects/CoralLabV1 5.0/Content/LevelPrototyping/Materials/MI_PrototypeGrid_Gray.uexp" 831
"E:/Documents/VR Projects/CoralLabV1 5.0/Content/LevelPrototyping/Meshes/SM_Cube.uasset" 832
"E:/Documents/VR Projects/CoralLabV1 5.0/Content/LevelPrototyping/Meshes/SM_Cube.uexp" 833
"../../../Engine/Plugins/FX/Niagara/Content/DynamicInputs/Helpers/SimulationPosition.uasset" 834
"../../../Engine/Plugins/FX/Niagara/Content/DynamicInputs/Helpers/SimulationPosition.uexp" 835
"../../../Engine/Plugins/FX/Niagara/Content/Functions/Localspace/TransformPosition.uasset" 836
"../../../Engine/Plugins/FX/Niagara/Content/Functions/Localspace/TransformPosition.uexp" 837
"../../../Engine/Plugins/FX/Niagara/Content/Modules/Beams/BeamEmitterSetup.uasset" 838
"../../../Engine/Plugins/FX/Niagara/Content/Modules/Beams/BeamEmitterSetup.uexp" 839
"../../../Engine/Plugins/FX/Niagara/Content/Modules/Spawn/Initialization/InitializeParticle.uasset" 840
"../../../Engine/Plugins/FX/Niagara/Content/Modules/Spawn/Initialization/InitializeParticle.uexp" 841
"../../../Engine/Plugins/FX/Niagara/Content/Icons/Modules/T_Icon_Solver_LimitSpeed.uasset" 842
"../../../Engine/Plugins/FX/Niagara/Content/Icons/Modules/T_Icon_Solver_LimitSpeed.uexp" 843
"../../../Engine/Plugins/FX/Niagara/Content/Modules/Solvers/ApplyRotationVector.uasset" 844
"../../../Engine/Plugins/FX/Niagara/Content/Modules/Solvers/ApplyRotationVector.uexp" 845
"../../../Engine/Plugins/FX/Niagara/Content/Icons/Modules/T_Icon_Solver_RotationalSolve.uasset" 846
"../../../Engine/Plugins/FX/Niagara/Content/Icons/Modules/T_Icon_Solver_RotationalSolve.uexp" 847
"../../../Engine/Plugins/FX/Niagara/Content/Icons/Modules/T_Icon_Solver_LimitAccel.uasset" 848
"../../../Engine/Plugins/FX/Niagara/Content/Icons/Modules/T_Icon_Solver_LimitAccel.uexp" 849
"../../../Engine/Plugins/FX/Niagara/Content/Modules/Solvers/SolveForcesAndVelocity.uasset" 850
"../../../Engine/Plugins/FX/Niagara/Content/Modules/Solvers/SolveForcesAndVelocity.uexp" 851
"../../../Engine/Plugins/FX/Niagara/Content/Functions/Spline/FindPositionOnBezierSpline.uasset" 852
"../../../Engine/Plugins/FX/Niagara/Content/Functions/Spline/FindPositionOnBezierSpline.uexp" 853
"../../../Engine/Plugins/FX/Niagara/Content/Modules/Beams/SpawnBeam.uasset" 854
"../../../Engine/Plugins/FX/Niagara/Content/Modules/Beams/SpawnBeam.uexp" 855
"../../../Engine/Plugins/FX/Niagara/Content/Modules/Beams/BeamWidth.uasset" 856
"../../../Engine/Plugins/FX/Niagara/Content/Modules/Beams/BeamWidth.uexp" 857
"E:/Documents/VR Projects/CoralLabV1 5.0/Content/VRTemplate/Materials/DefaultRibbonMaterial_NoGradient.uasset" 858
"E:/Documents/VR Projects/CoralLabV1 5.0/Content/VRTemplate/Materials/DefaultRibbonMaterial_NoGradient.uexp" 859
"../../../Engine/Plugins/FX/Niagara/Content/DynamicInputs/ValueFromCurve/FloatFromCurve.uasset" 860
"../../../Engine/Plugins/FX/Niagara/Content/DynamicInputs/ValueFromCurve/FloatFromCurve.uexp" 861
"../../../Engine/Plugins/FX/Niagara/Content/Modules/Update/Color/Color.uasset" 862
"../../../Engine/Plugins/FX/Niagara/Content/Modules/Update/Color/Color.uexp" 863
"../../../Engine/Plugins/FX/Niagara/Content/DynamicInputs/ValueFromCurve/ColorFromCurve.uasset" 864
"../../../Engine/Plugins/FX/Niagara/Content/DynamicInputs/ValueFromCurve/ColorFromCurve.uexp" 865
"E:/Documents/VR Projects/CoralLabV1 5.0/Content/VRTemplate/VFX/NS_TeleportTrace.uasset" 866
"E:/Documents/VR Projects/CoralLabV1 5.0/Content/VRTemplate/VFX/NS_TeleportTrace.uexp" 867
"E:/Documents/VR Projects/CoralLabV1 5.0/Content/My_Stuff/Materials/ED_Red.uasset" 868
"E:/Documents/VR Projects/CoralLabV1 5.0/Content/My_Stuff/Materials/ED_Red.uexp" 869
"E:/Documents/VR Projects/CoralLabV1 5.0/Content/VRTemplate/VFX/NS_MenuLaser.uasset" 870
"E:/Documents/VR Projects/CoralLabV1 5.0/Content/VRTemplate/VFX/NS_MenuLaser.uexp" 871
"E:/Documents/VR Projects/CoralLabV1 5.0/Content/VRTemplate/Blueprints/WidgetMenu.uasset" 872
"E:/Documents/VR Projects/CoralLabV1 5.0/Content/VRTemplate/Blueprints/WidgetMenu.uexp" 873
"../../../Engine/Content/BasicShapes/Sphere.uasset" 874
"../../../Engine/Content/BasicShapes/Sphere.uexp" 875
"E:/Documents/VR Projects/CoralLabV1 5.0/Content/VRTemplate/Materials/M_VRCursor.uasset" 876
"E:/Documents/VR Projects/CoralLabV1 5.0/Content/VRTemplate/Materials/M_VRCursor.uexp" 877
"E:/Documents/VR Projects/CoralLabV1 5.0/Content/VRTemplate/Blueprints/Menu.uasset" 878
"E:/Documents/VR Projects/CoralLabV1 5.0/Content/VRTemplate/Blueprints/Menu.uexp" 879
"E:/Documents/VR Projects/CoralLabV1 5.0/Content/VRTemplate/Blueprints/VRPawn.uasset" 880
"E:/Documents/VR Projects/CoralLabV1 5.0/Content/VRTemplate/Blueprints/VRPawn.uexp" 881
"E:/Documents/VR Projects/CoralLabV1 5.0/Content/VRTemplate/Blueprints/VRGameMode.uasset" 882
"E:/Documents/VR Projects/CoralLabV1 5.0/Content/VRTemplate/Blueprints/VRGameMode.uexp" 883
"E:/Documents/VR Projects/CoralLabV1 5.0/Content/My_Stuff/Assets/ED_25_Hsu_et_al___2020__TCRS.uasset" 884
"E:/Documents/VR Projects/CoralLabV1 5.0/Content/My_Stuff/Assets/ED_25_Hsu_et_al___2020__TCRS.uexp" 885
"E:/Documents/VR Projects/CoralLabV1 5.0/Content/My_Stuff/Assets/ED_25_Hsu_et_al___2020__TCRS_Mat.uasset" 886
"E:/Documents/VR Projects/CoralLabV1 5.0/Content/My_Stuff/Assets/ED_25_Hsu_et_al___2020__TCRS_Mat.uexp" 887
"E:/Documents/VR Projects/CoralLabV1 5.0/Content/My_Stuff/Maps/_GENERATED/edani/Boolean_3D009920.uasset" 888
"E:/Documents/VR Projects/CoralLabV1 5.0/Content/My_Stuff/Maps/_GENERATED/edani/Boolean_3D009920.uexp" 889
"E:/Documents/VR Projects/CoralLabV1 5.0/Content/My_Stuff/Maps/_GENERATED/edani/Cylinder_7C1170B1.uasset" 890
"E:/Documents/VR Projects/CoralLabV1 5.0/Content/My_Stuff/Maps/_GENERATED/edani/Cylinder_7C1170B1.uexp" 891
"E:/Documents/VR Projects/CoralLabV1 5.0/Content/My_Stuff/Assets/19149_orig.uasset" 892
"E:/Documents/VR Projects/CoralLabV1 5.0/Content/My_Stuff/Assets/19149_orig.uexp" 893
"E:/Documents/VR Projects/CoralLabV1 5.0/Content/My_Stuff/Assets/19149_orig_Mat.uasset" 894
"E:/Documents/VR Projects/CoralLabV1 5.0/Content/My_Stuff/Assets/19149_orig_Mat.uexp" 895
"E:/Documents/VR Projects/CoralLabV1 5.0/Content/My_Stuff/Maps/_GENERATED/edani/Boolean_F20675CD.uasset" 896
"E:/Documents/VR Projects/CoralLabV1 5.0/Content/My_Stuff/Maps/_GENERATED/edani/Boolean_F20675CD.uexp" 897
"E:/Documents/VR Projects/CoralLabV1 5.0/Content/My_Stuff/Assets/4359940_orig.uasset" 898
"E:/Documents/VR Projects/CoralLabV1 5.0/Content/My_Stuff/Assets/4359940_orig.uexp" 899
"E:/Documents/VR Projects/CoralLabV1 5.0/Content/My_Stuff/Assets/4359940_orig_Mat.uasset" 900
"E:/Documents/VR Projects/CoralLabV1 5.0/Content/My_Stuff/Assets/4359940_orig_Mat.uexp" 901
"../../../Engine/Content/BasicShapes/BasicShapeMaterial.uasset" 902
"../../../Engine/Content/BasicShapes/BasicShapeMaterial.uexp" 903
"E:/Documents/VR Projects/CoralLabV1 5.0/Content/My_Stuff/Assets/vanessa-land_1_orig.uasset" 904
"E:/Documents/VR Projects/CoralLabV1 5.0/Content/My_Stuff/Assets/vanessa-land_1_orig.uexp" 905
"E:/Documents/VR Projects/CoralLabV1 5.0/Content/My_Stuff/Assets/vanessa-land_1_orig_Mat.uasset" 906
"E:/Documents/VR Projects/CoralLabV1 5.0/Content/My_Stuff/Assets/vanessa-land_1_orig_Mat.uexp" 907
"E:/Documents/VR Projects/CoralLabV1 5.0/Content/My_Stuff/Assets/vicky-land_1_orig.uasset" 908
"E:/Documents/VR Projects/CoralLabV1 5.0/Content/My_Stuff/Assets/vicky-land_1_orig.uexp" 909
"E:/Documents/VR Projects/CoralLabV1 5.0/Content/My_Stuff/Assets/vicky-land_1_orig_Mat.uasset" 910
"E:/Documents/VR Projects/CoralLabV1 5.0/Content/My_Stuff/Assets/vicky-land_1_orig_Mat.uexp" 911
"../../../Engine/Content/BasicShapes/Plane.uasset" 912
"../../../Engine/Content/BasicShapes/Plane.uexp" 913
"E:/Documents/VR Projects/CoralLabV1 5.0/Content/VirtualRealityBP/Maps/_GENERATED/edani/Merge_2B2F2628.uasset" 914
"E:/Documents/VR Projects/CoralLabV1 5.0/Content/VirtualRealityBP/Maps/_GENERATED/edani/Merge_2B2F2628.uexp" 915
"E:/Documents/VR Projects/CoralLabV1 5.0/Content/My_Stuff/Assets/Eric_Liu.uasset" 916
"E:/Documents/VR Projects/CoralLabV1 5.0/Content/My_Stuff/Assets/Eric_Liu.uexp" 917
"E:/Documents/VR Projects/CoralLabV1 5.0/Content/My_Stuff/Assets/Eric_Liu_Mat.uasset" 918
"E:/Documents/VR Projects/CoralLabV1 5.0/Content/My_Stuff/Assets/Eric_Liu_Mat.uexp" 919
"E:/Documents/VR Projects/CoralLabV1 5.0/Content/My_Stuff/Assets/ED_Fish_assemblage_and_bioeroder_interactions_with_coral_reefs_.uasset" 920
"E:/Documents/VR Projects/CoralLabV1 5.0/Content/My_Stuff/Assets/ED_Fish_assemblage_and_bioeroder_interactions_with_coral_reefs_.uexp" 921
"E:/Documents/VR Projects/CoralLabV1 5.0/Content/My_Stuff/Assets/ED_Fish_assemblage_and_bioeroder_interactions_with_coral_reefs__Mat.uasset" 922
"E:/Documents/VR Projects/CoralLabV1 5.0/Content/My_Stuff/Assets/ED_Fish_assemblage_and_bioeroder_interactions_with_coral_reefs__Mat.uexp" 923
"E:/Documents/VR Projects/CoralLabV1 5.0/Content/My_Stuff/Materials/ED_Walls1_Inst.uasset" 924
"E:/Documents/VR Projects/CoralLabV1 5.0/Content/My_Stuff/Materials/ED_Walls1_Inst.uexp" 925
"E:/Documents/VR Projects/CoralLabV1 5.0/Content/My_Stuff/Assets/valonia-ventricosa-2.uasset" 926
"E:/Documents/VR Projects/CoralLabV1 5.0/Content/My_Stuff/Assets/valonia-ventricosa-2.uexp" 927
"E:/Documents/VR Projects/CoralLabV1 5.0/Content/My_Stuff/Assets/valonia-ventricosa-2_Mat.uasset" 928
"E:/Documents/VR Projects/CoralLabV1 5.0/Content/My_Stuff/Assets/valonia-ventricosa-2_Mat.uexp" 929
"E:/Documents/VR Projects/CoralLabV1 5.0/Content/My_Stuff/Assets/suberea-sp.uasset" 930
"E:/Documents/VR Projects/CoralLabV1 5.0/Content/My_Stuff/Assets/suberea-sp.uexp" 931
"E:/Documents/VR Projects/CoralLabV1 5.0/Content/My_Stuff/Assets/suberea-sp_Mat.uasset" 932
"E:/Documents/VR Projects/CoralLabV1 5.0/Content/My_Stuff/Assets/suberea-sp_Mat.uexp" 933
"../../../Engine/Content/MapTemplates/Materials/BasicAsset03.uasset" 934
"../../../Engine/Content/MapTemplates/Materials/BasicAsset03.uexp" 935
"E:/Documents/VR Projects/CoralLabV1 5.0/Content/My_Stuff/Assets/xestospongia-testudinaria-3_1.uasset" 936
"E:/Documents/VR Projects/CoralLabV1 5.0/Content/My_Stuff/Assets/xestospongia-testudinaria-3_1.uexp" 937
"E:/Documents/VR Projects/CoralLabV1 5.0/Content/My_Stuff/Assets/xestospongia-testudinaria-3_1_Mat.uasset" 938
"E:/Documents/VR Projects/CoralLabV1 5.0/Content/My_Stuff/Assets/xestospongia-testudinaria-3_1_Mat.uexp" 939
"E:/Documents/VR Projects/CoralLabV1 5.0/Content/My_Stuff/Assets/ED_25_20210116_abstract_coral_reef_society_conference_vicky.uasset" 940
"E:/Documents/VR Projects/CoralLabV1 5.0/Content/My_Stuff/Assets/ED_25_20210116_abstract_coral_reef_society_conference_vicky.uexp" 941
"E:/Documents/VR Projects/CoralLabV1 5.0/Content/My_Stuff/Assets/ED_25_20210116_abstract_coral_reef_society_conference_vicky_Mat.uasset" 942
"E:/Documents/VR Projects/CoralLabV1 5.0/Content/My_Stuff/Assets/ED_25_20210116_abstract_coral_reef_society_conference_vicky_Mat.uexp" 943
"E:/Documents/VR Projects/CoralLabV1 5.0/Content/My_Stuff/Assets/1623167.uasset" 944
"E:/Documents/VR Projects/CoralLabV1 5.0/Content/My_Stuff/Assets/1623167.uexp" 945
"E:/Documents/VR Projects/CoralLabV1 5.0/Content/My_Stuff/Assets/1623167_Mat.uasset" 946
"E:/Documents/VR Projects/CoralLabV1 5.0/Content/My_Stuff/Assets/1623167_Mat.uexp" 947
"E:/Documents/VR Projects/CoralLabV1 5.0/Content/Mannequin/Character/Mesh/SK_Mannequin_PhysicsAsset.uasset" 948
"E:/Documents/VR Projects/CoralLabV1 5.0/Content/Mannequin/Character/Mesh/SK_Mannequin_PhysicsAsset.uexp" 949
"E:/Documents/VR Projects/CoralLabV1 5.0/Content/Mannequin/Character/Mesh/SK_Mannequin.uasset" 950
"E:/Documents/VR Projects/CoralLabV1 5.0/Content/Mannequin/Character/Mesh/SK_Mannequin.uexp" 951
"E:/Documents/VR Projects/CoralLabV1 5.0/Content/My_Stuff/Assets/acanthalla-cavernosa.uasset" 952
"E:/Documents/VR Projects/CoralLabV1 5.0/Content/My_Stuff/Assets/acanthalla-cavernosa.uexp" 953
"E:/Documents/VR Projects/CoralLabV1 5.0/Content/My_Stuff/Assets/acanthalla-cavernosa_Mat.uasset" 954
"E:/Documents/VR Projects/CoralLabV1 5.0/Content/My_Stuff/Assets/acanthalla-cavernosa_Mat.uexp" 955
"E:/Documents/VR Projects/CoralLabV1 5.0/Content/My_Stuff/Maps/CoralLab_Low.uexp" 956
"E:/Documents/VR Projects/CoralLabV1 5.0/Content/My_Stuff/Maps/CoralLab_Low.umap" 957
"../../../Engine/Content/Maps/Entry_BuiltData.uasset" 958
"../../../Engine/Content/Maps/Entry_BuiltData.uexp" 959
"../../../Engine/Content/Maps/Entry.uexp" 960
"../../../Engine/Content/Maps/Entry.umap" 961
